Classic Timing Analyzer report for ALU
Fri May 08 13:59:55 2009
Quartus II Version 8.1 Build 163 10/28/2008 SJ Web Edition


---------------------
; Table of Contents ;
---------------------
  1. Legal Notice
  2. Timing Analyzer Summary
  3. Timing Analyzer Settings
  4. tpd
  5. Timing Analyzer Messages



----------------
; Legal Notice ;
----------------
Copyright (C) 1991-2008 Altera Corporation
Your use of Altera Corporation's design tools, logic functions 
and other software and tools, and its AMPP partner logic 
functions, and any output files from any of the foregoing 
(including device programming or simulation files), and any 
associated documentation or information are expressly subject 
to the terms and conditions of the Altera Program License 
Subscription Agreement, Altera MegaCore Function License 
Agreement, or other applicable license agreement, including, 
without limitation, that your use is for the sole purpose of 
programming logic devices manufactured by Altera and sold by 
Altera or its authorized distributors.  Please refer to the 
applicable agreement for further details.



+--------------------------------------------------------------------------------------------------------------------------+
; Timing Analyzer Summary                                                                                                  ;
+------------------------------+-------+---------------+-------------+------+-------+------------+----------+--------------+
; Type                         ; Slack ; Required Time ; Actual Time ; From ; To    ; From Clock ; To Clock ; Failed Paths ;
+------------------------------+-------+---------------+-------------+------+-------+------------+----------+--------------+
; Worst-case tpd               ; N/A   ; None          ; 35.895 ns   ; B[1] ; CC[0] ; --         ; --       ; 0            ;
; Total number of failed paths ;       ;               ;             ;      ;       ;            ;          ; 0            ;
+------------------------------+-------+---------------+-------------+------+-------+------------+----------+--------------+


+--------------------------------------------------------------------------------------------------------------------+
; Timing Analyzer Settings                                                                                           ;
+---------------------------------------------------------------------+--------------------+------+----+-------------+
; Option                                                              ; Setting            ; From ; To ; Entity Name ;
+---------------------------------------------------------------------+--------------------+------+----+-------------+
; Device Name                                                         ; EP1C6Q240C8        ;      ;    ;             ;
; Timing Models                                                       ; Final              ;      ;    ;             ;
; Default hold multicycle                                             ; Same as Multicycle ;      ;    ;             ;
; Cut paths between unrelated clock domains                           ; On                 ;      ;    ;             ;
; Cut off read during write signal paths                              ; On                 ;      ;    ;             ;
; Cut off feedback from I/O pins                                      ; On                 ;      ;    ;             ;
; Report Combined Fast/Slow Timing                                    ; Off                ;      ;    ;             ;
; Ignore Clock Settings                                               ; Off                ;      ;    ;             ;
; Analyze latches as synchronous elements                             ; On                 ;      ;    ;             ;
; Enable Recovery/Removal analysis                                    ; Off                ;      ;    ;             ;
; Enable Clock Latency                                                ; Off                ;      ;    ;             ;
; Use TimeQuest Timing Analyzer                                       ; Off                ;      ;    ;             ;
; Minimum Core Junction Temperature                                   ; 0                  ;      ;    ;             ;
; Maximum Core Junction Temperature                                   ; 85                 ;      ;    ;             ;
; Number of source nodes to report per destination node               ; 10                 ;      ;    ;             ;
; Number of destination nodes to report                               ; 10                 ;      ;    ;             ;
; Number of paths to report                                           ; 200                ;      ;    ;             ;
; Report Minimum Timing Checks                                        ; Off                ;      ;    ;             ;
; Use Fast Timing Models                                              ; Off                ;      ;    ;             ;
; Report IO Paths Separately                                          ; Off                ;      ;    ;             ;
; Perform Multicorner Analysis                                        ; Off                ;      ;    ;             ;
; Reports the worst-case path for each clock domain and analysis      ; Off                ;      ;    ;             ;
; Removes common clock path pessimism (CCPP) during slack computation ; Off                ;      ;    ;             ;
; Output I/O Timing Endpoint                                          ; Near End           ;      ;    ;             ;
+---------------------------------------------------------------------+--------------------+------+----+-------------+


+----------------------------------------------------------------------------------------------------------------------------------+
; tpd                                                                                                                              ;
+-----------------------------------------+-----------------------------------------------------+-----------------+-------+--------+
; Slack                                   ; Required P2P Time                                   ; Actual P2P Time ; From  ; To     ;
+-----------------------------------------+-----------------------------------------------------+-----------------+-------+--------+
; N/A                                     ; None                                                ; 35.895 ns       ; B[1]  ; CC[0]  ;
; N/A                                     ; None                                                ; 35.355 ns       ; B[3]  ; CC[0]  ;
; N/A                                     ; None                                                ; 35.093 ns       ; B[8]  ; CC[0]  ;
; N/A                                     ; None                                                ; 34.931 ns       ; B[2]  ; CC[0]  ;
; N/A                                     ; None                                                ; 34.461 ns       ; B[0]  ; CC[0]  ;
; N/A                                     ; None                                                ; 34.332 ns       ; B[4]  ; CC[0]  ;
; N/A                                     ; None                                                ; 34.311 ns       ; B[9]  ; CC[0]  ;
; N/A                                     ; None                                                ; 34.213 ns       ; B[7]  ; CC[0]  ;
; N/A                                     ; None                                                ; 33.928 ns       ; B[6]  ; CC[0]  ;
; N/A                                     ; None                                                ; 33.869 ns       ; B[5]  ; CC[0]  ;
; N/A                                     ; None                                                ; 33.720 ns       ; B[13] ; CC[0]  ;
; N/A                                     ; None                                                ; 33.703 ns       ; B[11] ; CC[0]  ;
; N/A                                     ; None                                                ; 33.616 ns       ; A[7]  ; CC[0]  ;
; N/A                                     ; None                                                ; 33.386 ns       ; A[5]  ; CC[0]  ;
; N/A                                     ; None                                                ; 33.048 ns       ; B[10] ; CC[0]  ;
; N/A                                     ; None                                                ; 32.749 ns       ; A[6]  ; CC[0]  ;
; N/A                                     ; None                                                ; 32.376 ns       ; B[12] ; CC[0]  ;
; N/A                                     ; None                                                ; 32.354 ns       ; A[1]  ; CC[0]  ;
; N/A                                     ; None                                                ; 32.336 ns       ; A[0]  ; CC[0]  ;
; N/A                                     ; None                                                ; 32.302 ns       ; A[13] ; CC[0]  ;
; N/A                                     ; None                                                ; 32.229 ns       ; A[2]  ; CC[0]  ;
; N/A                                     ; None                                                ; 32.152 ns       ; A[4]  ; CC[0]  ;
; N/A                                     ; None                                                ; 32.139 ns       ; A[9]  ; CC[0]  ;
; N/A                                     ; None                                                ; 32.036 ns       ; A[10] ; CC[0]  ;
; N/A                                     ; None                                                ; 32.020 ns       ; A[11] ; CC[0]  ;
; N/A                                     ; None                                                ; 31.461 ns       ; A[3]  ; CC[0]  ;
; N/A                                     ; None                                                ; 31.418 ns       ; A[15] ; CC[0]  ;
; N/A                                     ; None                                                ; 31.332 ns       ; B[14] ; CC[0]  ;
; N/A                                     ; None                                                ; 30.554 ns       ; A[12] ; CC[0]  ;
; N/A                                     ; None                                                ; 29.890 ns       ; A[14] ; CC[0]  ;
; N/A                                     ; None                                                ; 29.413 ns       ; A[8]  ; CC[0]  ;
; N/A                                     ; None                                                ; 29.264 ns       ; B[8]  ; OF[11] ;
; N/A                                     ; None                                                ; 29.237 ns       ; B[1]  ; OF[11] ;
; N/A                                     ; None                                                ; 29.062 ns       ; B[13] ; OF[11] ;
; N/A                                     ; None                                                ; 29.061 ns       ; B[3]  ; OF[11] ;
; N/A                                     ; None                                                ; 28.920 ns       ; B[1]  ; Z[12]  ;
; N/A                                     ; None                                                ; 28.883 ns       ; B[8]  ; OF[9]  ;
; N/A                                     ; None                                                ; 28.874 ns       ; B[8]  ; OF[7]  ;
; N/A                                     ; None                                                ; 28.754 ns       ; B[8]  ; OF[4]  ;
; N/A                                     ; None                                                ; 28.739 ns       ; B[1]  ; OF[9]  ;
; N/A                                     ; None                                                ; 28.681 ns       ; B[13] ; OF[9]  ;
; N/A                                     ; None                                                ; 28.673 ns       ; B[8]  ; OF[6]  ;
; N/A                                     ; None                                                ; 28.672 ns       ; B[13] ; OF[7]  ;
; N/A                                     ; None                                                ; 28.642 ns       ; B[2]  ; OF[11] ;
; N/A                                     ; None                                                ; 28.639 ns       ; B[8]  ; OF[8]  ;
; N/A                                     ; None                                                ; 28.638 ns       ; B[1]  ; OF[15] ;
; N/A                                     ; None                                                ; 28.638 ns       ; B[1]  ; CC[1]  ;
; N/A                                     ; None                                                ; 28.630 ns       ; B[1]  ; CC[2]  ;
; N/A                                     ; None                                                ; 28.613 ns       ; B[1]  ; OF[12] ;
; N/A                                     ; None                                                ; 28.579 ns       ; B[8]  ; OF[10] ;
; N/A                                     ; None                                                ; 28.563 ns       ; B[3]  ; OF[9]  ;
; N/A                                     ; None                                                ; 28.560 ns       ; B[8]  ; OF[12] ;
; N/A                                     ; None                                                ; 28.552 ns       ; B[13] ; OF[4]  ;
; N/A                                     ; None                                                ; 28.502 ns       ; B[8]  ; OF[5]  ;
; N/A                                     ; None                                                ; 28.471 ns       ; B[13] ; OF[6]  ;
; N/A                                     ; None                                                ; 28.462 ns       ; B[3]  ; OF[15] ;
; N/A                                     ; None                                                ; 28.462 ns       ; B[3]  ; CC[1]  ;
; N/A                                     ; None                                                ; 28.454 ns       ; B[3]  ; CC[2]  ;
; N/A                                     ; None                                                ; 28.437 ns       ; B[3]  ; OF[12] ;
; N/A                                     ; None                                                ; 28.437 ns       ; B[1]  ; OF[10] ;
; N/A                                     ; None                                                ; 28.437 ns       ; B[13] ; OF[8]  ;
; N/A                                     ; None                                                ; 28.431 ns       ; B[8]  ; OF[15] ;
; N/A                                     ; None                                                ; 28.431 ns       ; B[8]  ; CC[1]  ;
; N/A                                     ; None                                                ; 28.423 ns       ; B[8]  ; CC[2]  ;
; N/A                                     ; None                                                ; 28.386 ns       ; B[1]  ; OF[7]  ;
; N/A                                     ; None                                                ; 28.380 ns       ; B[3]  ; Z[12]  ;
; N/A                                     ; None                                                ; 28.377 ns       ; B[13] ; OF[10] ;
; N/A                                     ; None                                                ; 28.368 ns       ; B[11] ; OF[11] ;
; N/A                                     ; None                                                ; 28.358 ns       ; B[13] ; OF[12] ;
; N/A                                     ; None                                                ; 28.300 ns       ; B[13] ; OF[5]  ;
; N/A                                     ; None                                                ; 28.288 ns       ; B[8]  ; OF[3]  ;
; N/A                                     ; None                                                ; 28.261 ns       ; B[3]  ; OF[10] ;
; N/A                                     ; None                                                ; 28.247 ns       ; B[1]  ; Z[11]  ;
; N/A                                     ; None                                                ; 28.231 ns       ; B[4]  ; OF[11] ;
; N/A                                     ; None                                                ; 28.229 ns       ; B[13] ; OF[15] ;
; N/A                                     ; None                                                ; 28.229 ns       ; B[13] ; CC[1]  ;
; N/A                                     ; None                                                ; 28.221 ns       ; B[13] ; CC[2]  ;
; N/A                                     ; None                                                ; 28.210 ns       ; B[3]  ; OF[7]  ;
; N/A                                     ; None                                                ; 28.151 ns       ; B[1]  ; OF[8]  ;
; N/A                                     ; None                                                ; 28.144 ns       ; B[2]  ; OF[9]  ;
; N/A                                     ; None                                                ; 28.118 ns       ; B[8]  ; Z[12]  ;
; N/A                                     ; None                                                ; 28.086 ns       ; B[13] ; OF[3]  ;
; N/A                                     ; None                                                ; 28.043 ns       ; B[2]  ; OF[15] ;
; N/A                                     ; None                                                ; 28.043 ns       ; B[2]  ; CC[1]  ;
; N/A                                     ; None                                                ; 28.035 ns       ; B[2]  ; CC[2]  ;
; N/A                                     ; None                                                ; 28.032 ns       ; A[13] ; OF[11] ;
; N/A                                     ; None                                                ; 28.020 ns       ; B[1]  ; OF[14] ;
; N/A                                     ; None                                                ; 28.018 ns       ; B[2]  ; OF[12] ;
; N/A                                     ; None                                                ; 28.001 ns       ; B[8]  ; Z[14]  ;
; N/A                                     ; None                                                ; 27.987 ns       ; B[11] ; OF[9]  ;
; N/A                                     ; None                                                ; 27.978 ns       ; B[11] ; OF[7]  ;
; N/A                                     ; None                                                ; 27.975 ns       ; B[3]  ; OF[8]  ;
; N/A                                     ; None                                                ; 27.956 ns       ; B[2]  ; Z[12]  ;
; N/A                                     ; None                                                ; 27.944 ns       ; B[1]  ; OF[13] ;
; N/A                                     ; None                                                ; 27.897 ns       ; B[10] ; OF[11] ;
; N/A                                     ; None                                                ; 27.880 ns       ; B[12] ; OF[11] ;
; N/A                                     ; None                                                ; 27.861 ns       ; B[9]  ; OF[11] ;
; N/A                                     ; None                                                ; 27.858 ns       ; B[11] ; OF[4]  ;
; N/A                                     ; None                                                ; 27.844 ns       ; B[3]  ; OF[14] ;
; N/A                                     ; None                                                ; 27.842 ns       ; B[2]  ; OF[10] ;
; N/A                                     ; None                                                ; 27.837 ns       ; B[1]  ; Z[13]  ;
; N/A                                     ; None                                                ; 27.825 ns       ; B[8]  ; OF[1]  ;
; N/A                                     ; None                                                ; 27.813 ns       ; B[8]  ; OF[14] ;
; N/A                                     ; None                                                ; 27.813 ns       ; B[1]  ; OF[4]  ;
; N/A                                     ; None                                                ; 27.811 ns       ; B[8]  ; OF[13] ;
; N/A                                     ; None                                                ; 27.791 ns       ; B[2]  ; OF[7]  ;
; N/A                                     ; None                                                ; 27.777 ns       ; B[11] ; OF[6]  ;
; N/A                                     ; None                                                ; 27.772 ns       ; B[0]  ; OF[11] ;
; N/A                                     ; None                                                ; 27.768 ns       ; B[3]  ; OF[13] ;
; N/A                                     ; None                                                ; 27.768 ns       ; B[5]  ; OF[11] ;
; N/A                                     ; None                                                ; 27.743 ns       ; B[11] ; OF[8]  ;
; N/A                                     ; None                                                ; 27.733 ns       ; B[4]  ; OF[9]  ;
; N/A                                     ; None                                                ; 27.732 ns       ; B[1]  ; OF[6]  ;
; N/A                                     ; None                                                ; 27.707 ns       ; B[3]  ; Z[11]  ;
; N/A                                     ; None                                                ; 27.683 ns       ; B[11] ; OF[10] ;
; N/A                                     ; None                                                ; 27.668 ns       ; B[9]  ; OF[4]  ;
; N/A                                     ; None                                                ; 27.664 ns       ; B[11] ; OF[12] ;
; N/A                                     ; None                                                ; 27.633 ns       ; B[8]  ; Z[13]  ;
; N/A                                     ; None                                                ; 27.632 ns       ; B[4]  ; OF[15] ;
; N/A                                     ; None                                                ; 27.632 ns       ; B[4]  ; CC[1]  ;
; N/A                                     ; None                                                ; 27.625 ns       ; B[8]  ; OF[2]  ;
; N/A                                     ; None                                                ; 27.624 ns       ; B[3]  ; OF[4]  ;
; N/A                                     ; None                                                ; 27.624 ns       ; B[4]  ; CC[2]  ;
; N/A                                     ; None                                                ; 27.611 ns       ; B[13] ; OF[14] ;
; N/A                                     ; None                                                ; 27.609 ns       ; B[13] ; OF[13] ;
; N/A                                     ; None                                                ; 27.607 ns       ; B[4]  ; OF[12] ;
; N/A                                     ; None                                                ; 27.606 ns       ; B[11] ; OF[5]  ;
; N/A                                     ; None                                                ; 27.562 ns       ; B[6]  ; OF[11] ;
; N/A                                     ; None                                                ; 27.562 ns       ; B[3]  ; OF[6]  ;
; N/A                                     ; None                                                ; 27.561 ns       ; B[1]  ; OF[5]  ;
; N/A                                     ; None                                                ; 27.556 ns       ; B[2]  ; OF[8]  ;
; N/A                                     ; None                                                ; 27.535 ns       ; B[11] ; OF[15] ;
; N/A                                     ; None                                                ; 27.535 ns       ; B[11] ; CC[1]  ;
; N/A                                     ; None                                                ; 27.534 ns       ; A[13] ; OF[9]  ;
; N/A                                     ; None                                                ; 27.527 ns       ; B[11] ; CC[2]  ;
; N/A                                     ; None                                                ; 27.516 ns       ; B[10] ; OF[9]  ;
; N/A                                     ; None                                                ; 27.507 ns       ; B[10] ; OF[7]  ;
; N/A                                     ; None                                                ; 27.499 ns       ; B[12] ; OF[9]  ;
; N/A                                     ; None                                                ; 27.490 ns       ; B[12] ; OF[7]  ;
; N/A                                     ; None                                                ; 27.486 ns       ; B[0]  ; Z[12]  ;
; N/A                                     ; None                                                ; 27.480 ns       ; B[9]  ; OF[9]  ;
; N/A                                     ; None                                                ; 27.471 ns       ; B[9]  ; OF[7]  ;
; N/A                                     ; None                                                ; 27.462 ns       ; B[1]  ; Z[14]  ;
; N/A                                     ; None                                                ; 27.433 ns       ; A[13] ; OF[15] ;
; N/A                                     ; None                                                ; 27.433 ns       ; A[13] ; CC[1]  ;
; N/A                                     ; None                                                ; 27.431 ns       ; B[4]  ; OF[10] ;
; N/A                                     ; None                                                ; 27.425 ns       ; B[2]  ; OF[14] ;
; N/A                                     ; None                                                ; 27.425 ns       ; A[13] ; CC[2]  ;
; N/A                                     ; None                                                ; 27.416 ns       ; B[7]  ; OF[11] ;
; N/A                                     ; None                                                ; 27.410 ns       ; B[3]  ; Z[13]  ;
; N/A                                     ; None                                                ; 27.408 ns       ; A[13] ; OF[12] ;
; N/A                                     ; None                                                ; 27.392 ns       ; B[11] ; OF[3]  ;
; N/A                                     ; None                                                ; 27.387 ns       ; B[10] ; OF[4]  ;
; N/A                                     ; None                                                ; 27.380 ns       ; B[4]  ; OF[7]  ;
; N/A                                     ; None                                                ; 27.372 ns       ; B[3]  ; OF[5]  ;
; N/A                                     ; None                                                ; 27.370 ns       ; B[12] ; OF[4]  ;
; N/A                                     ; None                                                ; 27.359 ns       ; B[8]  ; Z[15]  ;
; N/A                                     ; None                                                ; 27.357 ns       ; B[4]  ; Z[12]  ;
; N/A                                     ; None                                                ; 27.349 ns       ; B[2]  ; OF[13] ;
; N/A                                     ; None                                                ; 27.347 ns       ; B[1]  ; OF[3]  ;
; N/A                                     ; None                                                ; 27.336 ns       ; B[9]  ; Z[12]  ;
; N/A                                     ; None                                                ; 27.306 ns       ; B[10] ; OF[6]  ;
; N/A                                     ; None                                                ; 27.304 ns       ; B[9]  ; OF[15] ;
; N/A                                     ; None                                                ; 27.304 ns       ; B[9]  ; CC[1]  ;
; N/A                                     ; None                                                ; 27.296 ns       ; B[9]  ; CC[2]  ;
; N/A                                     ; None                                                ; 27.289 ns       ; B[12] ; OF[6]  ;
; N/A                                     ; None                                                ; 27.283 ns       ; B[2]  ; Z[11]  ;
; N/A                                     ; None                                                ; 27.277 ns       ; B[9]  ; OF[12] ;
; N/A                                     ; None                                                ; 27.274 ns       ; B[0]  ; OF[9]  ;
; N/A                                     ; None                                                ; 27.273 ns       ; B[9]  ; OF[6]  ;
; N/A                                     ; None                                                ; 27.272 ns       ; B[10] ; OF[8]  ;
; N/A                                     ; None                                                ; 27.270 ns       ; B[5]  ; OF[9]  ;
; N/A                                     ; None                                                ; 27.259 ns       ; B[8]  ; Z[11]  ;
; N/A                                     ; None                                                ; 27.255 ns       ; B[12] ; OF[8]  ;
; N/A                                     ; None                                                ; 27.238 ns       ; B[7]  ; Z[12]  ;
; N/A                                     ; None                                                ; 27.236 ns       ; B[9]  ; OF[8]  ;
; N/A                                     ; None                                                ; 27.235 ns       ; B[13] ; OF[2]  ;
; N/A                                     ; None                                                ; 27.232 ns       ; A[13] ; OF[10] ;
; N/A                                     ; None                                                ; 27.213 ns       ; B[8]  ; OF[0]  ;
; N/A                                     ; None                                                ; 27.212 ns       ; B[10] ; OF[10] ;
; N/A                                     ; None                                                ; 27.208 ns       ; B[9]  ; OF[3]  ;
; N/A                                     ; None                                                ; 27.195 ns       ; B[12] ; OF[10] ;
; N/A                                     ; None                                                ; 27.194 ns       ; B[9]  ; OF[5]  ;
; N/A                                     ; None                                                ; 27.193 ns       ; B[10] ; OF[12] ;
; N/A                                     ; None                                                ; 27.181 ns       ; B[6]  ; OF[9]  ;
; N/A                                     ; None                                                ; 27.181 ns       ; A[13] ; OF[7]  ;
; N/A                                     ; None                                                ; 27.176 ns       ; B[12] ; OF[12] ;
; N/A                                     ; None                                                ; 27.176 ns       ; B[9]  ; OF[10] ;
; N/A                                     ; None                                                ; 27.173 ns       ; B[0]  ; OF[15] ;
; N/A                                     ; None                                                ; 27.173 ns       ; B[0]  ; CC[1]  ;
; N/A                                     ; None                                                ; 27.172 ns       ; B[6]  ; OF[7]  ;
; N/A                                     ; None                                                ; 27.169 ns       ; B[5]  ; OF[15] ;
; N/A                                     ; None                                                ; 27.169 ns       ; B[5]  ; CC[1]  ;
; N/A                                     ; None                                                ; 27.165 ns       ; B[0]  ; CC[2]  ;
; N/A                                     ; None                                                ; 27.161 ns       ; B[5]  ; CC[2]  ;
; N/A                                     ; None                                                ; 27.158 ns       ; B[3]  ; OF[3]  ;
; N/A                                     ; None                                                ; 27.148 ns       ; B[0]  ; OF[12] ;
; N/A                                     ; None                                                ; 27.148 ns       ; A[15] ; OF[11] ;
; N/A                                     ; None                                                ; 27.145 ns       ; B[4]  ; OF[8]  ;
; N/A                                     ; None                                                ; 27.144 ns       ; B[5]  ; OF[12] ;
; Timing analysis restricted to 200 rows. ; To change the limit use Settings (Assignments menu) ;                 ;       ;        ;
+-----------------------------------------+-----------------------------------------------------+-----------------+-------+--------+


+--------------------------+
; Timing Analyzer Messages ;
+--------------------------+
Info: *******************************************************************
Info: Running Quartus II Classic Timing Analyzer
    Info: Version 8.1 Build 163 10/28/2008 SJ Web Edition
    Info: Processing started: Fri May 08 13:59:55 2009
Info: Command: quartus_tan --read_settings_files=off --write_settings_files=off ALU -c ALU --timing_analysis_only
Info: Longest tpd from source pin "B[1]" to destination pin "CC[0]" is 35.895 ns
    Info: 1: + IC(0.000 ns) + CELL(1.475 ns) = 1.475 ns; Loc. = PIN_76; Fanout = 9; PIN Node = 'B[1]'
    Info: 2: + IC(6.627 ns) + CELL(0.432 ns) = 8.534 ns; Loc. = LC_X11_Y10_N0; Fanout = 2; COMB Node = 'lpm_mult:Mult0|mult_nn01:auto_generated|cs1a[0]~COUTCOUT1_186'
    Info: 3: + IC(0.000 ns) + CELL(0.608 ns) = 9.142 ns; Loc. = LC_X11_Y10_N1; Fanout = 21; COMB Node = 'lpm_mult:Mult0|mult_nn01:auto_generated|cs1a[1]'
    Info: 4: + IC(2.123 ns) + CELL(0.590 ns) = 11.855 ns; Loc. = LC_X13_Y14_N2; Fanout = 3; COMB Node = 'lpm_mult:Mult0|mult_nn01:auto_generated|le4a[6]'
    Info: 5: + IC(1.692 ns) + CELL(0.575 ns) = 14.122 ns; Loc. = LC_X15_Y12_N5; Fanout = 2; COMB Node = 'lpm_mult:Mult0|mult_nn01:auto_generated|add24_result[2]~81COUT1_118'
    Info: 6: + IC(0.000 ns) + CELL(0.608 ns) = 14.730 ns; Loc. = LC_X15_Y12_N6; Fanout = 3; COMB Node = 'lpm_mult:Mult0|mult_nn01:auto_generated|add24_result[3]~94'
    Info: 7: + IC(0.718 ns) + CELL(0.575 ns) = 16.023 ns; Loc. = LC_X14_Y12_N7; Fanout = 2; COMB Node = 'lpm_mult:Mult0|mult_nn01:auto_generated|op_2~236COUT1_275'
    Info: 8: + IC(0.000 ns) + CELL(0.608 ns) = 16.631 ns; Loc. = LC_X14_Y12_N8; Fanout = 2; COMB Node = 'lpm_mult:Mult0|mult_nn01:auto_generated|op_2~227'
    Info: 9: + IC(1.558 ns) + CELL(0.718 ns) = 18.907 ns; Loc. = LC_X13_Y11_N4; Fanout = 6; COMB Node = 'lpm_mult:Mult0|mult_nn01:auto_generated|op_1~244'
    Info: 10: + IC(0.000 ns) + CELL(0.621 ns) = 19.528 ns; Loc. = LC_X13_Y11_N6; Fanout = 1; COMB Node = 'lpm_mult:Mult0|mult_nn01:auto_generated|op_1~247'
    Info: 11: + IC(1.591 ns) + CELL(0.590 ns) = 21.709 ns; Loc. = LC_X11_Y10_N9; Fanout = 1; COMB Node = 'Mux4~8'
    Info: 12: + IC(1.247 ns) + CELL(0.442 ns) = 23.398 ns; Loc. = LC_X12_Y8_N3; Fanout = 1; COMB Node = 'Mux4~9'
    Info: 13: + IC(0.405 ns) + CELL(0.442 ns) = 24.245 ns; Loc. = LC_X12_Y8_N2; Fanout = 2; COMB Node = 'Mux4'
    Info: 14: + IC(1.142 ns) + CELL(0.292 ns) = 25.679 ns; Loc. = LC_X10_Y8_N0; Fanout = 1; COMB Node = 'flags~831'
    Info: 15: + IC(1.511 ns) + CELL(0.590 ns) = 27.780 ns; Loc. = LC_X14_Y8_N4; Fanout = 1; COMB Node = 'flags~832'
    Info: 16: + IC(1.561 ns) + CELL(0.114 ns) = 29.455 ns; Loc. = LC_X11_Y9_N8; Fanout = 1; COMB Node = 'flags~833'
    Info: 17: + IC(0.725 ns) + CELL(0.590 ns) = 30.770 ns; Loc. = LC_X10_Y9_N3; Fanout = 1; COMB Node = 'flags~834'
    Info: 18: + IC(3.017 ns) + CELL(2.108 ns) = 35.895 ns; Loc. = PIN_213; Fanout = 0; PIN Node = 'CC[0]'
    Info: Total cell delay = 11.978 ns ( 33.37 % )
    Info: Total interconnect delay = 23.917 ns ( 66.63 % )
Info: Quartus II Classic Timing Analyzer was successful. 0 errors, 0 warnings
    Info: Peak virtual memory: 158 megabytes
    Info: Processing ended: Fri May 08 13:59:56 2009
    Info: Elapsed time: 00:00:01
    Info: Total CPU time (on all processors): 00:00:01


