Analysis & Synthesis report for ALU
Thu May 14 22:27:20 2009
Quartus II Version 8.1 Build 163 10/28/2008 SJ Web Edition


---------------------
; Table of Contents ;
---------------------
  1. Legal Notice
  2. Analysis & Synthesis Summary
  3. Analysis & Synthesis Settings
  4. Analysis & Synthesis Source Files Read
  5. Analysis & Synthesis Resource Usage Summary
  6. Analysis & Synthesis Resource Utilization by Entity
  7. General Register Statistics
  8. Multiplexer Restructuring Statistics (Restructuring Performed)
  9. Parameter Settings for Inferred Entity Instance: lpm_mult:Mult0
 10. lpm_mult Parameter Settings by Entity Instance
 11. Analysis & Synthesis Messages



----------------
; Legal Notice ;
----------------
Copyright (C) 1991-2008 Altera Corporation
Your use of Altera Corporation's design tools, logic functions 
and other software and tools, and its AMPP partner logic 
functions, and any output files from any of the foregoing 
(including device programming or simulation files), and any 
associated documentation or information are expressly subject 
to the terms and conditions of the Altera Program License 
Subscription Agreement, Altera MegaCore Function License 
Agreement, or other applicable license agreement, including, 
without limitation, that your use is for the sole purpose of 
programming logic devices manufactured by Altera and sold by 
Altera or its authorized distributors.  Please refer to the 
applicable agreement for further details.



+-----------------------------------------------------------------------+
; Analysis & Synthesis Summary                                          ;
+-----------------------------+-----------------------------------------+
; Analysis & Synthesis Status ; Successful - Thu May 14 22:27:20 2009   ;
; Quartus II Version          ; 8.1 Build 163 10/28/2008 SJ Web Edition ;
; Revision Name               ; ALU                                     ;
; Top-level Entity Name       ; ALU                                     ;
; Family                      ; Cyclone                                 ;
; Total logic elements        ; 473                                     ;
; Total pins                  ; 71                                      ;
; Total virtual pins          ; 0                                       ;
; Total memory bits           ; 0                                       ;
; Total PLLs                  ; 0                                       ;
+-----------------------------+-----------------------------------------+


+----------------------------------------------------------------------------------------------------------+
; Analysis & Synthesis Settings                                                                            ;
+----------------------------------------------------------------+--------------------+--------------------+
; Option                                                         ; Setting            ; Default Value      ;
+----------------------------------------------------------------+--------------------+--------------------+
; Device                                                         ; EP1C6Q240C8        ;                    ;
; Top-level entity name                                          ; ALU                ; ALU                ;
; Family name                                                    ; Cyclone            ; Stratix II         ;
; Use Generated Physical Constraints File                        ; Off                ;                    ;
; Use smart compilation                                          ; Off                ; Off                ;
; Restructure Multiplexers                                       ; Auto               ; Auto               ;
; Create Debugging Nodes for IP Cores                            ; Off                ; Off                ;
; Preserve fewer node names                                      ; On                 ; On                 ;
; Disable OpenCore Plus hardware evaluation                      ; Off                ; Off                ;
; Verilog Version                                                ; Verilog_2001       ; Verilog_2001       ;
; VHDL Version                                                   ; VHDL93             ; VHDL93             ;
; State Machine Processing                                       ; Auto               ; Auto               ;
; Safe State Machine                                             ; Off                ; Off                ;
; Extract Verilog State Machines                                 ; On                 ; On                 ;
; Extract VHDL State Machines                                    ; On                 ; On                 ;
; Ignore Verilog initial constructs                              ; Off                ; Off                ;
; Iteration limit for constant Verilog loops                     ; 5000               ; 5000               ;
; Iteration limit for non-constant Verilog loops                 ; 250                ; 250                ;
; Add Pass-Through Logic to Inferred RAMs                        ; On                 ; On                 ;
; Parallel Synthesis                                             ; Off                ; Off                ;
; NOT Gate Push-Back                                             ; On                 ; On                 ;
; Power-Up Don't Care                                            ; On                 ; On                 ;
; Remove Redundant Logic Cells                                   ; Off                ; Off                ;
; Remove Duplicate Registers                                     ; On                 ; On                 ;
; Ignore CARRY Buffers                                           ; Off                ; Off                ;
; Ignore CASCADE Buffers                                         ; Off                ; Off                ;
; Ignore GLOBAL Buffers                                          ; Off                ; Off                ;
; Ignore ROW GLOBAL Buffers                                      ; Off                ; Off                ;
; Ignore LCELL Buffers                                           ; Off                ; Off                ;
; Ignore SOFT Buffers                                            ; On                 ; On                 ;
; Limit AHDL Integers to 32 Bits                                 ; Off                ; Off                ;
; Optimization Technique                                         ; Balanced           ; Balanced           ;
; Carry Chain Length                                             ; 70                 ; 70                 ;
; Auto Carry Chains                                              ; On                 ; On                 ;
; Auto Open-Drain Pins                                           ; On                 ; On                 ;
; Perform WYSIWYG Primitive Resynthesis                          ; Off                ; Off                ;
; Perform gate-level register retiming                           ; Off                ; Off                ;
; Allow register retiming to trade off Tsu/Tco with Fmax         ; On                 ; On                 ;
; Auto ROM Replacement                                           ; On                 ; On                 ;
; Auto RAM Replacement                                           ; On                 ; On                 ;
; Auto Shift Register Replacement                                ; Auto               ; Auto               ;
; Auto Clock Enable Replacement                                  ; On                 ; On                 ;
; Strict RAM Replacement                                         ; Off                ; Off                ;
; Allow Synchronous Control Signals                              ; On                 ; On                 ;
; Force Use of Synchronous Clear Signals                         ; Off                ; Off                ;
; Auto RAM Block Balancing                                       ; On                 ; On                 ;
; Auto RAM to Logic Cell Conversion                              ; Off                ; Off                ;
; Auto Resource Sharing                                          ; Off                ; Off                ;
; Allow Any RAM Size For Recognition                             ; Off                ; Off                ;
; Allow Any ROM Size For Recognition                             ; Off                ; Off                ;
; Allow Any Shift Register Size For Recognition                  ; Off                ; Off                ;
; Use LogicLock Constraints during Resource Balancing            ; On                 ; On                 ;
; Ignore translate_off and synthesis_off directives              ; Off                ; Off                ;
; Show Parameter Settings Tables in Synthesis Report             ; On                 ; On                 ;
; Ignore Maximum Fan-Out Assignments                             ; Off                ; Off                ;
; Synchronization Register Chain Length                          ; 2                  ; 2                  ;
; PowerPlay Power Optimization                                   ; Normal compilation ; Normal compilation ;
; HDL message level                                              ; Level2             ; Level2             ;
; Suppress Register Optimization Related Messages                ; Off                ; Off                ;
; Number of Removed Registers Reported in Synthesis Report       ; 100                ; 100                ;
; Number of Inverted Registers Reported in Synthesis Report      ; 100                ; 100                ;
; Clock MUX Protection                                           ; On                 ; On                 ;
; Block Design Naming                                            ; Auto               ; Auto               ;
; Synthesis Effort                                               ; Auto               ; Auto               ;
; Allows Asynchronous Clear Usage For Shift Register Replacement ; On                 ; On                 ;
; Analysis & Synthesis Message Level                             ; Medium             ; Medium             ;
+----------------------------------------------------------------+--------------------+--------------------+


+------------------------------------------------------------------------------------------------------------------------------------------------------------------------------------------+
; Analysis & Synthesis Source Files Read                                                                                                                                                   ;
+----------------------------------+-----------------+------------------------------+------------------------------------------------------------------------------------------------------+
; File Name with User-Entered Path ; Used in Netlist ; File Type                    ; File Name with Absolute Path                                                                         ;
+----------------------------------+-----------------+------------------------------+------------------------------------------------------------------------------------------------------+
; ALU.v                            ; yes             ; User Verilog HDL File        ; C:/Users/Megan/Documents/Megan/Spring 2009/EECE 681/Project Files/050809 test files/ALU.v            ;
; lpm_mult.tdf                     ; yes             ; Megafunction                 ; c:/altera/81/quartus/libraries/megafunctions/lpm_mult.tdf                                            ;
; aglobal81.inc                    ; yes             ; Megafunction                 ; c:/altera/81/quartus/libraries/megafunctions/aglobal81.inc                                           ;
; lpm_add_sub.inc                  ; yes             ; Megafunction                 ; c:/altera/81/quartus/libraries/megafunctions/lpm_add_sub.inc                                         ;
; multcore.inc                     ; yes             ; Megafunction                 ; c:/altera/81/quartus/libraries/megafunctions/multcore.inc                                            ;
; bypassff.inc                     ; yes             ; Megafunction                 ; c:/altera/81/quartus/libraries/megafunctions/bypassff.inc                                            ;
; altshift.inc                     ; yes             ; Megafunction                 ; c:/altera/81/quartus/libraries/megafunctions/altshift.inc                                            ;
; db/mult_nn01.tdf                 ; yes             ; Auto-Generated Megafunction  ; C:/Users/Megan/Documents/Megan/Spring 2009/EECE 681/Project Files/050809 test files/db/mult_nn01.tdf ;
+----------------------------------+-----------------+------------------------------+------------------------------------------------------------------------------------------------------+


+----------------------------------------------------------+
; Analysis & Synthesis Resource Usage Summary              ;
+---------------------------------------------+------------+
; Resource                                    ; Usage      ;
+---------------------------------------------+------------+
; Total logic elements                        ; 473        ;
;     -- Combinational with no register       ; 473        ;
;     -- Register only                        ; 0          ;
;     -- Combinational with a register        ; 0          ;
;                                             ;            ;
; Logic element usage by number of LUT inputs ;            ;
;     -- 4 input functions                    ; 224        ;
;     -- 3 input functions                    ; 187        ;
;     -- 2 input functions                    ; 39         ;
;     -- 1 input functions                    ; 21         ;
;     -- 0 input functions                    ; 2          ;
;                                             ;            ;
; Logic elements by mode                      ;            ;
;     -- normal mode                          ; 282        ;
;     -- arithmetic mode                      ; 191        ;
;     -- qfbk mode                            ; 0          ;
;     -- register cascade mode                ; 0          ;
;     -- synchronous clear/load mode          ; 0          ;
;     -- asynchronous clear/load mode         ; 0          ;
;                                             ;            ;
; Total registers                             ; 0          ;
; Total logic cells in carry chains           ; 202        ;
; I/O pins                                    ; 71         ;
; Maximum fan-out node                        ; CONTROL[2] ;
; Maximum fan-out                             ; 79         ;
; Total fan-out                               ; 1591       ;
; Average fan-out                             ; 2.92       ;
+---------------------------------------------+------------+


+------------------------------------------------------------------------------------------------------------------------------------------------------------------------------------------------------------------------------------------------------+
; Analysis & Synthesis Resource Utilization by Entity                                                                                                                                                                                                  ;
+----------------------------------+-------------+--------------+-------------+------+--------------+--------------+-------------------+------------------+-----------------+------------+----------------------------------------------+--------------+
; Compilation Hierarchy Node       ; Logic Cells ; LC Registers ; Memory Bits ; Pins ; Virtual Pins ; LUT-Only LCs ; Register-Only LCs ; LUT/Register LCs ; Carry Chain LCs ; Packed LCs ; Full Hierarchy Name                          ; Library Name ;
+----------------------------------+-------------+--------------+-------------+------+--------------+--------------+-------------------+------------------+-----------------+------------+----------------------------------------------+--------------+
; |ALU                             ; 473 (127)   ; 0            ; 0           ; 71   ; 0            ; 473 (127)    ; 0 (0)             ; 0 (0)            ; 202 (17)        ; 0 (0)      ; |ALU                                         ; work         ;
;    |lpm_mult:Mult0|              ; 346 (0)     ; 0            ; 0           ; 0    ; 0            ; 346 (0)      ; 0 (0)             ; 0 (0)            ; 185 (0)         ; 0 (0)      ; |ALU|lpm_mult:Mult0                          ; work         ;
;       |mult_nn01:auto_generated| ; 346 (346)   ; 0            ; 0           ; 0    ; 0            ; 346 (346)    ; 0 (0)             ; 0 (0)            ; 185 (185)       ; 0 (0)      ; |ALU|lpm_mult:Mult0|mult_nn01:auto_generated ; work         ;
+----------------------------------+-------------+--------------+-------------+------+--------------+--------------+-------------------+------------------+-----------------+------------+----------------------------------------------+--------------+
Note: For table entries with two numbers listed, the numbers in parentheses indicate the number of resources of the given type used by the specific entity alone. The numbers listed outside of parentheses indicate the total resources of the given type used by the specific entity and all of its sub-entities in the hierarchy.


+------------------------------------------------------+
; General Register Statistics                          ;
+----------------------------------------------+-------+
; Statistic                                    ; Value ;
+----------------------------------------------+-------+
; Total registers                              ; 0     ;
; Number of registers using Synchronous Clear  ; 0     ;
; Number of registers using Synchronous Load   ; 0     ;
; Number of registers using Asynchronous Clear ; 0     ;
; Number of registers using Asynchronous Load  ; 0     ;
; Number of registers using Clock Enable       ; 0     ;
; Number of registers using Preset             ; 0     ;
+----------------------------------------------+-------+


+------------------------------------------------------------------------------------------------------------------------------------------+
; Multiplexer Restructuring Statistics (Restructuring Performed)                                                                           ;
+--------------------+-----------+---------------+----------------------+------------------------+------------+----------------------------+
; Multiplexer Inputs ; Bus Width ; Baseline Area ; Area if Restructured ; Saving if Restructured ; Registered ; Example Multiplexer Output ;
+--------------------+-----------+---------------+----------------------+------------------------+------------+----------------------------+
; 8:1                ; 15 bits   ; 75 LEs        ; 30 LEs               ; 45 LEs                 ; No         ; |ALU|Mux14                 ;
; 8:1                ; 14 bits   ; 70 LEs        ; 70 LEs               ; 0 LEs                  ; No         ; |ALU|Mux30                 ;
+--------------------+-----------+---------------+----------------------+------------------------+------------+----------------------------+


+----------------------------------------------------------------------------------+
; Parameter Settings for Inferred Entity Instance: lpm_mult:Mult0                  ;
+------------------------------------------------+-----------+---------------------+
; Parameter Name                                 ; Value     ; Type                ;
+------------------------------------------------+-----------+---------------------+
; AUTO_CARRY_CHAINS                              ; ON        ; AUTO_CARRY          ;
; IGNORE_CARRY_BUFFERS                           ; OFF       ; IGNORE_CARRY        ;
; AUTO_CASCADE_CHAINS                            ; ON        ; AUTO_CASCADE        ;
; IGNORE_CASCADE_BUFFERS                         ; OFF       ; IGNORE_CASCADE      ;
; LPM_WIDTHA                                     ; 16        ; Untyped             ;
; LPM_WIDTHB                                     ; 16        ; Untyped             ;
; LPM_WIDTHP                                     ; 32        ; Untyped             ;
; LPM_WIDTHR                                     ; 32        ; Untyped             ;
; LPM_WIDTHS                                     ; 1         ; Untyped             ;
; LPM_REPRESENTATION                             ; UNSIGNED  ; Untyped             ;
; LPM_PIPELINE                                   ; 0         ; Untyped             ;
; LATENCY                                        ; 0         ; Untyped             ;
; INPUT_A_IS_CONSTANT                            ; NO        ; Untyped             ;
; INPUT_B_IS_CONSTANT                            ; NO        ; Untyped             ;
; USE_EAB                                        ; OFF       ; Untyped             ;
; MAXIMIZE_SPEED                                 ; 6         ; Untyped             ;
; DEVICE_FAMILY                                  ; Cyclone   ; Untyped             ;
; CARRY_CHAIN                                    ; MANUAL    ; Untyped             ;
; APEX20K_TECHNOLOGY_MAPPER                      ; LUT       ; TECH_MAPPER_APEX20K ;
; DEDICATED_MULTIPLIER_CIRCUITRY                 ; AUTO      ; Untyped             ;
; DEDICATED_MULTIPLIER_MIN_INPUT_WIDTH_FOR_AUTO  ; 0         ; Untyped             ;
; DEDICATED_MULTIPLIER_MIN_OUTPUT_WIDTH_FOR_AUTO ; 0         ; Untyped             ;
; CBXI_PARAMETER                                 ; mult_nn01 ; Untyped             ;
; INPUT_A_FIXED_VALUE                            ; Bx        ; Untyped             ;
; INPUT_B_FIXED_VALUE                            ; Bx        ; Untyped             ;
; USE_AHDL_IMPLEMENTATION                        ; OFF       ; Untyped             ;
+------------------------------------------------+-----------+---------------------+
Note: In order to hide this table in the UI and the text report file, please set the "Show Parameter Settings Tables in Synthesis Report" option in "Analysis and Synthesis Settings -> More Settings" to "Off".


+--------------------------------------------------------+
; lpm_mult Parameter Settings by Entity Instance         ;
+---------------------------------------+----------------+
; Name                                  ; Value          ;
+---------------------------------------+----------------+
; Number of entity instances            ; 1              ;
; Entity Instance                       ; lpm_mult:Mult0 ;
;     -- LPM_WIDTHA                     ; 16             ;
;     -- LPM_WIDTHB                     ; 16             ;
;     -- LPM_WIDTHP                     ; 32             ;
;     -- LPM_REPRESENTATION             ; UNSIGNED       ;
;     -- INPUT_A_IS_CONSTANT            ; NO             ;
;     -- INPUT_B_IS_CONSTANT            ; NO             ;
;     -- USE_EAB                        ; OFF            ;
;     -- DEDICATED_MULTIPLIER_CIRCUITRY ; AUTO           ;
;     -- INPUT_A_FIXED_VALUE            ; Bx             ;
;     -- INPUT_B_FIXED_VALUE            ; Bx             ;
+---------------------------------------+----------------+


+-------------------------------+
; Analysis & Synthesis Messages ;
+-------------------------------+
Info: *******************************************************************
Info: Running Quartus II Analysis & Synthesis
    Info: Version 8.1 Build 163 10/28/2008 SJ Web Edition
    Info: Processing started: Thu May 14 22:27:14 2009
Info: Command: quartus_map --read_settings_files=on --write_settings_files=off ALU -c ALU
Info: Found 1 design units, including 1 entities, in source file ALU.v
    Info: Found entity 1: ALU
Info: Elaborating entity "ALU" for the top level hierarchy
Info: Inferred 1 megafunctions from design logic
    Info: Inferred multiplier megafunction ("lpm_mult") from the following logic: "Mult0"
Info: Elaborated megafunction instantiation "lpm_mult:Mult0"
Info: Instantiated megafunction "lpm_mult:Mult0" with the following parameter:
    Info: Parameter "LPM_WIDTHA" = "16"
    Info: Parameter "LPM_WIDTHB" = "16"
    Info: Parameter "LPM_WIDTHP" = "32"
    Info: Parameter "LPM_WIDTHR" = "32"
    Info: Parameter "LPM_WIDTHS" = "1"
    Info: Parameter "LPM_REPRESENTATION" = "UNSIGNED"
    Info: Parameter "INPUT_A_IS_CONSTANT" = "NO"
    Info: Parameter "INPUT_B_IS_CONSTANT" = "NO"
    Info: Parameter "MAXIMIZE_SPEED" = "6"
    Info: Parameter "DEDICATED_MULTIPLIER_CIRCUITRY" = "AUTO"
Info: Found 1 design units, including 1 entities, in source file db/mult_nn01.tdf
    Info: Found entity 1: mult_nn01
Info: Ignored 480 buffer(s)
    Info: Ignored 480 SOFT buffer(s)
Info: Found the following redundant logic cells in design
    Info (17048): Logic cell "lpm_mult:Mult0|mult_nn01:auto_generated|le10a[17]"
    Info (17048): Logic cell "lpm_mult:Mult0|mult_nn01:auto_generated|le11a[16]"
    Info (17048): Logic cell "lpm_mult:Mult0|mult_nn01:auto_generated|le9a[17]"
    Info (17048): Logic cell "lpm_mult:Mult0|mult_nn01:auto_generated|le3a[17]"
    Info (17048): Logic cell "lpm_mult:Mult0|mult_nn01:auto_generated|le5a[17]"
    Info (17048): Logic cell "lpm_mult:Mult0|mult_nn01:auto_generated|le7a[17]"
    Info (17048): Logic cell "lpm_mult:Mult0|mult_nn01:auto_generated|le6a[17]"
    Info (17048): Logic cell "lpm_mult:Mult0|mult_nn01:auto_generated|le8a[17]"
    Info (17048): Logic cell "lpm_mult:Mult0|mult_nn01:auto_generated|le4a[17]"
Warning: Design contains 1 input pin(s) that do not drive logic
    Warning (15610): No output dependent on input pin "CONTROL[3]"
Info: Implemented 544 device resources after synthesis - the final resource count might be different
    Info: Implemented 36 input pins
    Info: Implemented 35 output pins
    Info: Implemented 473 logic cells
Info: Quartus II Analysis & Synthesis was successful. 0 errors, 2 warnings
    Info: Peak virtual memory: 196 megabytes
    Info: Processing ended: Thu May 14 22:27:20 2009
    Info: Elapsed time: 00:00:06
    Info: Total CPU time (on all processors): 00:00:06


