Flow report for tutor2
Mon Jun 08 12:57:05 2009
Version 5.0 Build 168 06/22/2005 Service Pack 1 SJ Web Edition


---------------------
; Table of Contents ;
---------------------
  1. Legal Notice
  2. Flow Summary
  3. Flow Settings
  4. Flow Elapsed Time
  5. Flow Log



----------------
; Legal Notice ;
----------------
Copyright (C) 1991-2005 Altera Corporation
Your use of Altera Corporation's design tools, logic functions 
and other software and tools, and its AMPP partner logic       
functions, and any output files any of the foregoing           
(including device programming or simulation files), and any    
associated documentation or information are expressly subject  
to the terms and conditions of the Altera Program License      
Subscription Agreement, Altera MegaCore Function License       
Agreement, or other applicable license agreement, including,   
without limitation, that your use is for the sole purpose of   
programming logic devices manufactured by Altera and sold by   
Altera or its authorized distributors.  Please refer to the    
applicable agreement for further details.



+------------------------------------------------------------------------+
; Flow Summary                                                           ;
+-------------------------+----------------------------------------------+
; Flow Status             ; Successful - Mon Jun 08 12:57:05 2009        ;
; Quartus II Version      ; 5.0 Build 168 06/22/2005 SP 1 SJ Web Edition ;
; Revision Name           ; tutor2                                       ;
; Top-level Entity Name   ; tutor2                                       ;
; Family                  ; Cyclone                                      ;
; Device                  ; EP1C6Q240C8                                  ;
; Timing Models           ; Final                                        ;
; Met timing requirements ; Yes                                          ;
; Total logic elements    ; 120 / 5,980 ( 2 % )                          ;
; Total pins              ; 14 / 185 ( 7 % )                             ;
; Total virtual pins      ; 0                                            ;
; Total memory bits       ; 0 / 92,160 ( 0 % )                           ;
; Total PLLs              ; 0 / 2 ( 0 % )                                ;
+-------------------------+----------------------------------------------+


+-----------------------------------------+
; Flow Settings                           ;
+-------------------+---------------------+
; Option            ; Setting             ;
+-------------------+---------------------+
; Start date & time ; 06/08/2009 12:56:42 ;
; Main task         ; Compilation         ;
; Revision Name     ; tutor2              ;
+-------------------+---------------------+


+-------------------------------------+
; Flow Elapsed Time                   ;
+----------------------+--------------+
; Module Name          ; Elapsed Time ;
+----------------------+--------------+
; Analysis & Synthesis ; 00:00:07     ;
; Fitter               ; 00:00:08     ;
; Assembler            ; 00:00:02     ;
; Timing Analyzer      ; 00:00:02     ;
; Total                ; 00:00:19     ;
+----------------------+--------------+


------------
; Flow Log ;
------------
quartus_map --read_settings_files=on --write_settings_files=off tutor2 -c tutor2
quartus_fit --read_settings_files=off --write_settings_files=off tutor2 -c tutor2
quartus_asm --read_settings_files=off --write_settings_files=off tutor2 -c tutor2
quartus_tan --read_settings_files=off --write_settings_files=off tutor2 -c tutor2 --timing_analysis_only



