Flow report for tutor3
Tue Jun 09 19:41:11 2009
Version 5.0 Build 168 06/22/2005 Service Pack 1 SJ Web Edition


---------------------
; Table of Contents ;
---------------------
  1. Legal Notice
  2. Flow Summary
  3. Flow Settings
  4. Flow Elapsed Time
  5. Flow Log



----------------
; Legal Notice ;
----------------
Copyright (C) 1991-2005 Altera Corporation
Your use of Altera Corporation's design tools, logic functions 
and other software and tools, and its AMPP partner logic       
functions, and any output files any of the foregoing           
(including device programming or simulation files), and any    
associated documentation or information are expressly subject  
to the terms and conditions of the Altera Program License      
Subscription Agreement, Altera MegaCore Function License       
Agreement, or other applicable license agreement, including,   
without limitation, that your use is for the sole purpose of   
programming logic devices manufactured by Altera and sold by   
Altera or its authorized distributors.  Please refer to the    
applicable agreement for further details.



+------------------------------------------------------------------------+
; Flow Summary                                                           ;
+-------------------------+----------------------------------------------+
; Flow Status             ; Successful - Tue Jun 09 19:41:11 2009        ;
; Quartus II Version      ; 5.0 Build 168 06/22/2005 SP 1 SJ Web Edition ;
; Revision Name           ; tutor3                                       ;
; Top-level Entity Name   ; tutor3                                       ;
; Family                  ; Cyclone                                      ;
; Device                  ; EP1C6Q240C8                                  ;
; Timing Models           ; Final                                        ;
; Met timing requirements ; Yes                                          ;
; Total logic elements    ; 223 / 5,980 ( 3 % )                          ;
; Total pins              ; 14 / 185 ( 7 % )                             ;
; Total virtual pins      ; 0                                            ;
; Total memory bits       ; 0 / 92,160 ( 0 % )                           ;
; Total PLLs              ; 0 / 2 ( 0 % )                                ;
+-------------------------+----------------------------------------------+


+-----------------------------------------+
; Flow Settings                           ;
+-------------------+---------------------+
; Option            ; Setting             ;
+-------------------+---------------------+
; Start date & time ; 06/09/2009 19:40:51 ;
; Main task         ; Compilation         ;
; Revision Name     ; tutor3              ;
+-------------------+---------------------+


+-------------------------------------+
; Flow Elapsed Time                   ;
+----------------------+--------------+
; Module Name          ; Elapsed Time ;
+----------------------+--------------+
; Analysis & Synthesis ; 00:00:06     ;
; Fitter               ; 00:00:07     ;
; Assembler            ; 00:00:02     ;
; Timing Analyzer      ; 00:00:02     ;
; Total                ; 00:00:17     ;
+----------------------+--------------+


------------
; Flow Log ;
------------
quartus_map --read_settings_files=on --write_settings_files=off tutor3 -c tutor3
quartus_fit --read_settings_files=off --write_settings_files=off tutor3 -c tutor3
quartus_asm --read_settings_files=off --write_settings_files=off tutor3 -c tutor3
quartus_tan --read_settings_files=off --write_settings_files=off tutor3 -c tutor3 --timing_analysis_only



