Fitter report for tutor2
Mon Jun 08 12:56:58 2009
Version 5.0 Build 168 06/22/2005 Service Pack 1 SJ Web Edition


---------------------
; Table of Contents ;
---------------------
  1. Legal Notice
  2. Fitter Summary
  3. Fitter Settings
  4. Fitter Device Options
  5. Fitter Equations
  6. Pin-Out File
  7. Fitter Resource Usage Summary
  8. Input Pins
  9. Output Pins
 10. Bidir Pins
 11. I/O Bank Usage
 12. All Package Pins
 13. Output Pin Default Load For Reported TCO
 14. Fitter Resource Utilization by Entity
 15. Delay Chain Summary
 16. Pad To Core Delay Chain Fanout
 17. Control Signals
 18. Global & Other Fast Signals
 19. Non-Global High Fan-Out Signals
 20. Interconnect Usage Summary
 21. LAB Logic Elements
 22. LAB-wide Signals
 23. LAB Signals Sourced
 24. LAB Signals Sourced Out
 25. LAB Distinct Inputs
 26. Fitter Messages



----------------
; Legal Notice ;
----------------
Copyright (C) 1991-2005 Altera Corporation
Your use of Altera Corporation's design tools, logic functions 
and other software and tools, and its AMPP partner logic       
functions, and any output files any of the foregoing           
(including device programming or simulation files), and any    
associated documentation or information are expressly subject  
to the terms and conditions of the Altera Program License      
Subscription Agreement, Altera MegaCore Function License       
Agreement, or other applicable license agreement, including,   
without limitation, that your use is for the sole purpose of   
programming logic devices manufactured by Altera and sold by   
Altera or its authorized distributors.  Please refer to the    
applicable agreement for further details.



+----------------------------------------------------------------------+
; Fitter Summary                                                       ;
+-----------------------+----------------------------------------------+
; Fitter Status         ; Successful - Mon Jun 08 12:56:58 2009        ;
; Quartus II Version    ; 5.0 Build 168 06/22/2005 SP 1 SJ Web Edition ;
; Revision Name         ; tutor2                                       ;
; Top-level Entity Name ; tutor2                                       ;
; Family                ; Cyclone                                      ;
; Device                ; EP1C6Q240C8                                  ;
; Timing Models         ; Final                                        ;
; Total logic elements  ; 120 / 5,980 ( 2 % )                          ;
; Total pins            ; 14 / 185 ( 7 % )                             ;
; Total virtual pins    ; 0                                            ;
; Total memory bits     ; 0 / 92,160 ( 0 % )                           ;
; Total PLLs            ; 0 / 2 ( 0 % )                                ;
+-----------------------+----------------------------------------------+


+----------------------------------------------------------------------------------------------------------------------+
; Fitter Settings                                                                                                      ;
+----------------------------------------------------+--------------------------------+--------------------------------+
; Option                                             ; Setting                        ; Default Value                  ;
+----------------------------------------------------+--------------------------------+--------------------------------+
; Device                                             ; EP1C6Q240C8                    ;                                ;
; Use smart compilation                              ; Off                            ; Off                            ;
; Placement Effort Multiplier                        ; 1.0                            ; 1.0                            ;
; Router Effort Multiplier                           ; 1.0                            ; 1.0                            ;
; Optimize Hold Timing                               ; IO Paths and Minimum TPD Paths ; IO Paths and Minimum TPD Paths ;
; Optimize Fast-Corner Timing                        ; Off                            ; Off                            ;
; Optimize Timing                                    ; Normal compilation             ; Normal compilation             ;
; Optimize IOC Register Placement for Timing         ; On                             ; On                             ;
; Limit to One Fitting Attempt                       ; Off                            ; Off                            ;
; Final Placement Optimizations                      ; Automatically                  ; Automatically                  ;
; Fitter Initial Placement Seed                      ; 1                              ; 1                              ;
; Slow Slew Rate                                     ; Off                            ; Off                            ;
; PCI I/O                                            ; Off                            ; Off                            ;
; Weak Pull-Up Resistor                              ; Off                            ; Off                            ;
; Enable Bus-Hold Circuitry                          ; Off                            ; Off                            ;
; Auto Global Memory Control Signals                 ; Off                            ; Off                            ;
; Auto Packed Registers -- Cyclone                   ; Auto                           ; Auto                           ;
; Auto Delay Chains                                  ; On                             ; On                             ;
; Auto Merge PLLs                                    ; On                             ; On                             ;
; Perform Physical Synthesis for Combinational Logic ; Off                            ; Off                            ;
; Perform Register Duplication                       ; Off                            ; Off                            ;
; Perform Register Retiming                          ; Off                            ; Off                            ;
; Fitter Effort                                      ; Auto Fit                       ; Auto Fit                       ;
; Physical Synthesis Effort Level                    ; Normal                         ; Normal                         ;
; Logic Cell Insertion - Logic Duplication           ; Auto                           ; Auto                           ;
; Auto Register Duplication                          ; Off                            ; Off                            ;
; Auto Global Clock                                  ; On                             ; On                             ;
; Auto Global Register Control Signals               ; On                             ; On                             ;
+----------------------------------------------------+--------------------------------+--------------------------------+


+--------------------------------------------------------------------+
; Fitter Device Options                                              ;
+----------------------------------------------+---------------------+
; Option                                       ; Setting             ;
+----------------------------------------------+---------------------+
; Enable user-supplied start-up clock (CLKUSR) ; Off                 ;
; Enable device-wide reset (DEV_CLRn)          ; Off                 ;
; Enable device-wide output enable (DEV_OE)    ; Off                 ;
; Enable INIT_DONE output                      ; Off                 ;
; Configuration scheme                         ; Active Serial       ;
; Error detection CRC                          ; Off                 ;
; Reserve all unused pins                      ; As input tri-stated ;
; Base pin-out file on sameframe device        ; Off                 ;
+----------------------------------------------+---------------------+


+------------------+
; Fitter Equations ;
+------------------+
The equations can be found in C:/altera/Megan/tutor2.fit.eqn.


+--------------+
; Pin-Out File ;
+--------------+
The pin-out file can be found in C:/altera/Megan/tutor2.pin.


+-------------------------------------------------------------------+
; Fitter Resource Usage Summary                                     ;
+---------------------------------------------+---------------------+
; Resource                                    ; Usage               ;
+---------------------------------------------+---------------------+
; Total logic elements                        ; 120 / 5,980 ( 2 % ) ;
;     -- Combinational with no register       ; 52                  ;
;     -- Register only                        ; 1                   ;
;     -- Combinational with a register        ; 67                  ;
;                                             ;                     ;
; Logic element usage by number of LUT inputs ;                     ;
;     -- 4 input functions                    ; 53                  ;
;     -- 3 input functions                    ; 8                   ;
;     -- 2 input functions                    ; 53                  ;
;     -- 1 input functions                    ; 3                   ;
;     -- 0 input functions                    ; 3                   ;
;                                             ;                     ;
; Logic elements by mode                      ;                     ;
;     -- normal mode                          ; 90                  ;
;     -- arithmetic mode                      ; 30                  ;
;     -- qfbk mode                            ; 2                   ;
;     -- register cascade mode                ; 0                   ;
;     -- synchronous clear/load mode          ; 28                  ;
;     -- asynchronous clear/load mode         ; 42                  ;
;                                             ;                     ;
; Total LABs                                  ; 14 / 598 ( 2 % )    ;
; Logic elements in carry chains              ; 33                  ;
; User inserted logic elements                ; 0                   ;
; Virtual pins                                ; 0                   ;
; I/O pins                                    ; 14 / 185 ( 7 % )    ;
;     -- Clock pins                           ; 1 / 2 ( 50 % )      ;
; Global signals                              ; 4                   ;
; M4Ks                                        ; 0 / 20 ( 0 % )      ;
; Total memory bits                           ; 0 / 92,160 ( 0 % )  ;
; Total RAM block bits                        ; 0 / 92,160 ( 0 % )  ;
; Global clocks                               ; 4 / 8 ( 50 % )      ;
; Maximum fan-out node                        ; SW8                 ;
; Maximum fan-out                             ; 49                  ;
; Total fan-out                               ; 527                 ;
; Average fan-out                             ; 3.88                ;
+---------------------------------------------+---------------------+


+-----------------------------------------------------------------------------------------------------------------------------------------------------------------------------------------------------------------------------------------------------------------+
; Input Pins                                                                                                                                                                                                                                                      ;
+-----------+-------+----------+--------------+--------------+-------------+-----------------------+--------------------+--------+----------------+---------------+-----------------+----------+--------------+--------------+-------------+----------------------+
; Name      ; Pin # ; I/O Bank ; X coordinate ; Y coordinate ; Cell number ; Combinational Fan-Out ; Registered Fan-Out ; Global ; Input Register ; Power Up High ; PCI I/O Enabled ; Bus Hold ; Weak Pull Up ; I/O Standard ; Termination ; Location assigned by ;
+-----------+-------+----------+--------------+--------------+-------------+-----------------------+--------------------+--------+----------------+---------------+-----------------+----------+--------------+--------------+-------------+----------------------+
; CLK_48Mhz ; 29    ; 1        ; 0            ; 11           ; 0           ; 21                    ; 0                  ; yes    ; no             ; no            ; no              ; no       ; Off          ; LVTTL        ; Off         ; User                 ;
; SW4       ; 48    ; 1        ; 0            ; 4            ; 0           ; 8                     ; 0                  ; yes    ; no             ; no            ; no              ; no       ; Off          ; LVTTL        ; Off         ; User                 ;
; SW8       ; 23    ; 1        ; 0            ; 13           ; 0           ; 49                    ; 0                  ; yes    ; no             ; no            ; no              ; no       ; Off          ; LVTTL        ; Off         ; User                 ;
+-----------+-------+----------+--------------+--------------+-------------+-----------------------+--------------------+--------+----------------+---------------+-----------------+----------+--------------+--------------+-------------+----------------------+


+-----------------------------------------------------------------------------------------------------------------------------------------------------------------------------------------------------------------------------------------------------------------------------------------------------------------+
; Output Pins                                                                                                                                                                                                                                                                                                     ;
+--------+-------+----------+--------------+--------------+-------------+-----------------+------------------------+---------------+----------------+-----------------+------------+---------------+----------+--------------+--------------+------------------+-------------+----------------------+-------------+
; Name   ; Pin # ; I/O Bank ; X coordinate ; Y coordinate ; Cell number ; Output Register ; Output Enable Register ; Power Up High ; Slow Slew Rate ; PCI I/O Enabled ; Open Drain ; TRI Primitive ; Bus Hold ; Weak Pull Up ; I/O Standard ; Current Strength ; Termination ; Location assigned by ; Load        ;
+--------+-------+----------+--------------+--------------+-------------+-----------------+------------------------+---------------+----------------+-----------------+------------+---------------+----------+--------------+--------------+------------------+-------------+----------------------+-------------+
; LCD_E  ; 50    ; 1        ; 0            ; 4            ; 2           ; no              ; no                     ; no            ; no             ; no              ; no         ; no            ; no       ; Off          ; LVTTL        ; 24mA             ; Off         ; User                 ; Unspecified ;
; LCD_RS ; 108   ; 4        ; 30           ; 0            ; 2           ; no              ; no                     ; no            ; no             ; no              ; no         ; no            ; no       ; Off          ; LVTTL        ; 24mA             ; Off         ; User                 ; Unspecified ;
; LCD_RW ; 73    ; 4        ; 6            ; 0            ; 0           ; no              ; no                     ; no            ; no             ; no              ; no         ; no            ; no       ; Off          ; LVTTL        ; 24mA             ; Off         ; User                 ; Unspecified ;
+--------+-------+----------+--------------+--------------+-------------+-----------------+------------------------+---------------+----------------+-----------------+------------+---------------+----------+--------------+--------------+------------------+-------------+----------------------+-------------+


+-----------------------------------------------------------------------------------------------------------------------------------------------------------------------------------------------------------------------------------------------------------------------------------------------------------------------------------------------------------------------------+
; Bidir Pins                                                                                                                                                                                                                                                                                                                                                                  ;
+-------------+-------+----------+--------------+--------------+-------------+-----------------------+--------------------+--------+----------------+-----------------+------------------------+---------------+----------------+-----------------+------------+----------+--------------+--------------+------------------+-------------+----------------------+-------------+
; Name        ; Pin # ; I/O Bank ; X coordinate ; Y coordinate ; Cell number ; Combinational Fan-Out ; Registered Fan-Out ; Global ; Input Register ; Output Register ; Output Enable Register ; Power Up High ; Slow Slew Rate ; PCI I/O Enabled ; Open Drain ; Bus Hold ; Weak Pull Up ; I/O Standard ; Current Strength ; Termination ; Location assigned by ; Load        ;
+-------------+-------+----------+--------------+--------------+-------------+-----------------------+--------------------+--------+----------------+-----------------+------------------------+---------------+----------------+-----------------+------------+----------+--------------+--------------+------------------+-------------+----------------------+-------------+
; DATA_BUS[0] ; 94    ; 4        ; 20           ; 0            ; 1           ; 0                     ; 0                  ; no     ; no             ; no              ; no                     ; no            ; no             ; no              ; no         ; no       ; Off          ; LVTTL        ; 24mA             ; Off         ; User                 ; Unspecified ;
; DATA_BUS[1] ; 96    ; 4        ; 22           ; 0            ; 2           ; 0                     ; 0                  ; no     ; no             ; no              ; no                     ; no            ; no             ; no              ; no         ; no       ; Off          ; LVTTL        ; 24mA             ; Off         ; User                 ; Unspecified ;
; DATA_BUS[2] ; 98    ; 4        ; 22           ; 0            ; 0           ; 0                     ; 0                  ; no     ; no             ; no              ; no                     ; no            ; no             ; no              ; no         ; no       ; Off          ; LVTTL        ; 24mA             ; Off         ; User                 ; Unspecified ;
; DATA_BUS[3] ; 100   ; 4        ; 24           ; 0            ; 1           ; 0                     ; 0                  ; no     ; no             ; no              ; no                     ; no            ; no             ; no              ; no         ; no       ; Off          ; LVTTL        ; 24mA             ; Off         ; User                 ; Unspecified ;
; DATA_BUS[4] ; 102   ; 4        ; 26           ; 0            ; 2           ; 0                     ; 0                  ; no     ; no             ; no              ; no                     ; no            ; no             ; no              ; no         ; no       ; Off          ; LVTTL        ; 24mA             ; Off         ; User                 ; Unspecified ;
; DATA_BUS[5] ; 104   ; 4        ; 26           ; 0            ; 0           ; 0                     ; 0                  ; no     ; no             ; no              ; no                     ; no            ; no             ; no              ; no         ; no       ; Off          ; LVTTL        ; 24mA             ; Off         ; User                 ; Unspecified ;
; DATA_BUS[6] ; 106   ; 4        ; 28           ; 0            ; 1           ; 0                     ; 0                  ; no     ; no             ; no              ; no                     ; no            ; no             ; no              ; no         ; no       ; Off          ; LVTTL        ; 24mA             ; Off         ; User                 ; Unspecified ;
; DATA_BUS[7] ; 113   ; 4        ; 30           ; 0            ; 1           ; 0                     ; 0                  ; no     ; no             ; no              ; no                     ; no            ; no             ; no              ; no         ; no       ; Off          ; LVTTL        ; 24mA             ; Off         ; User                 ; Unspecified ;
+-------------+-------+----------+--------------+--------------+-------------+-----------------------+--------------------+--------+----------------+-----------------+------------------------+---------------+----------------+-----------------+------------+----------+--------------+--------------+------------------+-------------+----------------------+-------------+


+------------------------------------------------------------+
; I/O Bank Usage                                             ;
+----------+------------------+---------------+--------------+
; I/O Bank ; Usage            ; VCCIO Voltage ; VREF Voltage ;
+----------+------------------+---------------+--------------+
; 1        ; 6 / 44 ( 13 % )  ; 3.3V          ; --           ;
; 2        ; 0 / 48 ( 0 % )   ; 3.3V          ; --           ;
; 3        ; 0 / 45 ( 0 % )   ; 3.3V          ; --           ;
; 4        ; 10 / 48 ( 20 % ) ; 3.3V          ; --           ;
+----------+------------------+---------------+--------------+


+--------------------------------------------------------------------------------------------------------------------+
; All Package Pins                                                                                                   ;
+----------+------------+----------+----------------+--------+--------------+---------+------------+-----------------+
; Location ; Pad Number ; I/O Bank ; Pin Name/Usage ; Dir.   ; I/O Standard ; Voltage ; I/O Type   ; User Assignment ;
+----------+------------+----------+----------------+--------+--------------+---------+------------+-----------------+
; 1        ; 0          ; 1        ; RESERVED_INPUT ;        ;              ;         ; Row I/O    ;                 ;
; 2        ; 1          ; 1        ; RESERVED_INPUT ;        ;              ;         ; Row I/O    ;                 ;
; 3        ; 2          ; 1        ; RESERVED_INPUT ;        ;              ;         ; Row I/O    ;                 ;
; 4        ; 3          ; 1        ; RESERVED_INPUT ;        ;              ;         ; Row I/O    ;                 ;
; 5        ; 4          ; 1        ; RESERVED_INPUT ;        ;              ;         ; Row I/O    ;                 ;
; 6        ; 5          ; 1        ; RESERVED_INPUT ;        ;              ;         ; Row I/O    ;                 ;
; 7        ; 6          ; 1        ; RESERVED_INPUT ;        ;              ;         ; Row I/O    ;                 ;
; 8        ; 7          ; 1        ; RESERVED_INPUT ;        ;              ;         ; Row I/O    ;                 ;
; 9        ;            ; 1        ; VCCIO1         ; power  ;              ; 3.3V    ; --         ;                 ;
; 10       ;            ;          ; GND            ; gnd    ;              ;         ; --         ;                 ;
; 11       ; 8          ; 1        ; RESERVED_INPUT ;        ;              ;         ; Row I/O    ;                 ;
; 12       ; 9          ; 1        ; RESERVED_INPUT ;        ;              ;         ; Row I/O    ;                 ;
; 13       ; 10         ; 1        ; RESERVED_INPUT ;        ;              ;         ; Row I/O    ;                 ;
; 14       ; 11         ; 1        ; RESERVED_INPUT ;        ;              ;         ; Row I/O    ;                 ;
; 15       ; 12         ; 1        ; RESERVED_INPUT ;        ;              ;         ; Row I/O    ;                 ;
; 16       ; 13         ; 1        ; RESERVED_INPUT ;        ;              ;         ; Row I/O    ;                 ;
; 17       ; 14         ; 1        ; RESERVED_INPUT ;        ;              ;         ; Row I/O    ;                 ;
; 18       ; 15         ; 1        ; RESERVED_INPUT ;        ;              ;         ; Row I/O    ;                 ;
; 19       ; 16         ; 1        ; RESERVED_INPUT ;        ;              ;         ; Row I/O    ;                 ;
; 20       ; 17         ; 1        ; RESERVED_INPUT ;        ;              ;         ; Row I/O    ;                 ;
; 21       ; 18         ; 1        ; RESERVED_INPUT ;        ;              ;         ; Row I/O    ;                 ;
; 22       ;            ; 1        ; VCCIO1         ; power  ;              ; 3.3V    ; --         ;                 ;
; 23       ; 19         ; 1        ; SW8            ; input  ; LVTTL        ;         ; Row I/O    ; Y               ;
; 24       ; 20         ; 1        ; *~nCSO~ / GND* ; output ; LVTTL        ;         ; Row I/O    ; N               ;
; 25       ; 21         ; 1        ; ^DATA0         ; input  ;              ;         ; --         ;                 ;
; 26       ; 22         ; 1        ; ^nCONFIG       ;        ;              ;         ; --         ;                 ;
; 27       ;            ;          ; VCCA_PLL1      ; power  ;              ; 1.5V    ; --         ;                 ;
; 28       ; 23         ; 1        ; GND+           ;        ;              ;         ; Row I/O    ;                 ;
; 29       ; 24         ; 1        ; CLK_48Mhz      ; input  ; LVTTL        ;         ; Row I/O    ; Y               ;
; 30       ;            ;          ; GNDA_PLL1      ; gnd    ;              ;         ; --         ;                 ;
; 31       ;            ;          ; GNDG_PLL1      ; gnd    ;              ;         ; --         ;                 ;
; 32       ; 25         ; 1        ; ^nCEO          ;        ;              ;         ; --         ;                 ;
; 33       ; 26         ; 1        ; ^nCE           ;        ;              ;         ; --         ;                 ;
; 34       ; 27         ; 1        ; ^MSEL0         ;        ;              ;         ; --         ;                 ;
; 35       ; 28         ; 1        ; ^MSEL1         ;        ;              ;         ; --         ;                 ;
; 36       ; 29         ; 1        ; ^DCLK          ; bidir  ;              ;         ; --         ;                 ;
; 37       ; 30         ; 1        ; *~ASDO~ / GND* ; output ; LVTTL        ;         ; Row I/O    ; N               ;
; 38       ; 31         ; 1        ; RESERVED_INPUT ;        ;              ;         ; Row I/O    ;                 ;
; 39       ; 32         ; 1        ; RESERVED_INPUT ;        ;              ;         ; Row I/O    ;                 ;
; 40       ;            ;          ; GND            ; gnd    ;              ;         ; --         ;                 ;
; 41       ; 33         ; 1        ; RESERVED_INPUT ;        ;              ;         ; Row I/O    ;                 ;
; 42       ; 34         ; 1        ; RESERVED_INPUT ;        ;              ;         ; Row I/O    ;                 ;
; 43       ; 35         ; 1        ; RESERVED_INPUT ;        ;              ;         ; Row I/O    ;                 ;
; 44       ; 36         ; 1        ; RESERVED_INPUT ;        ;              ;         ; Row I/O    ;                 ;
; 45       ; 37         ; 1        ; RESERVED_INPUT ;        ;              ;         ; Row I/O    ;                 ;
; 46       ; 38         ; 1        ; RESERVED_INPUT ;        ;              ;         ; Row I/O    ;                 ;
; 47       ; 39         ; 1        ; RESERVED_INPUT ;        ;              ;         ; Row I/O    ;                 ;
; 48       ; 40         ; 1        ; SW4            ; input  ; LVTTL        ;         ; Row I/O    ; Y               ;
; 49       ; 41         ; 1        ; RESERVED_INPUT ;        ;              ;         ; Row I/O    ;                 ;
; 50       ; 42         ; 1        ; LCD_E          ; output ; LVTTL        ;         ; Row I/O    ; Y               ;
; 51       ;            ; 1        ; VCCIO1         ; power  ;              ; 3.3V    ; --         ;                 ;
; 52       ;            ;          ; GND            ; gnd    ;              ;         ; --         ;                 ;
; 53       ; 43         ; 1        ; RESERVED_INPUT ;        ;              ;         ; Row I/O    ;                 ;
; 54       ; 44         ; 1        ; RESERVED_INPUT ;        ;              ;         ; Row I/O    ;                 ;
; 55       ; 45         ; 1        ; RESERVED_INPUT ;        ;              ;         ; Row I/O    ;                 ;
; 56       ; 46         ; 1        ; RESERVED_INPUT ;        ;              ;         ; Row I/O    ;                 ;
; 57       ; 47         ; 1        ; RESERVED_INPUT ;        ;              ;         ; Row I/O    ;                 ;
; 58       ; 48         ; 1        ; RESERVED_INPUT ;        ;              ;         ; Row I/O    ;                 ;
; 59       ; 49         ; 1        ; RESERVED_INPUT ;        ;              ;         ; Row I/O    ;                 ;
; 60       ; 50         ; 1        ; RESERVED_INPUT ;        ;              ;         ; Row I/O    ;                 ;
; 61       ; 51         ; 4        ; RESERVED_INPUT ;        ;              ;         ; Column I/O ;                 ;
; 62       ; 52         ; 4        ; RESERVED_INPUT ;        ;              ;         ; Column I/O ;                 ;
; 63       ; 53         ; 4        ; RESERVED_INPUT ;        ;              ;         ; Column I/O ;                 ;
; 64       ; 54         ; 4        ; RESERVED_INPUT ;        ;              ;         ; Column I/O ;                 ;
; 65       ; 55         ; 4        ; RESERVED_INPUT ;        ;              ;         ; Column I/O ;                 ;
; 66       ; 56         ; 4        ; RESERVED_INPUT ;        ;              ;         ; Column I/O ;                 ;
; 67       ; 57         ; 4        ; RESERVED_INPUT ;        ;              ;         ; Column I/O ;                 ;
; 68       ; 58         ; 4        ; RESERVED_INPUT ;        ;              ;         ; Column I/O ;                 ;
; 69       ;            ;          ; GND            ; gnd    ;              ;         ; --         ;                 ;
; 70       ;            ; 4        ; VCCIO4         ; power  ;              ; 3.3V    ; --         ;                 ;
; 71       ;            ;          ; GND            ; gnd    ;              ;         ; --         ;                 ;
; 72       ;            ;          ; VCCINT         ; power  ;              ; 1.5V    ; --         ;                 ;
; 73       ; 59         ; 4        ; LCD_RW         ; output ; LVTTL        ;         ; Column I/O ; Y               ;
; 74       ; 60         ; 4        ; RESERVED_INPUT ;        ;              ;         ; Column I/O ;                 ;
; 75       ; 61         ; 4        ; RESERVED_INPUT ;        ;              ;         ; Column I/O ;                 ;
; 76       ; 62         ; 4        ; RESERVED_INPUT ;        ;              ;         ; Column I/O ;                 ;
; 77       ; 63         ; 4        ; RESERVED_INPUT ;        ;              ;         ; Column I/O ;                 ;
; 78       ; 64         ; 4        ; RESERVED_INPUT ;        ;              ;         ; Column I/O ;                 ;
; 79       ; 65         ; 4        ; RESERVED_INPUT ;        ;              ;         ; Column I/O ;                 ;
; 80       ; 66         ; 4        ; RESERVED_INPUT ;        ;              ;         ; Column I/O ;                 ;
; 81       ; 67         ; 4        ; RESERVED_INPUT ;        ;              ;         ; Column I/O ;                 ;
; 82       ; 68         ; 4        ; RESERVED_INPUT ;        ;              ;         ; Column I/O ;                 ;
; 83       ; 69         ; 4        ; RESERVED_INPUT ;        ;              ;         ; Column I/O ;                 ;
; 84       ; 70         ; 4        ; RESERVED_INPUT ;        ;              ;         ; Column I/O ;                 ;
; 85       ; 71         ; 4        ; RESERVED_INPUT ;        ;              ;         ; Column I/O ;                 ;
; 86       ; 72         ; 4        ; RESERVED_INPUT ;        ;              ;         ; Column I/O ;                 ;
; 87       ; 73         ; 4        ; RESERVED_INPUT ;        ;              ;         ; Column I/O ;                 ;
; 88       ; 74         ; 4        ; RESERVED_INPUT ;        ;              ;         ; Column I/O ;                 ;
; 89       ;            ;          ; GND            ; gnd    ;              ;         ; --         ;                 ;
; 90       ;            ;          ; VCCINT         ; power  ;              ; 1.5V    ; --         ;                 ;
; 91       ;            ;          ; GND            ; gnd    ;              ;         ; --         ;                 ;
; 92       ;            ; 4        ; VCCIO4         ; power  ;              ; 3.3V    ; --         ;                 ;
; 93       ; 75         ; 4        ; RESERVED_INPUT ;        ;              ;         ; Column I/O ;                 ;
; 94       ; 76         ; 4        ; DATA_BUS[0]    ; bidir  ; LVTTL        ;         ; Column I/O ; Y               ;
; 95       ; 77         ; 4        ; RESERVED_INPUT ;        ;              ;         ; Column I/O ;                 ;
; 96       ; 78         ; 4        ; DATA_BUS[1]    ; bidir  ; LVTTL        ;         ; Column I/O ; Y               ;
; 97       ; 79         ; 4        ; RESERVED_INPUT ;        ;              ;         ; Column I/O ;                 ;
; 98       ; 80         ; 4        ; DATA_BUS[2]    ; bidir  ; LVTTL        ;         ; Column I/O ; Y               ;
; 99       ; 81         ; 4        ; RESERVED_INPUT ;        ;              ;         ; Column I/O ;                 ;
; 100      ; 82         ; 4        ; DATA_BUS[3]    ; bidir  ; LVTTL        ;         ; Column I/O ; Y               ;
; 101      ; 83         ; 4        ; RESERVED_INPUT ;        ;              ;         ; Column I/O ;                 ;
; 102      ; 84         ; 4        ; DATA_BUS[4]    ; bidir  ; LVTTL        ;         ; Column I/O ; Y               ;
; 103      ; 85         ; 4        ; RESERVED_INPUT ;        ;              ;         ; Column I/O ;                 ;
; 104      ; 86         ; 4        ; DATA_BUS[5]    ; bidir  ; LVTTL        ;         ; Column I/O ; Y               ;
; 105      ; 87         ; 4        ; RESERVED_INPUT ;        ;              ;         ; Column I/O ;                 ;
; 106      ; 88         ; 4        ; DATA_BUS[6]    ; bidir  ; LVTTL        ;         ; Column I/O ; Y               ;
; 107      ; 89         ; 4        ; RESERVED_INPUT ;        ;              ;         ; Column I/O ;                 ;
; 108      ; 90         ; 4        ; LCD_RS         ; output ; LVTTL        ;         ; Column I/O ; Y               ;
; 109      ;            ;          ; GND            ; gnd    ;              ;         ; --         ;                 ;
; 110      ;            ;          ; VCCINT         ; power  ;              ; 1.5V    ; --         ;                 ;
; 111      ;            ;          ; GND            ; gnd    ;              ;         ; --         ;                 ;
; 112      ;            ; 4        ; VCCIO4         ; power  ;              ; 3.3V    ; --         ;                 ;
; 113      ; 91         ; 4        ; DATA_BUS[7]    ; bidir  ; LVTTL        ;         ; Column I/O ; Y               ;
; 114      ; 92         ; 4        ; RESERVED_INPUT ;        ;              ;         ; Column I/O ;                 ;
; 115      ; 93         ; 4        ; RESERVED_INPUT ;        ;              ;         ; Column I/O ;                 ;
; 116      ; 94         ; 4        ; RESERVED_INPUT ;        ;              ;         ; Column I/O ;                 ;
; 117      ; 95         ; 4        ; RESERVED_INPUT ;        ;              ;         ; Column I/O ;                 ;
; 118      ; 96         ; 4        ; RESERVED_INPUT ;        ;              ;         ; Column I/O ;                 ;
; 119      ; 97         ; 4        ; RESERVED_INPUT ;        ;              ;         ; Column I/O ;                 ;
; 120      ; 98         ; 4        ; RESERVED_INPUT ;        ;              ;         ; Column I/O ;                 ;
; 121      ; 99         ; 3        ; RESERVED_INPUT ;        ;              ;         ; Row I/O    ;                 ;
; 122      ; 100        ; 3        ; RESERVED_INPUT ;        ;              ;         ; Row I/O    ;                 ;
; 123      ; 101        ; 3        ; RESERVED_INPUT ;        ;              ;         ; Row I/O    ;                 ;
; 124      ; 102        ; 3        ; RESERVED_INPUT ;        ;              ;         ; Row I/O    ;                 ;
; 125      ; 103        ; 3        ; RESERVED_INPUT ;        ;              ;         ; Row I/O    ;                 ;
; 126      ; 104        ; 3        ; RESERVED_INPUT ;        ;              ;         ; Row I/O    ;                 ;
; 127      ; 105        ; 3        ; RESERVED_INPUT ;        ;              ;         ; Row I/O    ;                 ;
; 128      ; 106        ; 3        ; RESERVED_INPUT ;        ;              ;         ; Row I/O    ;                 ;
; 129      ;            ;          ; GND            ; gnd    ;              ;         ; --         ;                 ;
; 130      ;            ; 3        ; VCCIO3         ; power  ;              ; 3.3V    ; --         ;                 ;
; 131      ; 107        ; 3        ; RESERVED_INPUT ;        ;              ;         ; Row I/O    ;                 ;
; 132      ; 108        ; 3        ; RESERVED_INPUT ;        ;              ;         ; Row I/O    ;                 ;
; 133      ; 109        ; 3        ; RESERVED_INPUT ;        ;              ;         ; Row I/O    ;                 ;
; 134      ; 110        ; 3        ; RESERVED_INPUT ;        ;              ;         ; Row I/O    ;                 ;
; 135      ; 111        ; 3        ; RESERVED_INPUT ;        ;              ;         ; Row I/O    ;                 ;
; 136      ; 112        ; 3        ; RESERVED_INPUT ;        ;              ;         ; Row I/O    ;                 ;
; 137      ; 113        ; 3        ; RESERVED_INPUT ;        ;              ;         ; Row I/O    ;                 ;
; 138      ; 114        ; 3        ; RESERVED_INPUT ;        ;              ;         ; Row I/O    ;                 ;
; 139      ; 115        ; 3        ; RESERVED_INPUT ;        ;              ;         ; Row I/O    ;                 ;
; 140      ; 116        ; 3        ; RESERVED_INPUT ;        ;              ;         ; Row I/O    ;                 ;
; 141      ; 117        ; 3        ; RESERVED_INPUT ;        ;              ;         ; Row I/O    ;                 ;
; 142      ;            ;          ; GND            ; gnd    ;              ;         ; --         ;                 ;
; 143      ; 118        ; 3        ; RESERVED_INPUT ;        ;              ;         ; Row I/O    ;                 ;
; 144      ; 119        ; 3        ; RESERVED_INPUT ;        ;              ;         ; Row I/O    ;                 ;
; 145      ; 120        ; 3        ; ^CONF_DONE     ;        ;              ;         ; --         ;                 ;
; 146      ; 121        ; 3        ; ^nSTATUS       ;        ;              ;         ; --         ;                 ;
; 147      ; 122        ; 3        ; #TCK           ; input  ;              ;         ; --         ;                 ;
; 148      ; 123        ; 3        ; #TMS           ; input  ;              ;         ; --         ;                 ;
; 149      ; 124        ; 3        ; #TDO           ; output ;              ;         ; --         ;                 ;
; 150      ;            ;          ; GNDG_PLL2      ; gnd    ;              ;         ; --         ;                 ;
; 151      ;            ;          ; GNDA_PLL2      ; gnd    ;              ;         ; --         ;                 ;
; 152      ; 125        ; 3        ; GND+           ;        ;              ;         ; Row I/O    ;                 ;
; 153      ; 126        ; 3        ; GND+           ;        ;              ;         ; Row I/O    ;                 ;
; 154      ;            ;          ; VCCA_PLL2      ; power  ;              ; 1.5V    ; --         ;                 ;
; 155      ; 127        ; 3        ; #TDI           ; input  ;              ;         ; --         ;                 ;
; 156      ; 128        ; 3        ; RESERVED_INPUT ;        ;              ;         ; Row I/O    ;                 ;
; 157      ;            ; 3        ; VCCIO3         ; power  ;              ; 3.3V    ; --         ;                 ;
; 158      ; 129        ; 3        ; RESERVED_INPUT ;        ;              ;         ; Row I/O    ;                 ;
; 159      ; 130        ; 3        ; RESERVED_INPUT ;        ;              ;         ; Row I/O    ;                 ;
; 160      ; 131        ; 3        ; RESERVED_INPUT ;        ;              ;         ; Row I/O    ;                 ;
; 161      ; 132        ; 3        ; RESERVED_INPUT ;        ;              ;         ; Row I/O    ;                 ;
; 162      ; 133        ; 3        ; RESERVED_INPUT ;        ;              ;         ; Row I/O    ;                 ;
; 163      ; 134        ; 3        ; RESERVED_INPUT ;        ;              ;         ; Row I/O    ;                 ;
; 164      ; 135        ; 3        ; RESERVED_INPUT ;        ;              ;         ; Row I/O    ;                 ;
; 165      ; 136        ; 3        ; RESERVED_INPUT ;        ;              ;         ; Row I/O    ;                 ;
; 166      ; 137        ; 3        ; RESERVED_INPUT ;        ;              ;         ; Row I/O    ;                 ;
; 167      ; 138        ; 3        ; RESERVED_INPUT ;        ;              ;         ; Row I/O    ;                 ;
; 168      ; 139        ; 3        ; RESERVED_INPUT ;        ;              ;         ; Row I/O    ;                 ;
; 169      ; 140        ; 3        ; RESERVED_INPUT ;        ;              ;         ; Row I/O    ;                 ;
; 170      ; 141        ; 3        ; RESERVED_INPUT ;        ;              ;         ; Row I/O    ;                 ;
; 171      ;            ;          ; GND            ; gnd    ;              ;         ; --         ;                 ;
; 172      ;            ; 3        ; VCCIO3         ; power  ;              ; 3.3V    ; --         ;                 ;
; 173      ; 142        ; 3        ; RESERVED_INPUT ;        ;              ;         ; Row I/O    ;                 ;
; 174      ; 143        ; 3        ; RESERVED_INPUT ;        ;              ;         ; Row I/O    ;                 ;
; 175      ; 144        ; 3        ; RESERVED_INPUT ;        ;              ;         ; Row I/O    ;                 ;
; 176      ; 145        ; 3        ; RESERVED_INPUT ;        ;              ;         ; Row I/O    ;                 ;
; 177      ; 146        ; 3        ; RESERVED_INPUT ;        ;              ;         ; Row I/O    ;                 ;
; 178      ; 147        ; 3        ; RESERVED_INPUT ;        ;              ;         ; Row I/O    ;                 ;
; 179      ; 148        ; 3        ; RESERVED_INPUT ;        ;              ;         ; Row I/O    ;                 ;
; 180      ; 149        ; 3        ; RESERVED_INPUT ;        ;              ;         ; Row I/O    ;                 ;
; 181      ; 150        ; 2        ; RESERVED_INPUT ;        ;              ;         ; Column I/O ;                 ;
; 182      ; 151        ; 2        ; RESERVED_INPUT ;        ;              ;         ; Column I/O ;                 ;
; 183      ; 152        ; 2        ; RESERVED_INPUT ;        ;              ;         ; Column I/O ;                 ;
; 184      ; 153        ; 2        ; RESERVED_INPUT ;        ;              ;         ; Column I/O ;                 ;
; 185      ; 154        ; 2        ; RESERVED_INPUT ;        ;              ;         ; Column I/O ;                 ;
; 186      ; 155        ; 2        ; RESERVED_INPUT ;        ;              ;         ; Column I/O ;                 ;
; 187      ; 156        ; 2        ; RESERVED_INPUT ;        ;              ;         ; Column I/O ;                 ;
; 188      ; 157        ; 2        ; RESERVED_INPUT ;        ;              ;         ; Column I/O ;                 ;
; 189      ;            ; 2        ; VCCIO2         ; power  ;              ; 3.3V    ; --         ;                 ;
; 190      ;            ;          ; GND            ; gnd    ;              ;         ; --         ;                 ;
; 191      ;            ;          ; VCCINT         ; power  ;              ; 1.5V    ; --         ;                 ;
; 192      ;            ;          ; GND            ; gnd    ;              ;         ; --         ;                 ;
; 193      ; 158        ; 2        ; RESERVED_INPUT ;        ;              ;         ; Column I/O ;                 ;
; 194      ; 159        ; 2        ; RESERVED_INPUT ;        ;              ;         ; Column I/O ;                 ;
; 195      ; 160        ; 2        ; RESERVED_INPUT ;        ;              ;         ; Column I/O ;                 ;
; 196      ; 161        ; 2        ; RESERVED_INPUT ;        ;              ;         ; Column I/O ;                 ;
; 197      ; 162        ; 2        ; RESERVED_INPUT ;        ;              ;         ; Column I/O ;                 ;
; 198      ; 163        ; 2        ; RESERVED_INPUT ;        ;              ;         ; Column I/O ;                 ;
; 199      ; 164        ; 2        ; RESERVED_INPUT ;        ;              ;         ; Column I/O ;                 ;
; 200      ; 165        ; 2        ; RESERVED_INPUT ;        ;              ;         ; Column I/O ;                 ;
; 201      ; 166        ; 2        ; RESERVED_INPUT ;        ;              ;         ; Column I/O ;                 ;
; 202      ; 167        ; 2        ; RESERVED_INPUT ;        ;              ;         ; Column I/O ;                 ;
; 203      ; 168        ; 2        ; RESERVED_INPUT ;        ;              ;         ; Column I/O ;                 ;
; 204      ; 169        ; 2        ; RESERVED_INPUT ;        ;              ;         ; Column I/O ;                 ;
; 205      ; 170        ; 2        ; RESERVED_INPUT ;        ;              ;         ; Column I/O ;                 ;
; 206      ; 171        ; 2        ; RESERVED_INPUT ;        ;              ;         ; Column I/O ;                 ;
; 207      ; 172        ; 2        ; RESERVED_INPUT ;        ;              ;         ; Column I/O ;                 ;
; 208      ; 173        ; 2        ; RESERVED_INPUT ;        ;              ;         ; Column I/O ;                 ;
; 209      ;            ; 2        ; VCCIO2         ; power  ;              ; 3.3V    ; --         ;                 ;
; 210      ;            ;          ; GND            ; gnd    ;              ;         ; --         ;                 ;
; 211      ;            ;          ; VCCINT         ; power  ;              ; 1.5V    ; --         ;                 ;
; 212      ;            ;          ; GND            ; gnd    ;              ;         ; --         ;                 ;
; 213      ; 174        ; 2        ; RESERVED_INPUT ;        ;              ;         ; Column I/O ;                 ;
; 214      ; 175        ; 2        ; RESERVED_INPUT ;        ;              ;         ; Column I/O ;                 ;
; 215      ; 176        ; 2        ; RESERVED_INPUT ;        ;              ;         ; Column I/O ;                 ;
; 216      ; 177        ; 2        ; RESERVED_INPUT ;        ;              ;         ; Column I/O ;                 ;
; 217      ; 178        ; 2        ; RESERVED_INPUT ;        ;              ;         ; Column I/O ;                 ;
; 218      ; 179        ; 2        ; RESERVED_INPUT ;        ;              ;         ; Column I/O ;                 ;
; 219      ; 180        ; 2        ; RESERVED_INPUT ;        ;              ;         ; Column I/O ;                 ;
; 220      ; 181        ; 2        ; RESERVED_INPUT ;        ;              ;         ; Column I/O ;                 ;
; 221      ; 182        ; 2        ; RESERVED_INPUT ;        ;              ;         ; Column I/O ;                 ;
; 222      ; 183        ; 2        ; RESERVED_INPUT ;        ;              ;         ; Column I/O ;                 ;
; 223      ; 184        ; 2        ; RESERVED_INPUT ;        ;              ;         ; Column I/O ;                 ;
; 224      ; 185        ; 2        ; RESERVED_INPUT ;        ;              ;         ; Column I/O ;                 ;
; 225      ; 186        ; 2        ; RESERVED_INPUT ;        ;              ;         ; Column I/O ;                 ;
; 226      ; 187        ; 2        ; RESERVED_INPUT ;        ;              ;         ; Column I/O ;                 ;
; 227      ; 188        ; 2        ; RESERVED_INPUT ;        ;              ;         ; Column I/O ;                 ;
; 228      ; 189        ; 2        ; RESERVED_INPUT ;        ;              ;         ; Column I/O ;                 ;
; 229      ;            ;          ; VCCINT         ; power  ;              ; 1.5V    ; --         ;                 ;
; 230      ;            ;          ; GND            ; gnd    ;              ;         ; --         ;                 ;
; 231      ;            ; 2        ; VCCIO2         ; power  ;              ; 3.3V    ; --         ;                 ;
; 232      ;            ;          ; GND            ; gnd    ;              ;         ; --         ;                 ;
; 233      ; 190        ; 2        ; RESERVED_INPUT ;        ;              ;         ; Column I/O ;                 ;
; 234      ; 191        ; 2        ; RESERVED_INPUT ;        ;              ;         ; Column I/O ;                 ;
; 235      ; 192        ; 2        ; RESERVED_INPUT ;        ;              ;         ; Column I/O ;                 ;
; 236      ; 193        ; 2        ; RESERVED_INPUT ;        ;              ;         ; Column I/O ;                 ;
; 237      ; 194        ; 2        ; RESERVED_INPUT ;        ;              ;         ; Column I/O ;                 ;
; 238      ; 195        ; 2        ; RESERVED_INPUT ;        ;              ;         ; Column I/O ;                 ;
; 239      ; 196        ; 2        ; RESERVED_INPUT ;        ;              ;         ; Column I/O ;                 ;
; 240      ; 197        ; 2        ; RESERVED_INPUT ;        ;              ;         ; Column I/O ;                 ;
+----------+------------+----------+----------------+--------+--------------+---------+------------+-----------------+


+------------------------------------------------------------------+
; Output Pin Default Load For Reported TCO                         ;
+---------------------+-------+------------------------------------+
; I/O Standard        ; Load  ; Termination Resistance             ;
+---------------------+-------+------------------------------------+
; LVTTL               ; 10 pF ; Not Available                      ;
; LVCMOS              ; 10 pF ; Not Available                      ;
; 2.5 V               ; 10 pF ; Not Available                      ;
; 1.8 V               ; 10 pF ; Not Available                      ;
; 1.5 V               ; 10 pF ; Not Available                      ;
; SSTL-3 Class I      ; 30 pF ; 50 Ohm (Parallel), 25 Ohm (Serial) ;
; SSTL-3 Class II     ; 30 pF ; 25 Ohm (Parallel), 25 Ohm (Serial) ;
; SSTL-2 Class I      ; 30 pF ; 50 Ohm (Parallel), 25 Ohm (Serial) ;
; SSTL-2 Class II     ; 30 pF ; 25 Ohm (Parallel), 25 Ohm (Serial) ;
; Differential SSTL-2 ; 30 pF ; (See SSTL-2)                       ;
; 3.3-V PCI           ; 10 pF ; 25 Ohm (Parallel)                  ;
; LVDS                ; 4 pF  ; 100 Ohm (Differential)             ;
; RSDS                ; 0 pF  ; 100 Ohm (Differential)             ;
+---------------------+-------+------------------------------------+
Note: User assignments will override these defaults. The user specified values are listed in the Output Pins and Bidir Pins tables.


+---------------------------------------------------------------------------------------------------------------------------------------------------------------------------------------------------------------------------------------------------------------------------+
; Fitter Resource Utilization by Entity                                                                                                                                                                                                                                     ;
+-------------------------------------------+-------------+--------------+-------------+------+--------------+--------------+-------------------+------------------+-----------------+--------------------------------------------------------------------------------------+
; Compilation Hierarchy Node                ; Logic Cells ; LC Registers ; Memory Bits ; Pins ; Virtual Pins ; LUT-Only LCs ; Register-Only LCs ; LUT/Register LCs ; Carry Chain LCs ; Full Hierarchy Name                                                                  ;
+-------------------------------------------+-------------+--------------+-------------+------+--------------+--------------+-------------------+------------------+-----------------+--------------------------------------------------------------------------------------+
; |tutor2                                   ; 120 (0)     ; 68           ; 0           ; 14   ; 0            ; 52 (0)       ; 1 (0)             ; 67 (0)           ; 33 (0)          ; |tutor2                                                                              ;
;    |LCD_Display:inst1|                    ; 112 (112)   ; 60           ; 0           ; 0    ; 0            ; 52 (52)      ; 1 (1)             ; 59 (59)          ; 25 (25)         ; |tutor2|LCD_Display:inst1                                                            ;
;    |lpm_counter0:inst2|                   ; 8 (0)       ; 8            ; 0           ; 0    ; 0            ; 0 (0)        ; 0 (0)             ; 8 (0)            ; 8 (0)           ; |tutor2|lpm_counter0:inst2                                                           ;
;       |lpm_counter:lpm_counter_component| ; 8 (0)       ; 8            ; 0           ; 0    ; 0            ; 0 (0)        ; 0 (0)             ; 8 (0)            ; 8 (0)           ; |tutor2|lpm_counter0:inst2|lpm_counter:lpm_counter_component                         ;
;          |cntr_ia7:auto_generated|        ; 8 (8)       ; 8            ; 0           ; 0    ; 0            ; 0 (0)        ; 0 (0)             ; 8 (8)            ; 8 (8)           ; |tutor2|lpm_counter0:inst2|lpm_counter:lpm_counter_component|cntr_ia7:auto_generated ;
+-------------------------------------------+-------------+--------------+-------------+------+--------------+--------------+-------------------+------------------+-----------------+--------------------------------------------------------------------------------------+
Note: For table entries with two numbers listed, the numbers in parentheses indicate the number of resources of the given type used by the specific entity alone. The numbers listed outside of parentheses indicate the total resources of the given type used by the specific entity and all of its sub-entities in the hierarchy.


+--------------------------------------------------------------------------------------+
; Delay Chain Summary                                                                  ;
+-------------+----------+---------------+---------------+-----------------------+-----+
; Name        ; Pin Type ; Pad to Core 0 ; Pad to Core 1 ; Pad to Input Register ; TCO ;
+-------------+----------+---------------+---------------+-----------------------+-----+
; SW8         ; Input    ; ON            ; ON            ; --                    ; --  ;
; CLK_48Mhz   ; Input    ; OFF           ; OFF           ; --                    ; --  ;
; SW4         ; Input    ; OFF           ; OFF           ; --                    ; --  ;
; LCD_RS      ; Output   ; --            ; --            ; --                    ; --  ;
; LCD_E       ; Output   ; --            ; --            ; --                    ; --  ;
; LCD_RW      ; Output   ; --            ; --            ; --                    ; --  ;
; DATA_BUS[7] ; Bidir    ; OFF           ; OFF           ; --                    ; --  ;
; DATA_BUS[6] ; Bidir    ; OFF           ; OFF           ; --                    ; --  ;
; DATA_BUS[5] ; Bidir    ; OFF           ; OFF           ; --                    ; --  ;
; DATA_BUS[4] ; Bidir    ; OFF           ; OFF           ; --                    ; --  ;
; DATA_BUS[3] ; Bidir    ; OFF           ; OFF           ; --                    ; --  ;
; DATA_BUS[2] ; Bidir    ; OFF           ; OFF           ; --                    ; --  ;
; DATA_BUS[1] ; Bidir    ; OFF           ; OFF           ; --                    ; --  ;
; DATA_BUS[0] ; Bidir    ; OFF           ; OFF           ; --                    ; --  ;
+-------------+----------+---------------+---------------+-----------------------+-----+


+----------------------------------------------------------------------------------------------------------------------------------+
; Pad To Core Delay Chain Fanout                                                                                                   ;
+----------------------------------------------------------------------------------------------------+-------------------+---------+
; Source Pin / Fanout                                                                                ; Pad To Core Index ; Setting ;
+----------------------------------------------------------------------------------------------------+-------------------+---------+
; SW8                                                                                                ;                   ;         ;
;      - LCD_Display:inst1|LCD_RS                                                                    ; 0                 ; ON      ;
;      - LCD_Display:inst1|CLK_400HZ                                                                 ; 0                 ; ON      ;
;      - LCD_Display:inst1|state.print_string                                                        ; 0                 ; ON      ;
;      - LCD_Display:inst1|LCD_E                                                                     ; 0                 ; ON      ;
;      - LCD_Display:inst1|LCD_RW                                                                    ; 0                 ; ON      ;
;      - LCD_Display:inst1|next_command.print_string                                                 ; 0                 ; ON      ;
;      - LCD_Display:inst1|DATA_BUS_VALUE[7]                                                         ; 0                 ; ON      ;
;      - LCD_Display:inst1|DATA_BUS_VALUE[6]                                                         ; 0                 ; ON      ;
;      - LCD_Display:inst1|DATA_BUS_VALUE[5]                                                         ; 0                 ; ON      ;
;      - LCD_Display:inst1|DATA_BUS_VALUE[4]                                                         ; 0                 ; ON      ;
;      - LCD_Display:inst1|DATA_BUS_VALUE[3]                                                         ; 0                 ; ON      ;
;      - LCD_Display:inst1|DATA_BUS_VALUE[2]                                                         ; 0                 ; ON      ;
;      - LCD_Display:inst1|DATA_BUS_VALUE[1]                                                         ; 0                 ; ON      ;
;      - LCD_Display:inst1|DATA_BUS_VALUE[0]                                                         ; 0                 ; ON      ;
;      - LCD_Display:inst1|state.mode_set                                                            ; 0                 ; ON      ;
;      - LCD_Display:inst1|state.line2                                                               ; 0                 ; ON      ;
;      - LCD_Display:inst1|state.return_home                                                         ; 0                 ; ON      ;
;      - LCD_Display:inst1|CHAR_COUNT[0]                                                             ; 0                 ; ON      ;
;      - LCD_Display:inst1|CHAR_COUNT[3]                                                             ; 0                 ; ON      ;
;      - LCD_Display:inst1|CHAR_COUNT[1]                                                             ; 0                 ; ON      ;
;      - LCD_Display:inst1|CHAR_COUNT[2]                                                             ; 0                 ; ON      ;
;      - LCD_Display:inst1|CHAR_COUNT[4]                                                             ; 0                 ; ON      ;
;      - LCD_Display:inst1|CLK_COUNT_400HZ[14]~387                                                   ; 0                 ; ON      ;
;      - lpm_counter0:inst2|lpm_counter:lpm_counter_component|cntr_ia7:auto_generated|counter_cella6 ; 0                 ; ON      ;
;      - lpm_counter0:inst2|lpm_counter:lpm_counter_component|cntr_ia7:auto_generated|counter_cella2 ; 0                 ; ON      ;
;      - lpm_counter0:inst2|lpm_counter:lpm_counter_component|cntr_ia7:auto_generated|counter_cella5 ; 0                 ; ON      ;
;      - lpm_counter0:inst2|lpm_counter:lpm_counter_component|cntr_ia7:auto_generated|counter_cella1 ; 0                 ; ON      ;
;      - lpm_counter0:inst2|lpm_counter:lpm_counter_component|cntr_ia7:auto_generated|counter_cella3 ; 0                 ; ON      ;
;      - lpm_counter0:inst2|lpm_counter:lpm_counter_component|cntr_ia7:auto_generated|counter_cella7 ; 0                 ; ON      ;
;      - LCD_Display:inst1|state.display_on                                                          ; 0                 ; ON      ;
;      - LCD_Display:inst1|state.display_off                                                         ; 0                 ; ON      ;
;      - LCD_Display:inst1|state.display_clear                                                       ; 0                 ; ON      ;
;      - LCD_Display:inst1|state.reset3                                                              ; 0                 ; ON      ;
;      - LCD_Display:inst1|state.func_set                                                            ; 0                 ; ON      ;
;      - LCD_Display:inst1|state.reset2                                                              ; 0                 ; ON      ;
;      - LCD_Display:inst1|state.reset1                                                              ; 0                 ; ON      ;
;      - lpm_counter0:inst2|lpm_counter:lpm_counter_component|cntr_ia7:auto_generated|counter_cella0 ; 0                 ; ON      ;
;      - lpm_counter0:inst2|lpm_counter:lpm_counter_component|cntr_ia7:auto_generated|counter_cella4 ; 0                 ; ON      ;
;      - LCD_Display:inst1|next_command.mode_set                                                     ; 0                 ; ON      ;
;      - LCD_Display:inst1|next_command.line2                                                        ; 0                 ; ON      ;
;      - LCD_Display:inst1|next_command.return_home                                                  ; 0                 ; ON      ;
;      - LCD_Display:inst1|next_command.display_on                                                   ; 0                 ; ON      ;
;      - LCD_Display:inst1|next_command.display_off                                                  ; 0                 ; ON      ;
;      - LCD_Display:inst1|next_command.display_clear                                                ; 0                 ; ON      ;
;      - LCD_Display:inst1|next_command.reset3                                                       ; 0                 ; ON      ;
;      - LCD_Display:inst1|next_command.func_set                                                     ; 0                 ; ON      ;
;      - LCD_Display:inst1|next_command.reset2                                                       ; 0                 ; ON      ;
;      - LCD_Display:inst1|state.drop_lcd_e                                                          ; 0                 ; ON      ;
;      - LCD_Display:inst1|state.hold                                                                ; 0                 ; ON      ;
; CLK_48Mhz                                                                                          ;                   ;         ;
; SW4                                                                                                ;                   ;         ;
;      - lpm_counter0:inst2|lpm_counter:lpm_counter_component|cntr_ia7:auto_generated|counter_cella0 ; 0                 ; OFF     ;
;      - lpm_counter0:inst2|lpm_counter:lpm_counter_component|cntr_ia7:auto_generated|counter_cella1 ; 0                 ; OFF     ;
;      - lpm_counter0:inst2|lpm_counter:lpm_counter_component|cntr_ia7:auto_generated|counter_cella2 ; 0                 ; OFF     ;
;      - lpm_counter0:inst2|lpm_counter:lpm_counter_component|cntr_ia7:auto_generated|counter_cella3 ; 0                 ; OFF     ;
;      - lpm_counter0:inst2|lpm_counter:lpm_counter_component|cntr_ia7:auto_generated|counter_cella4 ; 0                 ; OFF     ;
;      - lpm_counter0:inst2|lpm_counter:lpm_counter_component|cntr_ia7:auto_generated|counter_cella5 ; 0                 ; OFF     ;
;      - lpm_counter0:inst2|lpm_counter:lpm_counter_component|cntr_ia7:auto_generated|counter_cella6 ; 0                 ; OFF     ;
;      - lpm_counter0:inst2|lpm_counter:lpm_counter_component|cntr_ia7:auto_generated|counter_cella7 ; 0                 ; OFF     ;
; DATA_BUS[7]                                                                                        ;                   ;         ;
; DATA_BUS[6]                                                                                        ;                   ;         ;
; DATA_BUS[5]                                                                                        ;                   ;         ;
; DATA_BUS[4]                                                                                        ;                   ;         ;
; DATA_BUS[3]                                                                                        ;                   ;         ;
; DATA_BUS[2]                                                                                        ;                   ;         ;
; DATA_BUS[1]                                                                                        ;                   ;         ;
; DATA_BUS[0]                                                                                        ;                   ;         ;
+----------------------------------------------------------------------------------------------------+-------------------+---------+


+-----------------------------------------------------------------------------------------------------------------------------------------------------------------+
; Control Signals                                                                                                                                                 ;
+-------------------------------------------+--------------+---------+-----------------------------------------+--------+----------------------+------------------+
; Name                                      ; Location     ; Fan-Out ; Usage                                   ; Global ; Global Resource Used ; Global Line Name ;
+-------------------------------------------+--------------+---------+-----------------------------------------+--------+----------------------+------------------+
; CLK_48Mhz                                 ; PIN_29       ; 21      ; Clock                                   ; yes    ; Global clock         ; GCLK1            ;
; LCD_Display:inst1|CLK_400HZ               ; LC_X7_Y13_N9 ; 40      ; Clock                                   ; yes    ; Global clock         ; GCLK0            ;
; LCD_Display:inst1|CLK_COUNT_400HZ[14]~387 ; LC_X7_Y13_N2 ; 20      ; Sync. clear                             ; no     ; --                   ; --               ;
; LCD_Display:inst1|LCD_RS~0                ; LC_X21_Y8_N6 ; 10      ; Clock enable                            ; no     ; --                   ; --               ;
; LCD_Display:inst1|LCD_RW                  ; LC_X22_Y5_N4 ; 9       ; Output enable                           ; no     ; --                   ; --               ;
; LCD_Display:inst1|state.hold              ; LC_X21_Y6_N0 ; 21      ; Clock enable                            ; no     ; --                   ; --               ;
; LCD_Display:inst1|state.print_string      ; LC_X21_Y8_N0 ; 17      ; Sync. load                              ; no     ; --                   ; --               ;
; SW4                                       ; PIN_48       ; 8       ; Clock                                   ; yes    ; Global clock         ; GCLK2            ;
; SW8                                       ; PIN_23       ; 49      ; Async. clear, Clock enable, Sync. clear ; yes    ; Global clock         ; GCLK3            ;
+-------------------------------------------+--------------+---------+-----------------------------------------+--------+----------------------+------------------+


+------------------------------------------------------------------------------------------------+
; Global & Other Fast Signals                                                                    ;
+-----------------------------+--------------+---------+----------------------+------------------+
; Name                        ; Location     ; Fan-Out ; Global Resource Used ; Global Line Name ;
+-----------------------------+--------------+---------+----------------------+------------------+
; CLK_48Mhz                   ; PIN_29       ; 21      ; Global clock         ; GCLK1            ;
; LCD_Display:inst1|CLK_400HZ ; LC_X7_Y13_N9 ; 40      ; Global clock         ; GCLK0            ;
; SW4                         ; PIN_48       ; 8       ; Global clock         ; GCLK2            ;
; SW8                         ; PIN_23       ; 49      ; Global clock         ; GCLK3            ;
+-----------------------------+--------------+---------+----------------------+------------------+


+------------------------------------------------------------------------------------------------------------+
; Non-Global High Fan-Out Signals                                                                            ;
+--------------------------------------------------------------------------------------------------+---------+
; Name                                                                                             ; Fan-Out ;
+--------------------------------------------------------------------------------------------------+---------+
; LCD_Display:inst1|state.hold                                                                     ; 21      ;
; LCD_Display:inst1|CLK_COUNT_400HZ[14]~387                                                        ; 20      ;
; LCD_Display:inst1|state.print_string                                                             ; 17      ;
; LCD_Display:inst1|CHAR_COUNT[3]                                                                  ; 16      ;
; LCD_Display:inst1|CHAR_COUNT[0]                                                                  ; 14      ;
; LCD_Display:inst1|CHAR_COUNT[2]                                                                  ; 12      ;
; LCD_Display:inst1|state.drop_lcd_e                                                               ; 12      ;
; LCD_Display:inst1|CHAR_COUNT[4]                                                                  ; 11      ;
; LCD_Display:inst1|CHAR_COUNT[1]                                                                  ; 10      ;
; LCD_Display:inst1|LCD_RS~0                                                                       ; 10      ;
; LCD_Display:inst1|LCD_RW                                                                         ; 9       ;
; LCD_Display:inst1|state.reset1                                                                   ; 7       ;
; LCD_Display:inst1|Next_Char[1]~1275                                                              ; 6       ;
; LCD_Display:inst1|Next_Char[2]~1273                                                              ; 5       ;
; LCD_Display:inst1|CLK_COUNT_400HZ[4]~389                                                         ; 5       ;
; LCD_Display:inst1|Next_Char[3]~1271                                                              ; 5       ;
; LCD_Display:inst1|CLK_COUNT_400HZ[9]~376                                                         ; 5       ;
; LCD_Display:inst1|CLK_COUNT_400HZ[14]~344                                                        ; 5       ;
; LCD_Display:inst1|reduce_or~0                                                                    ; 4       ;
; LCD_Display:inst1|Next_Char[5]~1278                                                              ; 4       ;
; LCD_Display:inst1|Next_Char[0]~1284                                                              ; 3       ;
; lpm_counter0:inst2|lpm_counter:lpm_counter_component|cntr_ia7:auto_generated|counter_cella4~COUT ; 3       ;
; LCD_Display:inst1|state.display_clear                                                            ; 3       ;
; LCD_Display:inst1|state.display_on                                                               ; 3       ;
; LCD_Display:inst1|Next_Char[6]~1281                                                              ; 3       ;
; LCD_Display:inst1|Next_Char[4]~1279                                                              ; 3       ;
; LCD_Display:inst1|LessThan~601                                                                   ; 3       ;
; LCD_Display:inst1|Select~2214                                                                    ; 3       ;
; LCD_Display:inst1|state.line2                                                                    ; 3       ;
; LCD_Display:inst1|state.mode_set                                                                 ; 3       ;
; LCD_Display:inst1|CLK_COUNT_400HZ[18]                                                            ; 3       ;
; LCD_Display:inst1|CLK_COUNT_400HZ[19]                                                            ; 3       ;
; LCD_Display:inst1|Select~2254                                                                    ; 2       ;
; LCD_Display:inst1|Next_Char[3]~1286                                                              ; 2       ;
; LCD_Display:inst1|next_command.reset2                                                            ; 2       ;
; LCD_Display:inst1|next_command.func_set                                                          ; 2       ;
; LCD_Display:inst1|next_command.reset3                                                            ; 2       ;
; LCD_Display:inst1|next_command.display_clear                                                     ; 2       ;
; LCD_Display:inst1|next_command.display_off                                                       ; 2       ;
; LCD_Display:inst1|next_command.display_on                                                        ; 2       ;
; LCD_Display:inst1|next_command.return_home                                                       ; 2       ;
; LCD_Display:inst1|next_command.line2                                                             ; 2       ;
; LCD_Display:inst1|next_command.mode_set                                                          ; 2       ;
; LCD_Display:inst1|Select~2228                                                                    ; 2       ;
; lpm_counter0:inst2|lpm_counter:lpm_counter_component|cntr_ia7:auto_generated|safe_q[4]           ; 2       ;
; lpm_counter0:inst2|lpm_counter:lpm_counter_component|cntr_ia7:auto_generated|safe_q[0]           ; 2       ;
; LCD_Display:inst1|Select~2226                                                                    ; 2       ;
; LCD_Display:inst1|state.reset2                                                                   ; 2       ;
; LCD_Display:inst1|state.func_set                                                                 ; 2       ;
; LCD_Display:inst1|state.reset3                                                                   ; 2       ;
+--------------------------------------------------------------------------------------------------+---------+


+-----------------------------------------------------+
; Interconnect Usage Summary                          ;
+----------------------------+------------------------+
; Interconnect Resource Type ; Usage                  ;
+----------------------------+------------------------+
; C4s                        ; 98 / 16,320 ( < 1 % )  ;
; Direct links               ; 39 / 21,944 ( < 1 % )  ;
; Global clocks              ; 4 / 8 ( 50 % )         ;
; LAB clocks                 ; 11 / 240 ( 4 % )       ;
; LUT chains                 ; 5 / 5,382 ( < 1 % )    ;
; Local interconnects        ; 162 / 21,944 ( < 1 % ) ;
; M4K buffers                ; 0 / 720 ( 0 % )        ;
; R4s                        ; 60 / 14,640 ( < 1 % )  ;
+----------------------------+------------------------+


+---------------------------------------------------------------------------+
; LAB Logic Elements                                                        ;
+--------------------------------------------+------------------------------+
; Number of Logic Elements  (Average = 8.57) ; Number of LABs  (Total = 14) ;
+--------------------------------------------+------------------------------+
; 1                                          ; 1                            ;
; 2                                          ; 0                            ;
; 3                                          ; 1                            ;
; 4                                          ; 0                            ;
; 5                                          ; 0                            ;
; 6                                          ; 1                            ;
; 7                                          ; 0                            ;
; 8                                          ; 0                            ;
; 9                                          ; 0                            ;
; 10                                         ; 11                           ;
+--------------------------------------------+------------------------------+


+-------------------------------------------------------------------+
; LAB-wide Signals                                                  ;
+------------------------------------+------------------------------+
; LAB-wide Signals  (Average = 2.21) ; Number of LABs  (Total = 14) ;
+------------------------------------+------------------------------+
; 1 Async. clear                     ; 10                           ;
; 1 Clock                            ; 14                           ;
; 1 Clock enable                     ; 3                            ;
; 1 Sync. clear                      ; 3                            ;
; 1 Sync. load                       ; 1                            ;
+------------------------------------+------------------------------+


+----------------------------------------------------------------------------+
; LAB Signals Sourced                                                        ;
+---------------------------------------------+------------------------------+
; Number of Signals Sourced  (Average = 8.71) ; Number of LABs  (Total = 14) ;
+---------------------------------------------+------------------------------+
; 0                                           ; 0                            ;
; 1                                           ; 1                            ;
; 2                                           ; 0                            ;
; 3                                           ; 1                            ;
; 4                                           ; 0                            ;
; 5                                           ; 0                            ;
; 6                                           ; 1                            ;
; 7                                           ; 0                            ;
; 8                                           ; 0                            ;
; 9                                           ; 0                            ;
; 10                                          ; 9                            ;
; 11                                          ; 2                            ;
+---------------------------------------------+------------------------------+


+--------------------------------------------------------------------------------+
; LAB Signals Sourced Out                                                        ;
+-------------------------------------------------+------------------------------+
; Number of Signals Sourced Out  (Average = 6.00) ; Number of LABs  (Total = 14) ;
+-------------------------------------------------+------------------------------+
; 0                                               ; 0                            ;
; 1                                               ; 1                            ;
; 2                                               ; 1                            ;
; 3                                               ; 2                            ;
; 4                                               ; 0                            ;
; 5                                               ; 1                            ;
; 6                                               ; 1                            ;
; 7                                               ; 4                            ;
; 8                                               ; 2                            ;
; 9                                               ; 0                            ;
; 10                                              ; 2                            ;
+-------------------------------------------------+------------------------------+


+-----------------------------------------------------------------------------+
; LAB Distinct Inputs                                                         ;
+----------------------------------------------+------------------------------+
; Number of Distinct Inputs  (Average = 11.14) ; Number of LABs  (Total = 14) ;
+----------------------------------------------+------------------------------+
; 0                                            ; 0                            ;
; 1                                            ; 0                            ;
; 2                                            ; 1                            ;
; 3                                            ; 1                            ;
; 4                                            ; 0                            ;
; 5                                            ; 2                            ;
; 6                                            ; 0                            ;
; 7                                            ; 2                            ;
; 8                                            ; 1                            ;
; 9                                            ; 1                            ;
; 10                                           ; 0                            ;
; 11                                           ; 0                            ;
; 12                                           ; 0                            ;
; 13                                           ; 0                            ;
; 14                                           ; 0                            ;
; 15                                           ; 1                            ;
; 16                                           ; 0                            ;
; 17                                           ; 2                            ;
; 18                                           ; 1                            ;
; 19                                           ; 0                            ;
; 20                                           ; 0                            ;
; 21                                           ; 1                            ;
; 22                                           ; 1                            ;
+----------------------------------------------+------------------------------+


+-----------------+
; Fitter Messages ;
+-----------------+
Info: *******************************************************************
Info: Running Quartus II Fitter
    Info: Version 5.0 Build 168 06/22/2005 Service Pack 1 SJ Web Edition
    Info: Processing started: Mon Jun 08 12:56:51 2009
Info: Command: quartus_fit --read_settings_files=off --write_settings_files=off tutor2 -c tutor2
Info: Selected device EP1C6Q240C8 for design "tutor2"
Info: Fitter is performing an Auto Fit compilation, which may decrease Fitter effort to reduce compilation time
Info: Device migration not selected. If you intend to use device migration later, you may need to change the pin assignments as they may be incompatible with other devices. 
    Info: Device EP1C12Q240C8 is compatible
Info: Timing requirements not specified -- optimizing circuit to achieve the following default global requirements
    Info: Assuming a global fmax requirement of 1 MHz
    Info: Not setting a global tsu requirement
    Info: Not setting a global tco requirement
    Info: Not setting a global tpd requirement
Info: Performing register packing on registers with non-logic cell location assignments
Info: Completed register packing on registers with non-logic cell location assignments
Info: Completed User Assigned Global Signals Promotion Operation
Info: DQS I/O pins require 0 global routing resources.
Info: Automatically promoted signal "CLK_48Mhz" to use Global clock in PIN 29
Info: Automatically promoted some destinations of signal "LCD_Display:inst1|CLK_400HZ" to use Global clock
    Info: Destination "LCD_Display:inst1|CLK_400HZ" may be non-global or may not use global clock
Info: Automatically promoted signal "SW4" to use Global clock
Info: Pin "SW4" drives global clock, but is not placed in a dedicated clock pin position
Info: Automatically promoted some destinations of signal "SW8" to use Global clock
    Info: Destination "LCD_Display:inst1|CLK_400HZ" may be non-global or may not use global clock
    Info: Destination "LCD_Display:inst1|CHAR_COUNT[0]" may be non-global or may not use global clock
    Info: Destination "LCD_Display:inst1|CHAR_COUNT[3]" may be non-global or may not use global clock
    Info: Destination "LCD_Display:inst1|CHAR_COUNT[1]" may be non-global or may not use global clock
    Info: Destination "LCD_Display:inst1|CHAR_COUNT[2]" may be non-global or may not use global clock
    Info: Destination "LCD_Display:inst1|CHAR_COUNT[4]" may be non-global or may not use global clock
    Info: Destination "LCD_Display:inst1|CLK_COUNT_400HZ[14]~387" may be non-global or may not use global clock
Info: Pin "SW8" drives global clock, but is not placed in a dedicated clock pin position
Info: Completed Auto Global Promotion Operation
Info: Starting register packing
Info: Started Fast Input/Output/OE register processing
Info: Finished Fast Input/Output/OE register processing
Info: Fitter is using Normal packing mode for logic elements with Auto setting for Auto Packed Registers logic option
Info: Moving registers into I/O cells, LUTs, and RAM blocks to improve timing and density
Info: Finished moving registers into I/O cells, LUTs, and RAM blocks
Info: Finished register packing
Info: Fitter placement preparation operations beginning
Info: Fitter placement preparation operations ending: elapsed time is 00:00:00
Info: Fitter placement operations beginning
Info: Fitter placement was successful
Info: Estimated most critical path is register to register delay of 6.357 ns
    Info: 1: + IC(0.000 ns) + CELL(0.000 ns) = 0.000 ns; Loc. = LAB_X6_Y14; Fanout = 4; REG Node = 'LCD_Display:inst1|CLK_COUNT_400HZ[5]'
    Info: 2: + IC(0.857 ns) + CELL(0.590 ns) = 1.447 ns; Loc. = LAB_X7_Y13; Fanout = 1; COMB Node = 'LCD_Display:inst1|LessThan~597'
    Info: 3: + IC(0.074 ns) + CELL(0.590 ns) = 2.111 ns; Loc. = LAB_X7_Y13; Fanout = 1; COMB Node = 'LCD_Display:inst1|LessThan~598'
    Info: 4: + IC(0.550 ns) + CELL(0.114 ns) = 2.775 ns; Loc. = LAB_X7_Y13; Fanout = 1; COMB Node = 'LCD_Display:inst1|LessThan~599'
    Info: 5: + IC(0.550 ns) + CELL(0.114 ns) = 3.439 ns; Loc. = LAB_X7_Y13; Fanout = 2; COMB Node = 'LCD_Display:inst1|LessThan~600'
    Info: 6: + IC(0.222 ns) + CELL(0.442 ns) = 4.103 ns; Loc. = LAB_X7_Y13; Fanout = 20; COMB Node = 'LCD_Display:inst1|CLK_COUNT_400HZ[14]~387'
    Info: 7: + IC(1.142 ns) + CELL(1.112 ns) = 6.357 ns; Loc. = LAB_X6_Y14; Fanout = 3; REG Node = 'LCD_Display:inst1|CLK_COUNT_400HZ[9]'
    Info: Total cell delay = 2.962 ns ( 46.59 % )
    Info: Total interconnect delay = 3.395 ns ( 53.41 % )
Info: Fitter placement operations ending: elapsed time is 00:00:00
Info: Fitter routing operations beginning
Info: Average interconnect usage is 0% of the available device resources. Peak interconnect usage is 2%.
Info: Fitter routing operations ending: elapsed time is 00:00:00
Info: Fitter performed an Auto Fit compilation. Optimizations were skipped to reduce compilation time.
Info: Completed Fixed Delay Chain Operation
Info: Started post-fitting delay annotation
Info: Delay annotation completed successfully
Info: Completed Auto Delay Chain Operation
Info: The following groups of pins have the same output enable
    Info: The following pins have the same output enable: LCD_Display:inst1|LCD_RW
        Info: Type bidirectional pin DATA_BUS[7] uses the LVTTL I/O standard
        Info: Type bidirectional pin DATA_BUS[6] uses the LVTTL I/O standard
        Info: Type bidirectional pin DATA_BUS[5] uses the LVTTL I/O standard
        Info: Type bidirectional pin DATA_BUS[4] uses the LVTTL I/O standard
        Info: Type bidirectional pin DATA_BUS[3] uses the LVTTL I/O standard
        Info: Type bidirectional pin DATA_BUS[2] uses the LVTTL I/O standard
        Info: Type bidirectional pin DATA_BUS[1] uses the LVTTL I/O standard
        Info: Type bidirectional pin DATA_BUS[0] uses the LVTTL I/O standard
Info: Quartus II Fitter was successful. 0 errors, 0 warnings
    Info: Processing ended: Mon Jun 08 12:56:58 2009
    Info: Elapsed time: 00:00:08


