2005.07.06 10:39 B C:\qbooksoft\CHAP4\CLK_DIV.ACF --> users.ece.gatech.edu /RPDS3/qbooksoft/CHAP4 CLK_DIV.ACF
2005.07.06 10:39 B C:\qbooksoft\CHAP4\clk_div.bsf --> users.ece.gatech.edu /RPDS3/qbooksoft/CHAP4 clk_div.bsf
2005.07.06 10:39 B C:\qbooksoft\CHAP4\CLK_DIV.CNF --> users.ece.gatech.edu /RPDS3/qbooksoft/CHAP4 CLK_DIV.CNF
2005.07.06 10:39 B C:\qbooksoft\CHAP4\CLK_DIV.HIF --> users.ece.gatech.edu /RPDS3/qbooksoft/CHAP4 CLK_DIV.HIF
2005.07.06 10:39 B C:\qbooksoft\CHAP4\CLK_DIV.MMF --> users.ece.gatech.edu /RPDS3/qbooksoft/CHAP4 CLK_DIV.MMF
2005.07.06 10:39 B C:\qbooksoft\CHAP4\CLK_DIV.NDB --> users.ece.gatech.edu /RPDS3/qbooksoft/CHAP4 CLK_DIV.NDB
2005.07.06 10:39 B C:\qbooksoft\CHAP4\CLK_DIV.SYM --> users.ece.gatech.edu /RPDS3/qbooksoft/CHAP4 CLK_DIV.SYM
2005.07.06 10:39 B C:\qbooksoft\CHAP4\CLK_DIV.VHD --> users.ece.gatech.edu /RPDS3/qbooksoft/CHAP4 CLK_DIV.VHD
2005.07.06 10:39 B C:\qbooksoft\CHAP4\cmp_state.ini --> users.ece.gatech.edu /RPDS3/qbooksoft/CHAP4 cmp_state.ini
2005.07.06 10:39 B C:\qbooksoft\CHAP4\DEBOUNCE.ACF --> users.ece.gatech.edu /RPDS3/qbooksoft/CHAP4 DEBOUNCE.ACF
2005.07.06 10:39 B C:\qbooksoft\CHAP4\debounce.bsf --> users.ece.gatech.edu /RPDS3/qbooksoft/CHAP4 debounce.bsf
2005.07.06 10:39 B C:\qbooksoft\CHAP4\DEBOUNCE.CNF --> users.ece.gatech.edu /RPDS3/qbooksoft/CHAP4 DEBOUNCE.CNF
2005.07.06 10:39 B C:\qbooksoft\CHAP4\DEBOUNCE.HIF --> users.ece.gatech.edu /RPDS3/qbooksoft/CHAP4 DEBOUNCE.HIF
2005.07.06 10:39 B C:\qbooksoft\CHAP4\DEBOUNCE.MMF --> users.ece.gatech.edu /RPDS3/qbooksoft/CHAP4 DEBOUNCE.MMF
2005.07.06 10:39 B C:\qbooksoft\CHAP4\DEBOUNCE.NDB --> users.ece.gatech.edu /RPDS3/qbooksoft/CHAP4 DEBOUNCE.NDB
2005.07.06 10:39 B C:\qbooksoft\CHAP4\DEBOUNCE.SYM --> users.ece.gatech.edu /RPDS3/qbooksoft/CHAP4 DEBOUNCE.SYM
2005.07.06 10:39 B C:\qbooksoft\CHAP4\DEBOUNCE.VHD --> users.ece.gatech.edu /RPDS3/qbooksoft/CHAP4 DEBOUNCE.VHD
2005.07.06 10:39 B C:\qbooksoft\CHAP4\DEC_7SEG.ACF --> users.ece.gatech.edu /RPDS3/qbooksoft/CHAP4 DEC_7SEG.ACF
2005.07.06 10:39 B C:\qbooksoft\CHAP4\DEC_7SEG.CNF --> users.ece.gatech.edu /RPDS3/qbooksoft/CHAP4 DEC_7SEG.CNF
2005.07.06 10:39 B C:\qbooksoft\CHAP4\DEC_7SEG.HIF --> users.ece.gatech.edu /RPDS3/qbooksoft/CHAP4 DEC_7SEG.HIF
2005.07.06 10:39 B C:\qbooksoft\CHAP4\DEC_7SEG.MMF --> users.ece.gatech.edu /RPDS3/qbooksoft/CHAP4 DEC_7SEG.MMF
2005.07.06 10:39 B C:\qbooksoft\CHAP4\DEC_7SEG.NDB --> users.ece.gatech.edu /RPDS3/qbooksoft/CHAP4 DEC_7SEG.NDB
2005.07.06 10:39 B C:\qbooksoft\CHAP4\DEC_7SEG.SYM --> users.ece.gatech.edu /RPDS3/qbooksoft/CHAP4 DEC_7SEG.SYM
2005.07.06 10:39 B C:\qbooksoft\CHAP4\DEC_7SEG.VHD --> users.ece.gatech.edu /RPDS3/qbooksoft/CHAP4 DEC_7SEG.VHD
2005.07.06 10:39 B C:\qbooksoft\CHAP4\LCD_Display.bsf --> users.ece.gatech.edu /RPDS3/qbooksoft/CHAP4 LCD_Display.bsf
2005.07.06 10:39 B C:\qbooksoft\CHAP4\LCD_Display.vhd --> users.ece.gatech.edu /RPDS3/qbooksoft/CHAP4 LCD_Display.vhd
2005.07.06 10:39 B C:\qbooksoft\CHAP4\LIB.DLS --> users.ece.gatech.edu /RPDS3/qbooksoft/CHAP4 LIB.DLS
2005.07.06 10:39 B C:\qbooksoft\CHAP4\lpm_counter0.bsf --> users.ece.gatech.edu /RPDS3/qbooksoft/CHAP4 lpm_counter0.bsf
2005.07.06 10:39 B C:\qbooksoft\CHAP4\lpm_counter0.cmp --> users.ece.gatech.edu /RPDS3/qbooksoft/CHAP4 lpm_counter0.cmp
2005.07.06 10:39 B C:\qbooksoft\CHAP4\lpm_counter0.vhd --> users.ece.gatech.edu /RPDS3/qbooksoft/CHAP4 lpm_counter0.vhd
2005.07.06 10:39 B C:\qbooksoft\CHAP4\lpm_counter0_wave0.jpg --> users.ece.gatech.edu /RPDS3/qbooksoft/CHAP4 lpm_counter0_wave0.jpg
2005.07.06 10:39 B C:\qbooksoft\CHAP4\lpm_counter0_waveforms.html --> users.ece.gatech.edu /RPDS3/qbooksoft/CHAP4 lpm_counter0_waveforms.html
2005.07.06 10:39 B C:\qbooksoft\CHAP4\TUTOR2.ACF --> users.ece.gatech.edu /RPDS3/qbooksoft/CHAP4 TUTOR2.ACF
2005.07.06 10:39 B C:\qbooksoft\CHAP4\tutor2.asm.rpt --> users.ece.gatech.edu /RPDS3/qbooksoft/CHAP4 tutor2.asm.rpt
2005.07.06 10:39 B C:\qbooksoft\CHAP4\tutor2.bdf --> users.ece.gatech.edu /RPDS3/qbooksoft/CHAP4 tutor2.bdf
2005.07.06 10:39 B C:\qbooksoft\CHAP4\tutor2.cdf --> users.ece.gatech.edu /RPDS3/qbooksoft/CHAP4 tutor2.cdf
2005.07.06 10:39 B C:\qbooksoft\CHAP4\TUTOR2.CNF --> users.ece.gatech.edu /RPDS3/qbooksoft/CHAP4 TUTOR2.CNF
2005.07.06 10:39 B C:\qbooksoft\CHAP4\tutor2.done --> users.ece.gatech.edu /RPDS3/qbooksoft/CHAP4 tutor2.done
2005.07.06 10:39 B C:\qbooksoft\CHAP4\TUTOR2.FIT --> users.ece.gatech.edu /RPDS3/qbooksoft/CHAP4 TUTOR2.FIT
2005.07.06 10:39 B C:\qbooksoft\CHAP4\tutor2.fit.eqn --> users.ece.gatech.edu /RPDS3/qbooksoft/CHAP4 tutor2.fit.eqn
2005.07.06 10:39 B C:\qbooksoft\CHAP4\tutor2.fit.rpt --> users.ece.gatech.edu /RPDS3/qbooksoft/CHAP4 tutor2.fit.rpt
2005.07.06 10:39 B C:\qbooksoft\CHAP4\tutor2.fit.summary --> users.ece.gatech.edu /RPDS3/qbooksoft/CHAP4 tutor2.fit.summary
2005.07.06 10:39 B C:\qbooksoft\CHAP4\tutor2.flow.rpt --> users.ece.gatech.edu /RPDS3/qbooksoft/CHAP4 tutor2.flow.rpt
2005.07.06 10:39 B C:\qbooksoft\CHAP4\TUTOR2.GDF --> users.ece.gatech.edu /RPDS3/qbooksoft/CHAP4 TUTOR2.GDF
2005.07.06 10:39 B C:\qbooksoft\CHAP4\TUTOR2.HEX --> users.ece.gatech.edu /RPDS3/qbooksoft/CHAP4 TUTOR2.HEX
2005.07.06 10:39 B C:\qbooksoft\CHAP4\TUTOR2.HIF --> users.ece.gatech.edu /RPDS3/qbooksoft/CHAP4 TUTOR2.HIF
2005.07.06 10:39 B C:\qbooksoft\CHAP4\tutor2.map.eqn --> users.ece.gatech.edu /RPDS3/qbooksoft/CHAP4 tutor2.map.eqn
2005.07.06 10:39 B C:\qbooksoft\CHAP4\tutor2.map.rpt --> users.ece.gatech.edu /RPDS3/qbooksoft/CHAP4 tutor2.map.rpt
2005.07.06 10:39 B C:\qbooksoft\CHAP4\tutor2.map.summary --> users.ece.gatech.edu /RPDS3/qbooksoft/CHAP4 tutor2.map.summary
2005.07.06 10:39 B C:\qbooksoft\CHAP4\TUTOR2.MMF --> users.ece.gatech.edu /RPDS3/qbooksoft/CHAP4 TUTOR2.MMF
2005.07.06 10:39 B C:\qbooksoft\CHAP4\TUTOR2.NDB --> users.ece.gatech.edu /RPDS3/qbooksoft/CHAP4 TUTOR2.NDB
2005.07.06 10:39 B C:\qbooksoft\CHAP4\TUTOR2.PIN --> users.ece.gatech.edu /RPDS3/qbooksoft/CHAP4 TUTOR2.PIN
2005.07.06 10:39 B C:\qbooksoft\CHAP4\TUTOR2.POF --> users.ece.gatech.edu /RPDS3/qbooksoft/CHAP4 TUTOR2.POF
2005.07.06 10:39 B C:\qbooksoft\CHAP4\tutor2.qpf --> users.ece.gatech.edu /RPDS3/qbooksoft/CHAP4 tutor2.qpf
2005.07.06 10:39 B C:\qbooksoft\CHAP4\tutor2.qsf --> users.ece.gatech.edu /RPDS3/qbooksoft/CHAP4 tutor2.qsf
2005.07.06 10:39 B C:\qbooksoft\CHAP4\tutor2.qws --> users.ece.gatech.edu /RPDS3/qbooksoft/CHAP4 tutor2.qws
2005.07.06 10:39 B C:\qbooksoft\CHAP4\TUTOR2.RPT --> users.ece.gatech.edu /RPDS3/qbooksoft/CHAP4 TUTOR2.RPT
2005.07.06 10:39 B C:\qbooksoft\CHAP4\tutor2.sim.rpt --> users.ece.gatech.edu /RPDS3/qbooksoft/CHAP4 tutor2.sim.rpt
2005.07.06 10:39 B C:\qbooksoft\CHAP4\TUTOR2.SNF --> users.ece.gatech.edu /RPDS3/qbooksoft/CHAP4 TUTOR2.SNF
2005.07.06 10:39 B C:\qbooksoft\CHAP4\TUTOR2.SOF --> users.ece.gatech.edu /RPDS3/qbooksoft/CHAP4 TUTOR2.SOF
2005.07.06 10:39 B C:\qbooksoft\CHAP4\tutor2.tan.rpt --> users.ece.gatech.edu /RPDS3/qbooksoft/CHAP4 tutor2.tan.rpt
2005.07.06 10:39 B C:\qbooksoft\CHAP4\tutor2.tan.summary --> users.ece.gatech.edu /RPDS3/qbooksoft/CHAP4 tutor2.tan.summary
2005.07.06 10:39 B C:\qbooksoft\CHAP4\TUTOR2.TTF --> users.ece.gatech.edu /RPDS3/qbooksoft/CHAP4 TUTOR2.TTF
2005.07.06 10:39 B C:\qbooksoft\CHAP4\tutor2_assignment_defaults.qdf --> users.ece.gatech.edu /RPDS3/qbooksoft/CHAP4 tutor2_assignment_defaults.qdf
2005.07.06 10:39 B C:\qbooksoft\CHAP4\TUTOR3.ACF --> users.ece.gatech.edu /RPDS3/qbooksoft/CHAP4 TUTOR3.ACF
2005.07.06 10:39 B C:\qbooksoft\CHAP4\tutor3.asm.rpt --> users.ece.gatech.edu /RPDS3/qbooksoft/CHAP4 tutor3.asm.rpt
2005.07.06 10:39 B C:\qbooksoft\CHAP4\tutor3.bdf --> users.ece.gatech.edu /RPDS3/qbooksoft/CHAP4 tutor3.bdf
2005.07.06 10:39 B C:\qbooksoft\CHAP4\tutor3.bsf --> users.ece.gatech.edu /RPDS3/qbooksoft/CHAP4 tutor3.bsf
2005.07.06 10:39 B C:\qbooksoft\CHAP4\TUTOR3.CNF --> users.ece.gatech.edu /RPDS3/qbooksoft/CHAP4 TUTOR3.CNF
2005.07.06 10:39 B C:\qbooksoft\CHAP4\tutor3.done --> users.ece.gatech.edu /RPDS3/qbooksoft/CHAP4 tutor3.done
2005.07.06 10:39 B C:\qbooksoft\CHAP4\TUTOR3.FIT --> users.ece.gatech.edu /RPDS3/qbooksoft/CHAP4 TUTOR3.FIT
2005.07.06 10:39 B C:\qbooksoft\CHAP4\tutor3.fit.eqn --> users.ece.gatech.edu /RPDS3/qbooksoft/CHAP4 tutor3.fit.eqn
2005.07.06 10:39 B C:\qbooksoft\CHAP4\tutor3.fit.rpt --> users.ece.gatech.edu /RPDS3/qbooksoft/CHAP4 tutor3.fit.rpt
2005.07.06 10:39 B C:\qbooksoft\CHAP4\tutor3.fit.summary --> users.ece.gatech.edu /RPDS3/qbooksoft/CHAP4 tutor3.fit.summary
2005.07.06 10:39 B C:\qbooksoft\CHAP4\tutor3.flow.rpt --> users.ece.gatech.edu /RPDS3/qbooksoft/CHAP4 tutor3.flow.rpt
2005.07.06 10:39 B C:\qbooksoft\CHAP4\TUTOR3.GDF --> users.ece.gatech.edu /RPDS3/qbooksoft/CHAP4 TUTOR3.GDF
2005.07.06 10:39 B C:\qbooksoft\CHAP4\TUTOR3.HEX --> users.ece.gatech.edu /RPDS3/qbooksoft/CHAP4 TUTOR3.HEX
2005.07.06 10:39 B C:\qbooksoft\CHAP4\TUTOR3.HIF --> users.ece.gatech.edu /RPDS3/qbooksoft/CHAP4 TUTOR3.HIF
2005.07.06 10:39 B C:\qbooksoft\CHAP4\tutor3.map.eqn --> users.ece.gatech.edu /RPDS3/qbooksoft/CHAP4 tutor3.map.eqn
2005.07.06 10:39 B C:\qbooksoft\CHAP4\tutor3.map.rpt --> users.ece.gatech.edu /RPDS3/qbooksoft/CHAP4 tutor3.map.rpt
2005.07.06 10:39 B C:\qbooksoft\CHAP4\tutor3.map.summary --> users.ece.gatech.edu /RPDS3/qbooksoft/CHAP4 tutor3.map.summary
2005.07.06 10:39 B C:\qbooksoft\CHAP4\TUTOR3.MMF --> users.ece.gatech.edu /RPDS3/qbooksoft/CHAP4 TUTOR3.MMF
2005.07.06 10:39 B C:\qbooksoft\CHAP4\TUTOR3.NDB --> users.ece.gatech.edu /RPDS3/qbooksoft/CHAP4 TUTOR3.NDB
2005.07.06 10:39 B C:\qbooksoft\CHAP4\TUTOR3.PIN --> users.ece.gatech.edu /RPDS3/qbooksoft/CHAP4 TUTOR3.PIN
2005.07.06 10:39 B C:\qbooksoft\CHAP4\TUTOR3.POF --> users.ece.gatech.edu /RPDS3/qbooksoft/CHAP4 TUTOR3.POF
2005.07.06 10:39 B C:\qbooksoft\CHAP4\tutor3.qpf --> users.ece.gatech.edu /RPDS3/qbooksoft/CHAP4 tutor3.qpf
2005.07.06 10:39 B C:\qbooksoft\CHAP4\tutor3.qsf --> users.ece.gatech.edu /RPDS3/qbooksoft/CHAP4 tutor3.qsf
2005.07.06 10:39 B C:\qbooksoft\CHAP4\tutor3.qws --> users.ece.gatech.edu /RPDS3/qbooksoft/CHAP4 tutor3.qws
2005.07.06 10:39 B C:\qbooksoft\CHAP4\TUTOR3.RPT --> users.ece.gatech.edu /RPDS3/qbooksoft/CHAP4 TUTOR3.RPT
2005.07.06 10:39 B C:\qbooksoft\CHAP4\TUTOR3.SNF --> users.ece.gatech.edu /RPDS3/qbooksoft/CHAP4 TUTOR3.SNF
2005.07.06 10:39 B C:\qbooksoft\CHAP4\TUTOR3.SOF --> users.ece.gatech.edu /RPDS3/qbooksoft/CHAP4 TUTOR3.SOF
2005.07.06 10:39 B C:\qbooksoft\CHAP4\tutor3.tan.rpt --> users.ece.gatech.edu /RPDS3/qbooksoft/CHAP4 tutor3.tan.rpt
2005.07.06 10:39 B C:\qbooksoft\CHAP4\tutor3.tan.summary --> users.ece.gatech.edu /RPDS3/qbooksoft/CHAP4 tutor3.tan.summary
2005.07.06 10:39 B C:\qbooksoft\CHAP4\TUTOR3.TTF --> users.ece.gatech.edu /RPDS3/qbooksoft/CHAP4 TUTOR3.TTF
