Flow report for LC3
Fri May 29 11:31:32 2009
Quartus II Version 8.1 Build 163 10/28/2008 SJ Web Edition


---------------------
; Table of Contents ;
---------------------
  1. Legal Notice
  2. Flow Summary
  3. Flow Settings
  4. Flow Non-Default Global Settings
  5. Flow Elapsed Time
  6. Flow OS Summary
  7. Flow Log



----------------
; Legal Notice ;
----------------
Copyright (C) 1991-2008 Altera Corporation
Your use of Altera Corporation's design tools, logic functions 
and other software and tools, and its AMPP partner logic 
functions, and any output files from any of the foregoing 
(including device programming or simulation files), and any 
associated documentation or information are expressly subject 
to the terms and conditions of the Altera Program License 
Subscription Agreement, Altera MegaCore Function License 
Agreement, or other applicable license agreement, including, 
without limitation, that your use is for the sole purpose of 
programming logic devices manufactured by Altera and sold by 
Altera or its authorized distributors.  Please refer to the 
applicable agreement for further details.



+-------------------------------------------------------------------+
; Flow Summary                                                      ;
+-------------------------+-----------------------------------------+
; Flow Status             ; Successful - Fri May 29 11:31:32 2009   ;
; Quartus II Version      ; 8.1 Build 163 10/28/2008 SJ Web Edition ;
; Revision Name           ; LC3                                     ;
; Top-level Entity Name   ; LC3                                     ;
; Family                  ; Cyclone                                 ;
; Device                  ; EP1C6Q240C8                             ;
; Timing Models           ; Final                                   ;
; Met timing requirements ; Yes                                     ;
; Total logic elements    ; 639 / 5,980 ( 11 % )                    ;
; Total pins              ; 138 / 185 ( 75 % )                      ;
; Total virtual pins      ; 0                                       ;
; Total memory bits       ; 81,920 / 92,160 ( 89 % )                ;
; Total PLLs              ; 0 / 2 ( 0 % )                           ;
+-------------------------+-----------------------------------------+


+-----------------------------------------+
; Flow Settings                           ;
+-------------------+---------------------+
; Option            ; Setting             ;
+-------------------+---------------------+
; Start date & time ; 05/29/2009 11:18:05 ;
; Main task         ; Compilation         ;
; Revision Name     ; LC3                 ;
+-------------------+---------------------+


+-----------------------------------------------------------------------------------------------------------------+
; Flow Non-Default Global Settings                                                                                ;
+------------------------------------+-----------------------------+---------------+-------------+----------------+
; Assignment Name                    ; Value                       ; Default Value ; Entity Name ; Section Id     ;
+------------------------------------+-----------------------------+---------------+-------------+----------------+
; COMPILER_SIGNATURE_ID              ; 82148481109.124361028502768 ; --            ; --          ; --             ;
; IP_TOOL_NAME                       ; LPM_COUNTER                 ; --            ; --          ; --             ;
; IP_TOOL_NAME                       ; ROM: 1-PORT                 ; --            ; --          ; --             ;
; IP_TOOL_NAME                       ; RAM: 1-PORT                 ; --            ; --          ; --             ;
; IP_TOOL_VERSION                    ; 9.0                         ; --            ; --          ; --             ;
; IP_TOOL_VERSION                    ; 8.1                         ; --            ; --          ; --             ;
; IP_TOOL_VERSION                    ; 8.1                         ; --            ; --          ; --             ;
; MAX_CORE_JUNCTION_TEMP             ; 85                          ; --            ; --          ; --             ;
; MIN_CORE_JUNCTION_TEMP             ; 0                           ; --            ; --          ; --             ;
; MISC_FILE                          ; src/lpm_counter0.bsf        ; --            ; --          ; --             ;
; MISC_FILE                          ; src/lpm_counter0_bb.v       ; --            ; --          ; --             ;
; MISC_FILE                          ; src/IRAM_inst.v             ; --            ; --          ; --             ;
; MISC_FILE                          ; src/IRAM_bb.v               ; --            ; --          ; --             ;
; MISC_FILE                          ; src/DRAM_inst.v             ; --            ; --          ; --             ;
; PARTITION_COLOR                    ; 16764057                    ; --            ; --          ; Top            ;
; PARTITION_NETLIST_TYPE             ; SOURCE                      ; --            ; --          ; Top            ;
; USE_GENERATED_PHYSICAL_CONSTRAINTS ; Off                         ; --            ; --          ; eda_blast_fpga ;
+------------------------------------+-----------------------------+---------------+-------------+----------------+


+-----------------------------------------------------------------------------------------------------------------------------+
; Flow Elapsed Time                                                                                                           ;
+-------------------------+--------------+-------------------------+---------------------+------------------------------------+
; Module Name             ; Elapsed Time ; Average Processors Used ; Peak Virtual Memory ; Total CPU Time (on all processors) ;
+-------------------------+--------------+-------------------------+---------------------+------------------------------------+
; Analysis & Synthesis    ; 00:00:20     ; 1.0                     ; 175 MB              ; 00:00:14                           ;
; Fitter                  ; 00:00:19     ; 1.0                     ; 186 MB              ; 00:00:15                           ;
; Assembler               ; 00:00:04     ; 1.0                     ; 153 MB              ; 00:00:03                           ;
; Classic Timing Analyzer ; 00:00:02     ; 1.0                     ; 118 MB              ; 00:00:01                           ;
; Classic Timing Analyzer ; 00:00:08     ; 1.0                     ; 134 MB              ; 00:00:06                           ;
; Total                   ; 00:00:53     ; --                      ; --                  ; 00:00:39                           ;
+-------------------------+--------------+-------------------------+---------------------+------------------------------------+


+---------------------------------------------------------------------------------------+
; Flow OS Summary                                                                       ;
+-------------------------+------------------+------------+------------+----------------+
; Module Name             ; Machine Hostname ; OS Name    ; OS Version ; Processor type ;
+-------------------------+------------------+------------+------------+----------------+
; Analysis & Synthesis    ; ececs-lab802m    ; Windows XP ; 5.1        ; i1586          ;
; Fitter                  ; ececs-lab802m    ; Windows XP ; 5.1        ; i1586          ;
; Assembler               ; ececs-lab802m    ; Windows XP ; 5.1        ; i1586          ;
; Classic Timing Analyzer ; ececs-lab802m    ; Windows XP ; 5.1        ; i1586          ;
; Classic Timing Analyzer ; ececs-lab802m    ; Windows XP ; 5.1        ; i1586          ;
+-------------------------+------------------+------------+------------+----------------+


------------
; Flow Log ;
------------
quartus_map --read_settings_files=on --write_settings_files=off LC3 -c LC3
quartus_fit --read_settings_files=off --write_settings_files=off LC3 -c LC3
quartus_asm --read_settings_files=off --write_settings_files=off LC3 -c LC3
quartus_tan --read_settings_files=off --write_settings_files=off LC3 -c LC3 --timing_analysis_only
quartus_tan --read_settings_files=on --write_settings_files=off LC3 -c LC3 --speed=8



