Analysis & Synthesis report for LC3
Tue May 26 21:22:02 2009
Quartus II Version 9.0 Build 132 02/25/2009 SJ Web Edition


---------------------
; Table of Contents ;
---------------------
  1. Legal Notice
  2. Analysis & Synthesis Summary
  3. Analysis & Synthesis Settings
  4. Analysis & Synthesis Source Files Read
  5. Analysis & Synthesis Resource Usage Summary
  6. Analysis & Synthesis Resource Utilization by Entity
  7. Registers Removed During Synthesis
  8. Removed Registers Triggering Further Register Optimizations
  9. General Register Statistics
 10. Multiplexer Restructuring Statistics (Restructuring Performed)
 11. Source assignments for lpm_counter0:stage_counter|lpm_counter:lpm_counter_component
 12. Parameter Settings for User Entity Instance: Data:data_inst|Dataram:inst
 13. Parameter Settings for User Entity Instance: lpm_counter0:stage_counter|lpm_counter:lpm_counter_component
 14. Parameter Settings for Inferred Entity Instance: Execution:execution_inst|ALU:b2v_inst4|lpm_mult:Mult0
 15. lpm_mult Parameter Settings by Entity Instance
 16. Port Connectivity Checks: "effective_address:effective_address_inst|mux16:EA_MUX2A"
 17. Port Connectivity Checks: "Execution:execution_inst|ALU:b2v_inst4"
 18. Port Connectivity Checks: "Execution:execution_inst"
 19. Port Connectivity Checks: "Registers:registers_inst|register_file:regfile"
 20. Analysis & Synthesis Messages
 21. Analysis & Synthesis Suppressed Messages



----------------
; Legal Notice ;
----------------
Copyright (C) 1991-2009 Altera Corporation
Your use of Altera Corporation's design tools, logic functions 
and other software and tools, and its AMPP partner logic 
functions, and any output files from any of the foregoing 
(including device programming or simulation files), and any 
associated documentation or information are expressly subject 
to the terms and conditions of the Altera Program License 
Subscription Agreement, Altera MegaCore Function License 
Agreement, or other applicable license agreement, including, 
without limitation, that your use is for the sole purpose of 
programming logic devices manufactured by Altera and sold by 
Altera or its authorized distributors.  Please refer to the 
applicable agreement for further details.



+-----------------------------------------------------------------------+
; Analysis & Synthesis Summary                                          ;
+-----------------------------+-----------------------------------------+
; Analysis & Synthesis Status ; Successful - Tue May 26 21:22:01 2009   ;
; Quartus II Version          ; 9.0 Build 132 02/25/2009 SJ Web Edition ;
; Revision Name               ; LC3                                     ;
; Top-level Entity Name       ; LC3                                     ;
; Family                      ; Cyclone                                 ;
; Total logic elements        ; 690                                     ;
; Total pins                  ; 88                                      ;
; Total virtual pins          ; 0                                       ;
; Total memory bits           ; 0                                       ;
; Total PLLs                  ; 0                                       ;
+-----------------------------+-----------------------------------------+


+----------------------------------------------------------------------------------------------------------+
; Analysis & Synthesis Settings                                                                            ;
+----------------------------------------------------------------+--------------------+--------------------+
; Option                                                         ; Setting            ; Default Value      ;
+----------------------------------------------------------------+--------------------+--------------------+
; Device                                                         ; EP1C6Q240C8        ;                    ;
; Top-level entity name                                          ; LC3                ; LC3                ;
; Family name                                                    ; Cyclone            ; Stratix II         ;
; Use Generated Physical Constraints File                        ; Off                ;                    ;
; Use smart compilation                                          ; Off                ; Off                ;
; Restructure Multiplexers                                       ; Auto               ; Auto               ;
; Create Debugging Nodes for IP Cores                            ; Off                ; Off                ;
; Preserve fewer node names                                      ; On                 ; On                 ;
; Disable OpenCore Plus hardware evaluation                      ; Off                ; Off                ;
; Verilog Version                                                ; Verilog_2001       ; Verilog_2001       ;
; VHDL Version                                                   ; VHDL93             ; VHDL93             ;
; State Machine Processing                                       ; Auto               ; Auto               ;
; Safe State Machine                                             ; Off                ; Off                ;
; Extract Verilog State Machines                                 ; On                 ; On                 ;
; Extract VHDL State Machines                                    ; On                 ; On                 ;
; Ignore Verilog initial constructs                              ; Off                ; Off                ;
; Iteration limit for constant Verilog loops                     ; 5000               ; 5000               ;
; Iteration limit for non-constant Verilog loops                 ; 250                ; 250                ;
; Add Pass-Through Logic to Inferred RAMs                        ; On                 ; On                 ;
; Parallel Synthesis                                             ; Off                ; Off                ;
; NOT Gate Push-Back                                             ; On                 ; On                 ;
; Power-Up Don't Care                                            ; On                 ; On                 ;
; Remove Redundant Logic Cells                                   ; Off                ; Off                ;
; Remove Duplicate Registers                                     ; On                 ; On                 ;
; Ignore CARRY Buffers                                           ; Off                ; Off                ;
; Ignore CASCADE Buffers                                         ; Off                ; Off                ;
; Ignore GLOBAL Buffers                                          ; Off                ; Off                ;
; Ignore ROW GLOBAL Buffers                                      ; Off                ; Off                ;
; Ignore LCELL Buffers                                           ; Off                ; Off                ;
; Ignore SOFT Buffers                                            ; On                 ; On                 ;
; Limit AHDL Integers to 32 Bits                                 ; Off                ; Off                ;
; Optimization Technique                                         ; Balanced           ; Balanced           ;
; Carry Chain Length                                             ; 70                 ; 70                 ;
; Auto Carry Chains                                              ; On                 ; On                 ;
; Auto Open-Drain Pins                                           ; On                 ; On                 ;
; Perform WYSIWYG Primitive Resynthesis                          ; Off                ; Off                ;
; Auto ROM Replacement                                           ; On                 ; On                 ;
; Auto RAM Replacement                                           ; On                 ; On                 ;
; Auto Shift Register Replacement                                ; Auto               ; Auto               ;
; Auto Clock Enable Replacement                                  ; On                 ; On                 ;
; Strict RAM Replacement                                         ; Off                ; Off                ;
; Allow Synchronous Control Signals                              ; On                 ; On                 ;
; Force Use of Synchronous Clear Signals                         ; Off                ; Off                ;
; Auto RAM Block Balancing                                       ; On                 ; On                 ;
; Auto RAM to Logic Cell Conversion                              ; Off                ; Off                ;
; Auto Resource Sharing                                          ; Off                ; Off                ;
; Allow Any RAM Size For Recognition                             ; Off                ; Off                ;
; Allow Any ROM Size For Recognition                             ; Off                ; Off                ;
; Allow Any Shift Register Size For Recognition                  ; Off                ; Off                ;
; Use LogicLock Constraints during Resource Balancing            ; On                 ; On                 ;
; Ignore translate_off and synthesis_off directives              ; Off                ; Off                ;
; Show Parameter Settings Tables in Synthesis Report             ; On                 ; On                 ;
; Ignore Maximum Fan-Out Assignments                             ; Off                ; Off                ;
; Synchronization Register Chain Length                          ; 2                  ; 2                  ;
; PowerPlay Power Optimization                                   ; Normal compilation ; Normal compilation ;
; HDL message level                                              ; Level2             ; Level2             ;
; Suppress Register Optimization Related Messages                ; Off                ; Off                ;
; Number of Removed Registers Reported in Synthesis Report       ; 100                ; 100                ;
; Number of Inverted Registers Reported in Synthesis Report      ; 100                ; 100                ;
; Clock MUX Protection                                           ; On                 ; On                 ;
; Block Design Naming                                            ; Auto               ; Auto               ;
; Synthesis Effort                                               ; Auto               ; Auto               ;
; Allows Asynchronous Clear Usage For Shift Register Replacement ; On                 ; On                 ;
; Analysis & Synthesis Message Level                             ; Medium             ; Medium             ;
+----------------------------------------------------------------+--------------------+--------------------+


+-------------------------------------------------------------------------------------------------------------------------------------------------------------------------------------------------------------------------------------------------+
; Analysis & Synthesis Source Files Read                                                                                                                                                                                                          ;
+----------------------------------+-----------------+------------------------------------+-------------------------------------------------------------------------------------------------------------------------------------------------------+
; File Name with User-Entered Path ; Used in Netlist ; File Type                          ; File Name with Absolute Path                                                                                                                          ;
+----------------------------------+-----------------+------------------------------------+-------------------------------------------------------------------------------------------------------------------------------------------------------+
; src/LC3.v                        ; yes             ; User Verilog HDL File              ; C:/Documents and Settings/Greg Mefford/My Documents/My Dropbox/UC Stuff/VLSI System Design/git/vlsi681spring09/projects/LC3/src/LC3.v                 ;
; src/reg16.v                      ; yes             ; User Verilog HDL File              ; C:/Documents and Settings/Greg Mefford/My Documents/My Dropbox/UC Stuff/VLSI System Design/git/vlsi681spring09/projects/LC3/src/reg16.v               ;
; src/control.v                    ; yes             ; User Verilog HDL File              ; C:/Documents and Settings/Greg Mefford/My Documents/My Dropbox/UC Stuff/VLSI System Design/git/vlsi681spring09/projects/LC3/src/control.v             ;
; src/Dataram.v                    ; yes             ; User Verilog HDL File              ; C:/Documents and Settings/Greg Mefford/My Documents/My Dropbox/UC Stuff/VLSI System Design/git/vlsi681spring09/projects/LC3/src/Dataram.v             ;
; src/effective_address.v          ; yes             ; User Verilog HDL File              ; C:/Documents and Settings/Greg Mefford/My Documents/My Dropbox/UC Stuff/VLSI System Design/git/vlsi681spring09/projects/LC3/src/effective_address.v   ;
; src/Instram.v                    ; yes             ; User Verilog HDL File              ; C:/Documents and Settings/Greg Mefford/My Documents/My Dropbox/UC Stuff/VLSI System Design/git/vlsi681spring09/projects/LC3/src/Instram.v             ;
; src/mux16.v                      ; yes             ; User Verilog HDL File              ; C:/Documents and Settings/Greg Mefford/My Documents/My Dropbox/UC Stuff/VLSI System Design/git/vlsi681spring09/projects/LC3/src/mux16.v               ;
; src/register_file.v              ; yes             ; User Verilog HDL File              ; C:/Documents and Settings/Greg Mefford/My Documents/My Dropbox/UC Stuff/VLSI System Design/git/vlsi681spring09/projects/LC3/src/register_file.v       ;
; src/ALU.v                        ; yes             ; User Verilog HDL File              ; C:/Documents and Settings/Greg Mefford/My Documents/My Dropbox/UC Stuff/VLSI System Design/git/vlsi681spring09/projects/LC3/src/ALU.v                 ;
; src/Instruction_Fetch.bdf        ; yes             ; User Block Diagram/Schematic File  ; C:/Documents and Settings/Greg Mefford/My Documents/My Dropbox/UC Stuff/VLSI System Design/git/vlsi681spring09/projects/LC3/src/Instruction_Fetch.bdf ;
; src/inc16.v                      ; yes             ; User Verilog HDL File              ; C:/Documents and Settings/Greg Mefford/My Documents/My Dropbox/UC Stuff/VLSI System Design/git/vlsi681spring09/projects/LC3/src/inc16.v               ;
; src/SE5.v                        ; yes             ; User Verilog HDL File              ; C:/Documents and Settings/Greg Mefford/My Documents/My Dropbox/UC Stuff/VLSI System Design/git/vlsi681spring09/projects/LC3/src/SE5.v                 ;
; src/Data.bdf                     ; yes             ; User Block Diagram/Schematic File  ; C:/Documents and Settings/Greg Mefford/My Documents/My Dropbox/UC Stuff/VLSI System Design/git/vlsi681spring09/projects/LC3/src/Data.bdf              ;
; src/Registers.v                  ; yes             ; User Verilog HDL File              ; C:/Documents and Settings/Greg Mefford/My Documents/My Dropbox/UC Stuff/VLSI System Design/git/vlsi681spring09/projects/LC3/src/Registers.v           ;
; src/Execution.v                  ; yes             ; User Verilog HDL File              ; C:/Documents and Settings/Greg Mefford/My Documents/My Dropbox/UC Stuff/VLSI System Design/git/vlsi681spring09/projects/LC3/src/Execution.v           ;
; src/lpm_counter0.v               ; yes             ; User Wizard-Generated File         ; C:/Documents and Settings/Greg Mefford/My Documents/My Dropbox/UC Stuff/VLSI System Design/git/vlsi681spring09/projects/LC3/src/lpm_counter0.v        ;
; lpm_counter.tdf                  ; yes             ; Megafunction                       ; c:/altera/90/quartus/libraries/megafunctions/lpm_counter.tdf                                                                                          ;
; lpm_constant.inc                 ; yes             ; Megafunction                       ; c:/altera/90/quartus/libraries/megafunctions/lpm_constant.inc                                                                                         ;
; lpm_decode.inc                   ; yes             ; Megafunction                       ; c:/altera/90/quartus/libraries/megafunctions/lpm_decode.inc                                                                                           ;
; lpm_add_sub.inc                  ; yes             ; Megafunction                       ; c:/altera/90/quartus/libraries/megafunctions/lpm_add_sub.inc                                                                                          ;
; cmpconst.inc                     ; yes             ; Megafunction                       ; c:/altera/90/quartus/libraries/megafunctions/cmpconst.inc                                                                                             ;
; lpm_compare.inc                  ; yes             ; Megafunction                       ; c:/altera/90/quartus/libraries/megafunctions/lpm_compare.inc                                                                                          ;
; lpm_counter.inc                  ; yes             ; Megafunction                       ; c:/altera/90/quartus/libraries/megafunctions/lpm_counter.inc                                                                                          ;
; dffeea.inc                       ; yes             ; Megafunction                       ; c:/altera/90/quartus/libraries/megafunctions/dffeea.inc                                                                                               ;
; alt_synch_counter.inc            ; yes             ; Megafunction                       ; c:/altera/90/quartus/libraries/megafunctions/alt_synch_counter.inc                                                                                    ;
; alt_synch_counter_f.inc          ; yes             ; Megafunction                       ; c:/altera/90/quartus/libraries/megafunctions/alt_synch_counter_f.inc                                                                                  ;
; alt_counter_f10ke.inc            ; yes             ; Megafunction                       ; c:/altera/90/quartus/libraries/megafunctions/alt_counter_f10ke.inc                                                                                    ;
; alt_counter_stratix.inc          ; yes             ; Megafunction                       ; c:/altera/90/quartus/libraries/megafunctions/alt_counter_stratix.inc                                                                                  ;
; aglobal90.inc                    ; yes             ; Megafunction                       ; c:/altera/90/quartus/libraries/megafunctions/aglobal90.inc                                                                                            ;
; db/cntr_hci.tdf                  ; yes             ; Auto-Generated Megafunction        ; C:/Documents and Settings/Greg Mefford/My Documents/My Dropbox/UC Stuff/VLSI System Design/git/vlsi681spring09/projects/LC3/db/cntr_hci.tdf           ;
; lpm_mult.tdf                     ; yes             ; Megafunction                       ; c:/altera/90/quartus/libraries/megafunctions/lpm_mult.tdf                                                                                             ;
; multcore.inc                     ; yes             ; Megafunction                       ; c:/altera/90/quartus/libraries/megafunctions/multcore.inc                                                                                             ;
; bypassff.inc                     ; yes             ; Megafunction                       ; c:/altera/90/quartus/libraries/megafunctions/bypassff.inc                                                                                             ;
; altshift.inc                     ; yes             ; Megafunction                       ; c:/altera/90/quartus/libraries/megafunctions/altshift.inc                                                                                             ;
; db/mult_nn01.tdf                 ; yes             ; Auto-Generated Megafunction        ; C:/Documents and Settings/Greg Mefford/My Documents/My Dropbox/UC Stuff/VLSI System Design/git/vlsi681spring09/projects/LC3/db/mult_nn01.tdf          ;
+----------------------------------+-----------------+------------------------------------+-------------------------------------------------------------------------------------------------------------------------------------------------------+


+-----------------------------------------------------+
; Analysis & Synthesis Resource Usage Summary         ;
+---------------------------------------------+-------+
; Resource                                    ; Usage ;
+---------------------------------------------+-------+
; Total logic elements                        ; 690   ;
;     -- Combinational with no register       ; 528   ;
;     -- Register only                        ; 128   ;
;     -- Combinational with a register        ; 34    ;
;                                             ;       ;
; Logic element usage by number of LUT inputs ;       ;
;     -- 4 input functions                    ; 399   ;
;     -- 3 input functions                    ; 126   ;
;     -- 2 input functions                    ; 35    ;
;     -- 1 input functions                    ; 1     ;
;     -- 0 input functions                    ; 1     ;
;                                             ;       ;
; Logic elements by mode                      ;       ;
;     -- normal mode                          ; 597   ;
;     -- arithmetic mode                      ; 93    ;
;     -- qfbk mode                            ; 0     ;
;     -- register cascade mode                ; 0     ;
;     -- synchronous clear/load mode          ; 2     ;
;     -- asynchronous clear/load mode         ; 0     ;
;                                             ;       ;
; Total registers                             ; 162   ;
; Total logic cells in carry chains           ; 104   ;
; I/O pins                                    ; 88    ;
; Maximum fan-out node                        ; CLK   ;
; Maximum fan-out                             ; 162   ;
; Total fan-out                               ; 2392  ;
; Average fan-out                             ; 3.07  ;
+---------------------------------------------+-------+


+------------------------------------------------------------------------------------------------------------------------------------------------------------------------------------------------------------------------------------------------------------------------------------------------------------+
; Analysis & Synthesis Resource Utilization by Entity                                                                                                                                                                                                                                                        ;
+-------------------------------------------+-------------+--------------+-------------+------+--------------+--------------+-------------------+------------------+-----------------+------------+-------------------------------------------------------------------------------------------+--------------+
; Compilation Hierarchy Node                ; Logic Cells ; LC Registers ; Memory Bits ; Pins ; Virtual Pins ; LUT-Only LCs ; Register-Only LCs ; LUT/Register LCs ; Carry Chain LCs ; Packed LCs ; Full Hierarchy Name                                                                       ; Library Name ;
+-------------------------------------------+-------------+--------------+-------------+------+--------------+--------------+-------------------+------------------+-----------------+------------+-------------------------------------------------------------------------------------------+--------------+
; |LC3                                      ; 690 (1)     ; 162          ; 0           ; 88   ; 0            ; 528 (1)      ; 128 (0)           ; 34 (0)           ; 104 (0)         ; 0 (0)      ; |LC3                                                                                      ; work         ;
;    |Execution:execution_inst|             ; 257 (0)     ; 0            ; 0           ; 0    ; 0            ; 257 (0)      ; 0 (0)             ; 0 (0)            ; 102 (0)         ; 0 (0)      ; |LC3|Execution:execution_inst                                                             ; work         ;
;       |ALU:b2v_inst4|                     ; 257 (97)    ; 0            ; 0           ; 0    ; 0            ; 257 (97)     ; 0 (0)             ; 0 (0)            ; 102 (16)        ; 0 (0)      ; |LC3|Execution:execution_inst|ALU:b2v_inst4                                               ; work         ;
;          |lpm_mult:Mult0|                 ; 160 (0)     ; 0            ; 0           ; 0    ; 0            ; 160 (0)      ; 0 (0)             ; 0 (0)            ; 86 (0)          ; 0 (0)      ; |LC3|Execution:execution_inst|ALU:b2v_inst4|lpm_mult:Mult0                                ; work         ;
;             |mult_nn01:auto_generated|    ; 160 (160)   ; 0            ; 0           ; 0    ; 0            ; 160 (160)    ; 0 (0)             ; 0 (0)            ; 86 (86)         ; 0 (0)      ; |LC3|Execution:execution_inst|ALU:b2v_inst4|lpm_mult:Mult0|mult_nn01:auto_generated       ; work         ;
;    |Registers:registers_inst|             ; 426 (0)     ; 160          ; 0           ; 0    ; 0            ; 266 (0)      ; 128 (0)           ; 32 (0)           ; 0 (0)           ; 0 (0)      ; |LC3|Registers:registers_inst                                                             ; work         ;
;       |register_file:regfile|             ; 426 (426)   ; 160          ; 0           ; 0    ; 0            ; 266 (266)    ; 128 (128)         ; 32 (32)          ; 0 (0)           ; 0 (0)      ; |LC3|Registers:registers_inst|register_file:regfile                                       ; work         ;
;    |control:control_inst|                 ; 4 (4)       ; 0            ; 0           ; 0    ; 0            ; 4 (4)        ; 0 (0)             ; 0 (0)            ; 0 (0)           ; 0 (0)      ; |LC3|control:control_inst                                                                 ; work         ;
;    |lpm_counter0:stage_counter|           ; 2 (0)       ; 2            ; 0           ; 0    ; 0            ; 0 (0)        ; 0 (0)             ; 2 (0)            ; 2 (0)           ; 0 (0)      ; |LC3|lpm_counter0:stage_counter                                                           ; work         ;
;       |lpm_counter:lpm_counter_component| ; 2 (0)       ; 2            ; 0           ; 0    ; 0            ; 0 (0)        ; 0 (0)             ; 2 (0)            ; 2 (0)           ; 0 (0)      ; |LC3|lpm_counter0:stage_counter|lpm_counter:lpm_counter_component                         ; work         ;
;          |cntr_hci:auto_generated|        ; 2 (2)       ; 2            ; 0           ; 0    ; 0            ; 0 (0)        ; 0 (0)             ; 2 (2)            ; 2 (2)           ; 0 (0)      ; |LC3|lpm_counter0:stage_counter|lpm_counter:lpm_counter_component|cntr_hci:auto_generated ; work         ;
+-------------------------------------------+-------------+--------------+-------------+------+--------------+--------------+-------------------+------------------+-----------------+------------+-------------------------------------------------------------------------------------------+--------------+
Note: For table entries with two numbers listed, the numbers in parentheses indicate the number of resources of the given type used by the specific entity alone. The numbers listed outside of parentheses indicate the total resources of the given type used by the specific entity and all of its sub-entities in the hierarchy.


+-------------------------------------------------------------------------------------------------------------------------------------------------------+
; Registers Removed During Synthesis                                                                                                                    ;
+-----------------------------------------------------------------------+-------------------------------------------------------------------------------+
; Register name                                                         ; Reason for Removal                                                            ;
+-----------------------------------------------------------------------+-------------------------------------------------------------------------------+
; Data:data_inst|reg16:inst1|DATA_OUT[0..3]                             ; Stuck at GND due to stuck port clock                                          ;
; Data:data_inst|Dataram:inst|data_out[0..15]                           ; Stuck at GND due to stuck port clock                                          ;
; Instruction_Fetch:instruction_fetch_inst|reg16:PC_Reg|DATA_OUT[1..15] ; Merged with Instruction_Fetch:instruction_fetch_inst|reg16:PC_Reg|DATA_OUT[0] ;
; Instruction_Fetch:instruction_fetch_inst|reg16:PC_Reg|DATA_OUT[0]     ; Stuck at GND due to stuck port data_in                                        ;
; Total Number of Removed Registers = 36                                ;                                                                               ;
+-----------------------------------------------------------------------+-------------------------------------------------------------------------------+


+------------------------------------------------------------------------------------------------------------------------------------------------------+
; Removed Registers Triggering Further Register Optimizations                                                                                          ;
+----------------------------------------+-------------------------+-----------------------------------------------------------------------------------+
; Register name                          ; Reason for Removal      ; Registers Removed due to This Register                                            ;
+----------------------------------------+-------------------------+-----------------------------------------------------------------------------------+
; Data:data_inst|reg16:inst1|DATA_OUT[0] ; Stuck at GND            ; Data:data_inst|Dataram:inst|data_out[0], Data:data_inst|Dataram:inst|data_out[1], ;
;                                        ; due to stuck port clock ; Data:data_inst|Dataram:inst|data_out[2], Data:data_inst|Dataram:inst|data_out[3], ;
;                                        ;                         ; Data:data_inst|Dataram:inst|data_out[4], Data:data_inst|Dataram:inst|data_out[5], ;
;                                        ;                         ; Data:data_inst|Dataram:inst|data_out[6], Data:data_inst|Dataram:inst|data_out[7], ;
;                                        ;                         ; Data:data_inst|Dataram:inst|data_out[8],                                          ;
;                                        ;                         ; Instruction_Fetch:instruction_fetch_inst|reg16:PC_Reg|DATA_OUT[0]                 ;
+----------------------------------------+-------------------------+-----------------------------------------------------------------------------------+


+------------------------------------------------------+
; General Register Statistics                          ;
+----------------------------------------------+-------+
; Statistic                                    ; Value ;
+----------------------------------------------+-------+
; Total registers                              ; 162   ;
; Number of registers using Synchronous Clear  ; 0     ;
; Number of registers using Synchronous Load   ; 2     ;
; Number of registers using Asynchronous Clear ; 0     ;
; Number of registers using Asynchronous Load  ; 0     ;
; Number of registers using Clock Enable       ; 0     ;
; Number of registers using Preset             ; 0     ;
+----------------------------------------------+-------+


+-------------------------------------------------------------------------------------------------------------------------------------------------------------------------------+
; Multiplexer Restructuring Statistics (Restructuring Performed)                                                                                                                ;
+--------------------+-----------+---------------+----------------------+------------------------+------------+-----------------------------------------------------------------+
; Multiplexer Inputs ; Bus Width ; Baseline Area ; Area if Restructured ; Saving if Restructured ; Registered ; Example Multiplexer Output                                      ;
+--------------------+-----------+---------------+----------------------+------------------------+------------+-----------------------------------------------------------------+
; 8:1                ; 16 bits   ; 80 LEs        ; 80 LEs               ; 0 LEs                  ; Yes        ; |LC3|Registers:registers_inst|register_file:regfile|RS1_DATA[0] ;
; 8:1                ; 16 bits   ; 80 LEs        ; 80 LEs               ; 0 LEs                  ; Yes        ; |LC3|Registers:registers_inst|register_file:regfile|RS2_DATA[0] ;
; 4:1                ; 2 bits    ; 4 LEs         ; 4 LEs                ; 0 LEs                  ; No         ; |LC3|control:control_inst|Mux1                                  ;
; 3:1                ; 16 bits   ; 32 LEs        ; 16 LEs               ; 16 LEs                 ; No         ; |LC3|Registers:registers_inst|register_file:regfile|R7~31       ;
; 3:1                ; 16 bits   ; 32 LEs        ; 16 LEs               ; 16 LEs                 ; No         ; |LC3|Registers:registers_inst|register_file:regfile|R6~17       ;
; 3:1                ; 16 bits   ; 32 LEs        ; 16 LEs               ; 16 LEs                 ; No         ; |LC3|Registers:registers_inst|register_file:regfile|R5~27       ;
; 3:1                ; 16 bits   ; 32 LEs        ; 16 LEs               ; 16 LEs                 ; No         ; |LC3|Registers:registers_inst|register_file:regfile|R4~31       ;
; 3:1                ; 16 bits   ; 32 LEs        ; 16 LEs               ; 16 LEs                 ; No         ; |LC3|Registers:registers_inst|register_file:regfile|R3~31       ;
; 3:1                ; 16 bits   ; 32 LEs        ; 16 LEs               ; 16 LEs                 ; No         ; |LC3|Registers:registers_inst|register_file:regfile|R2~27       ;
; 3:1                ; 16 bits   ; 32 LEs        ; 16 LEs               ; 16 LEs                 ; No         ; |LC3|Registers:registers_inst|register_file:regfile|R1~23       ;
; 3:1                ; 16 bits   ; 32 LEs        ; 16 LEs               ; 16 LEs                 ; No         ; |LC3|Registers:registers_inst|register_file:regfile|R0~39       ;
; 8:1                ; 14 bits   ; 70 LEs        ; 70 LEs               ; 0 LEs                  ; No         ; |LC3|Execution:execution_inst|ALU:b2v_inst4|Mux30               ;
+--------------------+-----------+---------------+----------------------+------------------------+------------+-----------------------------------------------------------------+


+-------------------------------------------------------------------------------------+
; Source assignments for lpm_counter0:stage_counter|lpm_counter:lpm_counter_component ;
+---------------------------+-------+------+------------------------------------------+
; Assignment                ; Value ; From ; To                                       ;
+---------------------------+-------+------+------------------------------------------+
; SUPPRESS_DA_RULE_INTERNAL ; a101  ; -    ; -                                        ;
; SUPPRESS_DA_RULE_INTERNAL ; s102  ; -    ; -                                        ;
; SUPPRESS_DA_RULE_INTERNAL ; s103  ; -    ; -                                        ;
+---------------------------+-------+------+------------------------------------------+


+--------------------------------------------------------------------------+
; Parameter Settings for User Entity Instance: Data:data_inst|Dataram:inst ;
+----------------+-------+-------------------------------------------------+
; Parameter Name ; Value ; Type                                            ;
+----------------+-------+-------------------------------------------------+
; DATA_WIDTH     ; 16    ; Signed Integer                                  ;
; ADDR_WIDTH     ; 16    ; Signed Integer                                  ;
+----------------+-------+-------------------------------------------------+
Note: In order to hide this table in the UI and the text report file, please set the "Show Parameter Settings Tables in Synthesis Report" option in "Analysis and Synthesis Settings -> More Settings" to "Off".


+-----------------------------------------------------------------------------------------------------------+
; Parameter Settings for User Entity Instance: lpm_counter0:stage_counter|lpm_counter:lpm_counter_component ;
+------------------------+-------------+--------------------------------------------------------------------+
; Parameter Name         ; Value       ; Type                                                               ;
+------------------------+-------------+--------------------------------------------------------------------+
; AUTO_CARRY_CHAINS      ; ON          ; AUTO_CARRY                                                         ;
; IGNORE_CARRY_BUFFERS   ; OFF         ; IGNORE_CARRY                                                       ;
; AUTO_CASCADE_CHAINS    ; ON          ; AUTO_CASCADE                                                       ;
; IGNORE_CASCADE_BUFFERS ; OFF         ; IGNORE_CASCADE                                                     ;
; LPM_WIDTH              ; 2           ; Signed Integer                                                     ;
; LPM_DIRECTION          ; UP          ; Untyped                                                            ;
; LPM_MODULUS            ; 0           ; Untyped                                                            ;
; LPM_AVALUE             ; UNUSED      ; Untyped                                                            ;
; LPM_SVALUE             ; UNUSED      ; Untyped                                                            ;
; LPM_PORT_UPDOWN        ; PORT_UNUSED ; Untyped                                                            ;
; DEVICE_FAMILY          ; Cyclone     ; Untyped                                                            ;
; CARRY_CHAIN            ; MANUAL      ; Untyped                                                            ;
; CARRY_CHAIN_LENGTH     ; 48          ; CARRY_CHAIN_LENGTH                                                 ;
; NOT_GATE_PUSH_BACK     ; ON          ; NOT_GATE_PUSH_BACK                                                 ;
; CARRY_CNT_EN           ; SMART       ; Untyped                                                            ;
; LABWIDE_SCLR           ; ON          ; Untyped                                                            ;
; USE_NEW_VERSION        ; TRUE        ; Untyped                                                            ;
; CBXI_PARAMETER         ; cntr_hci    ; Untyped                                                            ;
+------------------------+-------------+--------------------------------------------------------------------+
Note: In order to hide this table in the UI and the text report file, please set the "Show Parameter Settings Tables in Synthesis Report" option in "Analysis and Synthesis Settings -> More Settings" to "Off".


+--------------------------------------------------------------------------------------------------------+
; Parameter Settings for Inferred Entity Instance: Execution:execution_inst|ALU:b2v_inst4|lpm_mult:Mult0 ;
+------------------------------------------------+-----------+-------------------------------------------+
; Parameter Name                                 ; Value     ; Type                                      ;
+------------------------------------------------+-----------+-------------------------------------------+
; AUTO_CARRY_CHAINS                              ; ON        ; AUTO_CARRY                                ;
; IGNORE_CARRY_BUFFERS                           ; OFF       ; IGNORE_CARRY                              ;
; AUTO_CASCADE_CHAINS                            ; ON        ; AUTO_CASCADE                              ;
; IGNORE_CASCADE_BUFFERS                         ; OFF       ; IGNORE_CASCADE                            ;
; LPM_WIDTHA                                     ; 16        ; Untyped                                   ;
; LPM_WIDTHB                                     ; 16        ; Untyped                                   ;
; LPM_WIDTHP                                     ; 32        ; Untyped                                   ;
; LPM_WIDTHR                                     ; 32        ; Untyped                                   ;
; LPM_WIDTHS                                     ; 1         ; Untyped                                   ;
; LPM_REPRESENTATION                             ; UNSIGNED  ; Untyped                                   ;
; LPM_PIPELINE                                   ; 0         ; Untyped                                   ;
; LATENCY                                        ; 0         ; Untyped                                   ;
; INPUT_A_IS_CONSTANT                            ; NO        ; Untyped                                   ;
; INPUT_B_IS_CONSTANT                            ; NO        ; Untyped                                   ;
; USE_EAB                                        ; OFF       ; Untyped                                   ;
; MAXIMIZE_SPEED                                 ; 6         ; Untyped                                   ;
; DEVICE_FAMILY                                  ; Cyclone   ; Untyped                                   ;
; CARRY_CHAIN                                    ; MANUAL    ; Untyped                                   ;
; APEX20K_TECHNOLOGY_MAPPER                      ; LUT       ; TECH_MAPPER_APEX20K                       ;
; DEDICATED_MULTIPLIER_CIRCUITRY                 ; AUTO      ; Untyped                                   ;
; DEDICATED_MULTIPLIER_MIN_INPUT_WIDTH_FOR_AUTO  ; 0         ; Untyped                                   ;
; DEDICATED_MULTIPLIER_MIN_OUTPUT_WIDTH_FOR_AUTO ; 0         ; Untyped                                   ;
; CBXI_PARAMETER                                 ; mult_nn01 ; Untyped                                   ;
; INPUT_A_FIXED_VALUE                            ; Bx        ; Untyped                                   ;
; INPUT_B_FIXED_VALUE                            ; Bx        ; Untyped                                   ;
; USE_AHDL_IMPLEMENTATION                        ; OFF       ; Untyped                                   ;
+------------------------------------------------+-----------+-------------------------------------------+
Note: In order to hide this table in the UI and the text report file, please set the "Show Parameter Settings Tables in Synthesis Report" option in "Analysis and Synthesis Settings -> More Settings" to "Off".


+-----------------------------------------------------------------------------------------------+
; lpm_mult Parameter Settings by Entity Instance                                                ;
+---------------------------------------+-------------------------------------------------------+
; Name                                  ; Value                                                 ;
+---------------------------------------+-------------------------------------------------------+
; Number of entity instances            ; 1                                                     ;
; Entity Instance                       ; Execution:execution_inst|ALU:b2v_inst4|lpm_mult:Mult0 ;
;     -- LPM_WIDTHA                     ; 16                                                    ;
;     -- LPM_WIDTHB                     ; 16                                                    ;
;     -- LPM_WIDTHP                     ; 32                                                    ;
;     -- LPM_REPRESENTATION             ; UNSIGNED                                              ;
;     -- INPUT_A_IS_CONSTANT            ; NO                                                    ;
;     -- INPUT_B_IS_CONSTANT            ; NO                                                    ;
;     -- USE_EAB                        ; OFF                                                   ;
;     -- DEDICATED_MULTIPLIER_CIRCUITRY ; AUTO                                                  ;
;     -- INPUT_A_FIXED_VALUE            ; Bx                                                    ;
;     -- INPUT_B_FIXED_VALUE            ; Bx                                                    ;
+---------------------------------------+-------------------------------------------------------+


+-------------------------------------------------------------------------------------+
; Port Connectivity Checks: "effective_address:effective_address_inst|mux16:EA_MUX2A" ;
+------+-------+----------+-----------------------------------------------------------+
; Port ; Type  ; Severity ; Details                                                   ;
+------+-------+----------+-----------------------------------------------------------+
; A    ; Input ; Info     ; Stuck at GND                                              ;
+------+-------+----------+-----------------------------------------------------------+


+-------------------------------------------------------------------------------------------------------------------------------------+
; Port Connectivity Checks: "Execution:execution_inst|ALU:b2v_inst4"                                                                  ;
+------+--------+----------+----------------------------------------------------------------------------------------------------------+
; Port ; Type   ; Severity ; Details                                                                                                  ;
+------+--------+----------+----------------------------------------------------------------------------------------------------------+
; OF   ; Output ; Warning  ; Declared by entity but not connected by instance. Logic that only feeds a dangling port will be removed. ;
+------+--------+----------+----------------------------------------------------------------------------------------------------------+


+-------------------------------------------------------------------------------------------------------------------------------------+
; Port Connectivity Checks: "Execution:execution_inst"                                                                                ;
+------+--------+----------+----------------------------------------------------------------------------------------------------------+
; Port ; Type   ; Severity ; Details                                                                                                  ;
+------+--------+----------+----------------------------------------------------------------------------------------------------------+
; NPZ  ; Output ; Warning  ; Declared by entity but not connected by instance. Logic that only feeds a dangling port will be removed. ;
+------+--------+----------+----------------------------------------------------------------------------------------------------------+


+-------------------------------------------------------------------------------------------------------------------------------------------------------------------------+
; Port Connectivity Checks: "Registers:registers_inst|register_file:regfile"                                                                                              ;
+-------+-------+----------+----------------------------------------------------------------------------------------------------------------------------------------------+
; Port  ; Type  ; Severity ; Details                                                                                                                                      ;
+-------+-------+----------+----------------------------------------------------------------------------------------------------------------------------------------------+
; R0_LE ; Input ; Warning  ; Declared by entity but not connected by instance. If a default value exists, it will be used.  Otherwise, the port will be connected to GND. ;
; R0_IN ; Input ; Warning  ; Declared by entity but not connected by instance. If a default value exists, it will be used.  Otherwise, the port will be connected to GND. ;
+-------+-------+----------+----------------------------------------------------------------------------------------------------------------------------------------------+


+-------------------------------+
; Analysis & Synthesis Messages ;
+-------------------------------+
Info: *******************************************************************
Info: Running Quartus II Analysis & Synthesis
    Info: Version 9.0 Build 132 02/25/2009 SJ Web Edition
    Info: Processing started: Tue May 26 21:21:53 2009
Info: Command: quartus_map --read_settings_files=on --write_settings_files=off LC3 -c LC3
Info: Found 1 design units, including 1 entities, in source file src/LC3.v
    Info: Found entity 1: LC3
Info: Found 1 design units, including 1 entities, in source file src/reg16.v
    Info: Found entity 1: reg16
Info: Found 1 design units, including 1 entities, in source file src/control.v
    Info: Found entity 1: control
Info: Found 1 design units, including 1 entities, in source file src/Dataram.v
    Info: Found entity 1: Dataram
Info: Found 1 design units, including 1 entities, in source file src/effective_address.v
    Info: Found entity 1: effective_address
Info: Found 1 design units, including 1 entities, in source file src/Instram.v
    Info: Found entity 1: Instram
Info: Found 1 design units, including 1 entities, in source file src/mux16.v
    Info: Found entity 1: mux16
Info: Found 1 design units, including 1 entities, in source file src/register_file.v
    Info: Found entity 1: register_file
Info: Found 1 design units, including 1 entities, in source file src/ALU.v
    Info: Found entity 1: ALU
Info: Found 1 design units, including 1 entities, in source file src/Instruction_Fetch.bdf
    Info: Found entity 1: Instruction_Fetch
Info: Found 1 design units, including 1 entities, in source file src/inc16.v
    Info: Found entity 1: inc16
Info: Found 1 design units, including 1 entities, in source file src/SE5.v
    Info: Found entity 1: SE5
Info: Found 1 design units, including 1 entities, in source file src/Data.bdf
    Info: Found entity 1: Data
Info: Found 1 design units, including 1 entities, in source file src/Registers.v
    Info: Found entity 1: Registers
Info: Found 1 design units, including 1 entities, in source file src/Execution.v
    Info: Found entity 1: Execution
Info: Found 1 design units, including 1 entities, in source file src/lpm_counter0.v
    Info: Found entity 1: lpm_counter0
Info: Elaborating entity "LC3" for the top level hierarchy
Info: Elaborating entity "Registers" for hierarchy "Registers:registers_inst"
Info: Elaborating entity "register_file" for hierarchy "Registers:registers_inst|register_file:regfile"
Info: Elaborating entity "mux16" for hierarchy "Registers:registers_inst|mux16:data_mux"
Info: Elaborating entity "Instruction_Fetch" for hierarchy "Instruction_Fetch:instruction_fetch_inst"
Warning: Port "clk" of type Instram and instance "inst5" is missing source signal
Info: Elaborating entity "reg16" for hierarchy "Instruction_Fetch:instruction_fetch_inst|reg16:Inst_Reg"
Info: Elaborating entity "Instram" for hierarchy "Instruction_Fetch:instruction_fetch_inst|Instram:inst5"
Warning (10858): Verilog HDL warning at Instram.v(11): object Instram used but never assigned
Info: Elaborating entity "inc16" for hierarchy "Instruction_Fetch:instruction_fetch_inst|inc16:PC_Inc"
Warning (10230): Verilog HDL assignment warning at inc16.v(7): truncated value with size 32 to match size of target (16)
Info: Elaborating entity "Data" for hierarchy "Data:data_inst"
Info: Elaborating entity "Dataram" for hierarchy "Data:data_inst|Dataram:inst"
Info: Elaborating entity "Execution" for hierarchy "Execution:execution_inst"
Info: Elaborating entity "SE5" for hierarchy "Execution:execution_inst|SE5:b2v_inst2"
Info: Elaborating entity "ALU" for hierarchy "Execution:execution_inst|ALU:b2v_inst4"
Info: Elaborating entity "control" for hierarchy "control:control_inst"
Warning (10230): Verilog HDL assignment warning at control.v(64): truncated value with size 2 to match size of target (1)
Warning (10230): Verilog HDL assignment warning at control.v(65): truncated value with size 2 to match size of target (1)
Warning (10230): Verilog HDL assignment warning at control.v(66): truncated value with size 2 to match size of target (1)
Warning (10230): Verilog HDL assignment warning at control.v(67): truncated value with size 2 to match size of target (1)
Warning (10230): Verilog HDL assignment warning at control.v(68): truncated value with size 2 to match size of target (1)
Warning (10230): Verilog HDL assignment warning at control.v(69): truncated value with size 2 to match size of target (1)
Warning (10230): Verilog HDL assignment warning at control.v(70): truncated value with size 2 to match size of target (1)
Warning (10272): Verilog HDL Case Statement warning at control.v(67): case item expression covers a value already covered by a previous case item
Warning (10230): Verilog HDL assignment warning at control.v(119): truncated value with size 2 to match size of target (1)
Warning (10776): Verilog HDL warning at control.v(116): variable next_stage in static task or function next_stage may have unintended latch behavior
Warning (10241): Verilog HDL Function Declaration warning at control.v(116): function "next_stage" may return a Don't Care value because its output register may not be assigned a value in every possible path through the function
Warning (10030): Net "next_stage" at control.v(116) has no driver or initial value, using a default initial value '0'
Warning (10034): Output port "MEM_CLK" at control.v(12) has no driver
Warning (10034): Output port "IS_IMMEDIATE" at control.v(13) has no driver
Warning (10034): Output port "EA_CONTROL[2]" at control.v(17) has no driver
Warning (10034): Output port "EA_CONTROL[1]" at control.v(17) has no driver
Warning (10034): Output port "EA_CONTROL[0]" at control.v(17) has no driver
Info: Elaborating entity "effective_address" for hierarchy "effective_address:effective_address_inst"
Info: Elaborating entity "lpm_counter0" for hierarchy "lpm_counter0:stage_counter"
Info: Elaborating entity "lpm_counter" for hierarchy "lpm_counter0:stage_counter|lpm_counter:lpm_counter_component"
Info: Elaborated megafunction instantiation "lpm_counter0:stage_counter|lpm_counter:lpm_counter_component"
Info: Instantiated megafunction "lpm_counter0:stage_counter|lpm_counter:lpm_counter_component" with the following parameter:
    Info: Parameter "lpm_direction" = "UP"
    Info: Parameter "lpm_port_updown" = "PORT_UNUSED"
    Info: Parameter "lpm_type" = "LPM_COUNTER"
    Info: Parameter "lpm_width" = "2"
Info: Found 1 design units, including 1 entities, in source file db/cntr_hci.tdf
    Info: Found entity 1: cntr_hci
Info: Elaborating entity "cntr_hci" for hierarchy "lpm_counter0:stage_counter|lpm_counter:lpm_counter_component|cntr_hci:auto_generated"
Info: Inferred 1 megafunctions from design logic
    Info: Inferred multiplier megafunction ("lpm_mult") from the following logic: "Execution:execution_inst|ALU:b2v_inst4|Mult0"
Info: Elaborated megafunction instantiation "Execution:execution_inst|ALU:b2v_inst4|lpm_mult:Mult0"
Info: Instantiated megafunction "Execution:execution_inst|ALU:b2v_inst4|lpm_mult:Mult0" with the following parameter:
    Info: Parameter "LPM_WIDTHA" = "16"
    Info: Parameter "LPM_WIDTHB" = "16"
    Info: Parameter "LPM_WIDTHP" = "32"
    Info: Parameter "LPM_WIDTHR" = "32"
    Info: Parameter "LPM_WIDTHS" = "1"
    Info: Parameter "LPM_REPRESENTATION" = "UNSIGNED"
    Info: Parameter "INPUT_A_IS_CONSTANT" = "NO"
    Info: Parameter "INPUT_B_IS_CONSTANT" = "NO"
    Info: Parameter "MAXIMIZE_SPEED" = "6"
    Info: Parameter "DEDICATED_MULTIPLIER_CIRCUITRY" = "AUTO"
Info: Found 1 design units, including 1 entities, in source file db/mult_nn01.tdf
    Info: Found entity 1: mult_nn01
Warning: Synthesized away the following node(s):
    Warning: Synthesized away the following LCELL buffer node(s):
        Warning (14320): Synthesized away node "Execution:execution_inst|ALU:b2v_inst4|lpm_mult:Mult0|mult_nn01:auto_generated|le10a[17]"
        Warning (14320): Synthesized away node "Execution:execution_inst|ALU:b2v_inst4|lpm_mult:Mult0|mult_nn01:auto_generated|le10a[16]"
        Warning (14320): Synthesized away node "Execution:execution_inst|ALU:b2v_inst4|lpm_mult:Mult0|mult_nn01:auto_generated|le10a[15]"
        Warning (14320): Synthesized away node "Execution:execution_inst|ALU:b2v_inst4|lpm_mult:Mult0|mult_nn01:auto_generated|le10a[14]"
        Warning (14320): Synthesized away node "Execution:execution_inst|ALU:b2v_inst4|lpm_mult:Mult0|mult_nn01:auto_generated|le10a[13]"
        Warning (14320): Synthesized away node "Execution:execution_inst|ALU:b2v_inst4|lpm_mult:Mult0|mult_nn01:auto_generated|le10a[12]"
        Warning (14320): Synthesized away node "Execution:execution_inst|ALU:b2v_inst4|lpm_mult:Mult0|mult_nn01:auto_generated|le11a[16]"
        Warning (14320): Synthesized away node "Execution:execution_inst|ALU:b2v_inst4|lpm_mult:Mult0|mult_nn01:auto_generated|le11a[15]"
        Warning (14320): Synthesized away node "Execution:execution_inst|ALU:b2v_inst4|lpm_mult:Mult0|mult_nn01:auto_generated|le11a[14]"
        Warning (14320): Synthesized away node "Execution:execution_inst|ALU:b2v_inst4|lpm_mult:Mult0|mult_nn01:auto_generated|le11a[13]"
        Warning (14320): Synthesized away node "Execution:execution_inst|ALU:b2v_inst4|lpm_mult:Mult0|mult_nn01:auto_generated|le11a[12]"
        Warning (14320): Synthesized away node "Execution:execution_inst|ALU:b2v_inst4|lpm_mult:Mult0|mult_nn01:auto_generated|le11a[11]"
        Warning (14320): Synthesized away node "Execution:execution_inst|ALU:b2v_inst4|lpm_mult:Mult0|mult_nn01:auto_generated|le11a[10]"
        Warning (14320): Synthesized away node "Execution:execution_inst|ALU:b2v_inst4|lpm_mult:Mult0|mult_nn01:auto_generated|le11a[9]"
        Warning (14320): Synthesized away node "Execution:execution_inst|ALU:b2v_inst4|lpm_mult:Mult0|mult_nn01:auto_generated|le9a[17]"
        Warning (14320): Synthesized away node "Execution:execution_inst|ALU:b2v_inst4|lpm_mult:Mult0|mult_nn01:auto_generated|le9a[16]"
Warning: Synthesized away the following node(s):
    Warning: Synthesized away the following LCELL buffer node(s):
        Warning (14320): Synthesized away node "Execution:execution_inst|ALU:b2v_inst4|lpm_mult:Mult0|mult_nn01:auto_generated|le10a[11]"
        Warning (14320): Synthesized away node "Execution:execution_inst|ALU:b2v_inst4|lpm_mult:Mult0|mult_nn01:auto_generated|le10a[10]"
        Warning (14320): Synthesized away node "Execution:execution_inst|ALU:b2v_inst4|lpm_mult:Mult0|mult_nn01:auto_generated|le10a[9]"
        Warning (14320): Synthesized away node "Execution:execution_inst|ALU:b2v_inst4|lpm_mult:Mult0|mult_nn01:auto_generated|le10a[8]"
        Warning (14320): Synthesized away node "Execution:execution_inst|ALU:b2v_inst4|lpm_mult:Mult0|mult_nn01:auto_generated|le10a[7]"
        Warning (14320): Synthesized away node "Execution:execution_inst|ALU:b2v_inst4|lpm_mult:Mult0|mult_nn01:auto_generated|le10a[6]"
        Warning (14320): Synthesized away node "Execution:execution_inst|ALU:b2v_inst4|lpm_mult:Mult0|mult_nn01:auto_generated|le10a[5]"
        Warning (14320): Synthesized away node "Execution:execution_inst|ALU:b2v_inst4|lpm_mult:Mult0|mult_nn01:auto_generated|le10a[4]"
        Warning (14320): Synthesized away node "Execution:execution_inst|ALU:b2v_inst4|lpm_mult:Mult0|mult_nn01:auto_generated|le10a[3]"
        Warning (14320): Synthesized away node "Execution:execution_inst|ALU:b2v_inst4|lpm_mult:Mult0|mult_nn01:auto_generated|le10a[2]"
        Warning (14320): Synthesized away node "Execution:execution_inst|ALU:b2v_inst4|lpm_mult:Mult0|mult_nn01:auto_generated|le11a[8]"
        Warning (14320): Synthesized away node "Execution:execution_inst|ALU:b2v_inst4|lpm_mult:Mult0|mult_nn01:auto_generated|le11a[7]"
        Warning (14320): Synthesized away node "Execution:execution_inst|ALU:b2v_inst4|lpm_mult:Mult0|mult_nn01:auto_generated|le11a[6]"
        Warning (14320): Synthesized away node "Execution:execution_inst|ALU:b2v_inst4|lpm_mult:Mult0|mult_nn01:auto_generated|le11a[5]"
        Warning (14320): Synthesized away node "Execution:execution_inst|ALU:b2v_inst4|lpm_mult:Mult0|mult_nn01:auto_generated|le11a[4]"
        Warning (14320): Synthesized away node "Execution:execution_inst|ALU:b2v_inst4|lpm_mult:Mult0|mult_nn01:auto_generated|le11a[3]"
        Warning (14320): Synthesized away node "Execution:execution_inst|ALU:b2v_inst4|lpm_mult:Mult0|mult_nn01:auto_generated|le11a[2]"
        Warning (14320): Synthesized away node "Execution:execution_inst|ALU:b2v_inst4|lpm_mult:Mult0|mult_nn01:auto_generated|le11a[1]"
        Warning (14320): Synthesized away node "Execution:execution_inst|ALU:b2v_inst4|lpm_mult:Mult0|mult_nn01:auto_generated|le3a[17]"
        Warning (14320): Synthesized away node "Execution:execution_inst|ALU:b2v_inst4|lpm_mult:Mult0|mult_nn01:auto_generated|le5a[17]"
        Warning (14320): Synthesized away node "Execution:execution_inst|ALU:b2v_inst4|lpm_mult:Mult0|mult_nn01:auto_generated|le5a[16]"
        Warning (14320): Synthesized away node "Execution:execution_inst|ALU:b2v_inst4|lpm_mult:Mult0|mult_nn01:auto_generated|le5a[12]"
        Warning (14320): Synthesized away node "Execution:execution_inst|ALU:b2v_inst4|lpm_mult:Mult0|mult_nn01:auto_generated|le6a[17]"
        Warning (14320): Synthesized away node "Execution:execution_inst|ALU:b2v_inst4|lpm_mult:Mult0|mult_nn01:auto_generated|le6a[16]"
        Warning (14320): Synthesized away node "Execution:execution_inst|ALU:b2v_inst4|lpm_mult:Mult0|mult_nn01:auto_generated|le6a[15]"
        Warning (14320): Synthesized away node "Execution:execution_inst|ALU:b2v_inst4|lpm_mult:Mult0|mult_nn01:auto_generated|le6a[14]"
        Warning (14320): Synthesized away node "Execution:execution_inst|ALU:b2v_inst4|lpm_mult:Mult0|mult_nn01:auto_generated|le6a[13]"
        Warning (14320): Synthesized away node "Execution:execution_inst|ALU:b2v_inst4|lpm_mult:Mult0|mult_nn01:auto_generated|le6a[12]"
        Warning (14320): Synthesized away node "Execution:execution_inst|ALU:b2v_inst4|lpm_mult:Mult0|mult_nn01:auto_generated|le6a[11]"
        Warning (14320): Synthesized away node "Execution:execution_inst|ALU:b2v_inst4|lpm_mult:Mult0|mult_nn01:auto_generated|le6a[10]"
        Warning (14320): Synthesized away node "Execution:execution_inst|ALU:b2v_inst4|lpm_mult:Mult0|mult_nn01:auto_generated|le7a[17]"
        Warning (14320): Synthesized away node "Execution:execution_inst|ALU:b2v_inst4|lpm_mult:Mult0|mult_nn01:auto_generated|le7a[16]"
        Warning (14320): Synthesized away node "Execution:execution_inst|ALU:b2v_inst4|lpm_mult:Mult0|mult_nn01:auto_generated|le7a[15]"
        Warning (14320): Synthesized away node "Execution:execution_inst|ALU:b2v_inst4|lpm_mult:Mult0|mult_nn01:auto_generated|le7a[14]"
        Warning (14320): Synthesized away node "Execution:execution_inst|ALU:b2v_inst4|lpm_mult:Mult0|mult_nn01:auto_generated|le7a[13]"
        Warning (14320): Synthesized away node "Execution:execution_inst|ALU:b2v_inst4|lpm_mult:Mult0|mult_nn01:auto_generated|le7a[12]"
        Warning (14320): Synthesized away node "Execution:execution_inst|ALU:b2v_inst4|lpm_mult:Mult0|mult_nn01:auto_generated|le7a[11]"
        Warning (14320): Synthesized away node "Execution:execution_inst|ALU:b2v_inst4|lpm_mult:Mult0|mult_nn01:auto_generated|le7a[10]"
        Warning (14320): Synthesized away node "Execution:execution_inst|ALU:b2v_inst4|lpm_mult:Mult0|mult_nn01:auto_generated|le7a[9]"
        Warning (14320): Synthesized away node "Execution:execution_inst|ALU:b2v_inst4|lpm_mult:Mult0|mult_nn01:auto_generated|le7a[8]"
        Warning (14320): Synthesized away node "Execution:execution_inst|ALU:b2v_inst4|lpm_mult:Mult0|mult_nn01:auto_generated|le8a[17]"
        Warning (14320): Synthesized away node "Execution:execution_inst|ALU:b2v_inst4|lpm_mult:Mult0|mult_nn01:auto_generated|le8a[16]"
        Warning (14320): Synthesized away node "Execution:execution_inst|ALU:b2v_inst4|lpm_mult:Mult0|mult_nn01:auto_generated|le8a[15]"
        Warning (14320): Synthesized away node "Execution:execution_inst|ALU:b2v_inst4|lpm_mult:Mult0|mult_nn01:auto_generated|le8a[14]"
        Warning (14320): Synthesized away node "Execution:execution_inst|ALU:b2v_inst4|lpm_mult:Mult0|mult_nn01:auto_generated|le8a[13]"
        Warning (14320): Synthesized away node "Execution:execution_inst|ALU:b2v_inst4|lpm_mult:Mult0|mult_nn01:auto_generated|le8a[12]"
        Warning (14320): Synthesized away node "Execution:execution_inst|ALU:b2v_inst4|lpm_mult:Mult0|mult_nn01:auto_generated|le8a[11]"
        Warning (14320): Synthesized away node "Execution:execution_inst|ALU:b2v_inst4|lpm_mult:Mult0|mult_nn01:auto_generated|le8a[10]"
        Warning (14320): Synthesized away node "Execution:execution_inst|ALU:b2v_inst4|lpm_mult:Mult0|mult_nn01:auto_generated|le8a[9]"
        Warning (14320): Synthesized away node "Execution:execution_inst|ALU:b2v_inst4|lpm_mult:Mult0|mult_nn01:auto_generated|le8a[8]"
        Warning (14320): Synthesized away node "Execution:execution_inst|ALU:b2v_inst4|lpm_mult:Mult0|mult_nn01:auto_generated|le8a[7]"
        Warning (14320): Synthesized away node "Execution:execution_inst|ALU:b2v_inst4|lpm_mult:Mult0|mult_nn01:auto_generated|le8a[6]"
        Warning (14320): Synthesized away node "Execution:execution_inst|ALU:b2v_inst4|lpm_mult:Mult0|mult_nn01:auto_generated|le9a[15]"
        Warning (14320): Synthesized away node "Execution:execution_inst|ALU:b2v_inst4|lpm_mult:Mult0|mult_nn01:auto_generated|le9a[14]"
        Warning (14320): Synthesized away node "Execution:execution_inst|ALU:b2v_inst4|lpm_mult:Mult0|mult_nn01:auto_generated|le9a[13]"
        Warning (14320): Synthesized away node "Execution:execution_inst|ALU:b2v_inst4|lpm_mult:Mult0|mult_nn01:auto_generated|le9a[12]"
        Warning (14320): Synthesized away node "Execution:execution_inst|ALU:b2v_inst4|lpm_mult:Mult0|mult_nn01:auto_generated|le9a[11]"
        Warning (14320): Synthesized away node "Execution:execution_inst|ALU:b2v_inst4|lpm_mult:Mult0|mult_nn01:auto_generated|le9a[10]"
        Warning (14320): Synthesized away node "Execution:execution_inst|ALU:b2v_inst4|lpm_mult:Mult0|mult_nn01:auto_generated|le9a[9]"
        Warning (14320): Synthesized away node "Execution:execution_inst|ALU:b2v_inst4|lpm_mult:Mult0|mult_nn01:auto_generated|le9a[8]"
        Warning (14320): Synthesized away node "Execution:execution_inst|ALU:b2v_inst4|lpm_mult:Mult0|mult_nn01:auto_generated|le9a[7]"
        Warning (14320): Synthesized away node "Execution:execution_inst|ALU:b2v_inst4|lpm_mult:Mult0|mult_nn01:auto_generated|le9a[6]"
        Warning (14320): Synthesized away node "Execution:execution_inst|ALU:b2v_inst4|lpm_mult:Mult0|mult_nn01:auto_generated|le9a[5]"
        Warning (14320): Synthesized away node "Execution:execution_inst|ALU:b2v_inst4|lpm_mult:Mult0|mult_nn01:auto_generated|le9a[4]"
Warning: Synthesized away the following node(s):
    Warning: Synthesized away the following LCELL buffer node(s):
        Warning (14320): Synthesized away node "Execution:execution_inst|ALU:b2v_inst4|lpm_mult:Mult0|mult_nn01:auto_generated|le3a[16]"
        Warning (14320): Synthesized away node "Execution:execution_inst|ALU:b2v_inst4|lpm_mult:Mult0|mult_nn01:auto_generated|le4a[17]"
        Warning (14320): Synthesized away node "Execution:execution_inst|ALU:b2v_inst4|lpm_mult:Mult0|mult_nn01:auto_generated|le4a[16]"
        Warning (14320): Synthesized away node "Execution:execution_inst|ALU:b2v_inst4|lpm_mult:Mult0|mult_nn01:auto_generated|le4a[15]"
        Warning (14320): Synthesized away node "Execution:execution_inst|ALU:b2v_inst4|lpm_mult:Mult0|mult_nn01:auto_generated|le4a[14]"
        Warning (14320): Synthesized away node "Execution:execution_inst|ALU:b2v_inst4|lpm_mult:Mult0|mult_nn01:auto_generated|le5a[15]"
        Warning (14320): Synthesized away node "Execution:execution_inst|ALU:b2v_inst4|lpm_mult:Mult0|mult_nn01:auto_generated|le5a[14]"
        Warning (14320): Synthesized away node "Execution:execution_inst|ALU:b2v_inst4|lpm_mult:Mult0|mult_nn01:auto_generated|le5a[13]"
Warning: 3 hierarchies have connectivity warnings - see the Connectivity Checks report folder
Info: Ignored 206 buffer(s)
    Info: Ignored 206 SOFT buffer(s)
Warning: Output pins are stuck at VCC or GND
    Warning (13410): Pin "REG_CONTROL" is stuck at GND
    Warning (13410): Pin "ALU_CONTROL[3]" is stuck at GND
    Warning (13410): Pin "PC[0]" is stuck at GND
    Warning (13410): Pin "PC[1]" is stuck at GND
    Warning (13410): Pin "PC[2]" is stuck at GND
    Warning (13410): Pin "PC[3]" is stuck at GND
    Warning (13410): Pin "PC[4]" is stuck at GND
    Warning (13410): Pin "PC[5]" is stuck at GND
    Warning (13410): Pin "PC[6]" is stuck at GND
    Warning (13410): Pin "PC[7]" is stuck at GND
    Warning (13410): Pin "PC[8]" is stuck at GND
    Warning (13410): Pin "PC[9]" is stuck at GND
    Warning (13410): Pin "PC[10]" is stuck at GND
    Warning (13410): Pin "PC[11]" is stuck at GND
    Warning (13410): Pin "PC[12]" is stuck at GND
    Warning (13410): Pin "PC[13]" is stuck at GND
    Warning (13410): Pin "PC[14]" is stuck at GND
    Warning (13410): Pin "PC[15]" is stuck at GND
Info: Generated suppressed messages file C:/Documents and Settings/Greg Mefford/My Documents/My Dropbox/UC Stuff/VLSI System Design/git/vlsi681spring09/projects/LC3/LC3.map.smsg
Warning: Design contains 3 input pin(s) that do not drive logic
    Warning (15610): No output dependent on input pin "IR[5]"
    Warning (15610): No output dependent on input pin "IR[12]"
    Warning (15610): No output dependent on input pin "IR[13]"
Info: Implemented 778 device resources after synthesis - the final resource count might be different
    Info: Implemented 17 input pins
    Info: Implemented 71 output pins
    Info: Implemented 690 logic cells
Info: Quartus II Analysis & Synthesis was successful. 0 errors, 138 warnings
    Info: Peak virtual memory: 170 megabytes
    Info: Processing ended: Tue May 26 21:22:02 2009
    Info: Elapsed time: 00:00:09
    Info: Total CPU time (on all processors): 00:00:07


+------------------------------------------+
; Analysis & Synthesis Suppressed Messages ;
+------------------------------------------+
The suppressed messages can be found in C:/Documents and Settings/Greg Mefford/My Documents/My Dropbox/UC Stuff/VLSI System Design/git/vlsi681spring09/projects/LC3/LC3.map.smsg.


