Classic Timing Analyzer report for LC3
Sun May 17 16:05:14 2009
Quartus II Version 9.0 Build 132 02/25/2009 SJ Web Edition


---------------------
; Table of Contents ;
---------------------
  1. Legal Notice
  2. Timing Analyzer Summary
  3. Timing Analyzer Settings
  4. Clock Settings Summary
  5. Parallel Compilation
  6. Clock Setup: 'CLK'
  7. tco
  8. tpd
  9. Timing Analyzer Messages



----------------
; Legal Notice ;
----------------
Copyright (C) 1991-2009 Altera Corporation
Your use of Altera Corporation's design tools, logic functions 
and other software and tools, and its AMPP partner logic 
functions, and any output files from any of the foregoing 
(including device programming or simulation files), and any 
associated documentation or information are expressly subject 
to the terms and conditions of the Altera Program License 
Subscription Agreement, Altera MegaCore Function License 
Agreement, or other applicable license agreement, including, 
without limitation, that your use is for the sole purpose of 
programming logic devices manufactured by Altera and sold by 
Altera or its authorized distributors.  Please refer to the 
applicable agreement for further details.



+----------------------------------------------------------------------------------------------------------------------------------------------------------------------------------------------------------------------------------------------------------------------------------------------------------------------------------+
; Timing Analyzer Summary                                                                                                                                                                                                                                                                                                          ;
+------------------------------+-------+---------------+------------------------------------------------+-----------------------------------------------------------------------------------------+-----------------------------------------------------------------------------------------+------------+----------+--------------+
; Type                         ; Slack ; Required Time ; Actual Time                                    ; From                                                                                    ; To                                                                                      ; From Clock ; To Clock ; Failed Paths ;
+------------------------------+-------+---------------+------------------------------------------------+-----------------------------------------------------------------------------------------+-----------------------------------------------------------------------------------------+------------+----------+--------------+
; Worst-case tco               ; N/A   ; None          ; 7.551 ns                                       ; lpm_counter0:inst19|lpm_counter:lpm_counter_component|cntr_hci:auto_generated|safe_q[1] ; STAGE[1]                                                                                ; CLK        ; --       ; 0            ;
; Worst-case tpd               ; N/A   ; None          ; 14.132 ns                                      ; IR[13]                                                                                  ; ALU_CONTROL[2]                                                                          ; --         ; --       ; 0            ;
; Clock Setup: 'CLK'           ; N/A   ; None          ; Restricted to 275.03 MHz ( period = 3.636 ns ) ; lpm_counter0:inst19|lpm_counter:lpm_counter_component|cntr_hci:auto_generated|safe_q[0] ; lpm_counter0:inst19|lpm_counter:lpm_counter_component|cntr_hci:auto_generated|safe_q[1] ; CLK        ; CLK      ; 0            ;
; Total number of failed paths ;       ;               ;                                                ;                                                                                         ;                                                                                         ;            ;          ; 0            ;
+------------------------------+-------+---------------+------------------------------------------------+-----------------------------------------------------------------------------------------+-----------------------------------------------------------------------------------------+------------+----------+--------------+


+--------------------------------------------------------------------------------------------------------------------+
; Timing Analyzer Settings                                                                                           ;
+---------------------------------------------------------------------+--------------------+------+----+-------------+
; Option                                                              ; Setting            ; From ; To ; Entity Name ;
+---------------------------------------------------------------------+--------------------+------+----+-------------+
; Device Name                                                         ; EP1C6Q240C8        ;      ;    ;             ;
; Timing Models                                                       ; Final              ;      ;    ;             ;
; Default hold multicycle                                             ; Same as Multicycle ;      ;    ;             ;
; Cut paths between unrelated clock domains                           ; On                 ;      ;    ;             ;
; Cut off read during write signal paths                              ; On                 ;      ;    ;             ;
; Cut off feedback from I/O pins                                      ; On                 ;      ;    ;             ;
; Report Combined Fast/Slow Timing                                    ; Off                ;      ;    ;             ;
; Ignore Clock Settings                                               ; Off                ;      ;    ;             ;
; Analyze latches as synchronous elements                             ; On                 ;      ;    ;             ;
; Enable Recovery/Removal analysis                                    ; Off                ;      ;    ;             ;
; Enable Clock Latency                                                ; Off                ;      ;    ;             ;
; Use TimeQuest Timing Analyzer                                       ; Off                ;      ;    ;             ;
; Minimum Core Junction Temperature                                   ; 0                  ;      ;    ;             ;
; Maximum Core Junction Temperature                                   ; 85                 ;      ;    ;             ;
; Number of source nodes to report per destination node               ; 10                 ;      ;    ;             ;
; Number of destination nodes to report                               ; 10                 ;      ;    ;             ;
; Number of paths to report                                           ; 200                ;      ;    ;             ;
; Report Minimum Timing Checks                                        ; Off                ;      ;    ;             ;
; Use Fast Timing Models                                              ; Off                ;      ;    ;             ;
; Report IO Paths Separately                                          ; Off                ;      ;    ;             ;
; Perform Multicorner Analysis                                        ; Off                ;      ;    ;             ;
; Reports the worst-case path for each clock domain and analysis      ; Off                ;      ;    ;             ;
; Removes common clock path pessimism (CCPP) during slack computation ; Off                ;      ;    ;             ;
; Output I/O Timing Endpoint                                          ; Near End           ;      ;    ;             ;
+---------------------------------------------------------------------+--------------------+------+----+-------------+


+------------------------------------------------------------------------------------------------------------------------------------------------------------------------------------+
; Clock Settings Summary                                                                                                                                                             ;
+-----------------+--------------------+----------+------------------+---------------+--------------+----------+-----------------------+---------------------+--------+--------------+
; Clock Node Name ; Clock Setting Name ; Type     ; Fmax Requirement ; Early Latency ; Late Latency ; Based on ; Multiply Base Fmax by ; Divide Base Fmax by ; Offset ; Phase offset ;
+-----------------+--------------------+----------+------------------+---------------+--------------+----------+-----------------------+---------------------+--------+--------------+
; CLK             ;                    ; User Pin ; None             ; 0.000 ns      ; 0.000 ns     ; --       ; N/A                   ; N/A                 ; N/A    ;              ;
+-----------------+--------------------+----------+------------------+---------------+--------------+----------+-----------------------+---------------------+--------+--------------+


Parallel compilation was disabled, but you have multiple processors available. Enable parallel compilation to reduce compilation time.
+-------------------------------------+
; Parallel Compilation                ;
+----------------------------+--------+
; Processors                 ; Number ;
+----------------------------+--------+
; Number detected on machine ; 2      ;
; Maximum allowed            ; 1      ;
+----------------------------+--------+


+--------------------------------------------------------------------------------------------------------------------------------------------------------------------------------------------------------------------------------------------------------------------------------------------------------------------------------------------------------+
; Clock Setup: 'CLK'                                                                                                                                                                                                                                                                                                                                     ;
+-------+------------------------------------------------+-----------------------------------------------------------------------------------------+-----------------------------------------------------------------------------------------+------------+----------+-----------------------------+---------------------------+-------------------------+
; Slack ; Actual fmax (period)                           ; From                                                                                    ; To                                                                                      ; From Clock ; To Clock ; Required Setup Relationship ; Required Longest P2P Time ; Actual Longest P2P Time ;
+-------+------------------------------------------------+-----------------------------------------------------------------------------------------+-----------------------------------------------------------------------------------------+------------+----------+-----------------------------+---------------------------+-------------------------+
; N/A   ; Restricted to 275.03 MHz ( period = 3.636 ns ) ; lpm_counter0:inst19|lpm_counter:lpm_counter_component|cntr_hci:auto_generated|safe_q[0] ; lpm_counter0:inst19|lpm_counter:lpm_counter_component|cntr_hci:auto_generated|safe_q[1] ; CLK        ; CLK      ; None                        ; None                      ; 1.885 ns                ;
; N/A   ; Restricted to 275.03 MHz ( period = 3.636 ns ) ; lpm_counter0:inst19|lpm_counter:lpm_counter_component|cntr_hci:auto_generated|safe_q[0] ; lpm_counter0:inst19|lpm_counter:lpm_counter_component|cntr_hci:auto_generated|safe_q[0] ; CLK        ; CLK      ; None                        ; None                      ; 1.261 ns                ;
; N/A   ; Restricted to 275.03 MHz ( period = 3.636 ns ) ; lpm_counter0:inst19|lpm_counter:lpm_counter_component|cntr_hci:auto_generated|safe_q[1] ; lpm_counter0:inst19|lpm_counter:lpm_counter_component|cntr_hci:auto_generated|safe_q[1] ; CLK        ; CLK      ; None                        ; None                      ; 1.260 ns                ;
+-------+------------------------------------------------+-----------------------------------------------------------------------------------------+-----------------------------------------------------------------------------------------+------------+----------+-----------------------------+---------------------------+-------------------------+


+-----------------------------------------------------------------------------------------------------------------------------------------------------+
; tco                                                                                                                                                 ;
+-------+--------------+------------+-----------------------------------------------------------------------------------------+----------+------------+
; Slack ; Required tco ; Actual tco ; From                                                                                    ; To       ; From Clock ;
+-------+--------------+------------+-----------------------------------------------------------------------------------------+----------+------------+
; N/A   ; None         ; 7.551 ns   ; lpm_counter0:inst19|lpm_counter:lpm_counter_component|cntr_hci:auto_generated|safe_q[1] ; STAGE[1] ; CLK        ;
; N/A   ; None         ; 7.543 ns   ; lpm_counter0:inst19|lpm_counter:lpm_counter_component|cntr_hci:auto_generated|safe_q[0] ; STAGE[0] ; CLK        ;
+-------+--------------+------------+-----------------------------------------------------------------------------------------+----------+------------+


+-----------------------------------------------------------------------+
; tpd                                                                   ;
+-------+-------------------+-----------------+--------+----------------+
; Slack ; Required P2P Time ; Actual P2P Time ; From   ; To             ;
+-------+-------------------+-----------------+--------+----------------+
; N/A   ; None              ; 14.132 ns       ; IR[13] ; ALU_CONTROL[2] ;
; N/A   ; None              ; 13.947 ns       ; IR[14] ; ALU_CONTROL[2] ;
; N/A   ; None              ; 13.348 ns       ; IR[13] ; ALU_CONTROL[1] ;
; N/A   ; None              ; 13.344 ns       ; IR[13] ; ALU_CONTROL[0] ;
; N/A   ; None              ; 13.204 ns       ; IR[15] ; ALU_CONTROL[2] ;
; N/A   ; None              ; 12.746 ns       ; IR[12] ; ALU_CONTROL[2] ;
; N/A   ; None              ; 12.682 ns       ; IR[14] ; ALU_CONTROL[1] ;
; N/A   ; None              ; 12.674 ns       ; IR[14] ; ALU_CONTROL[0] ;
; N/A   ; None              ; 12.182 ns       ; IR[3]  ; ALU_CONTROL[0] ;
; N/A   ; None              ; 11.357 ns       ; IR[12] ; ALU_CONTROL[1] ;
; N/A   ; None              ; 11.353 ns       ; IR[12] ; ALU_CONTROL[0] ;
; N/A   ; None              ; 11.344 ns       ; IR[15] ; ALU_CONTROL[1] ;
; N/A   ; None              ; 11.336 ns       ; IR[15] ; ALU_CONTROL[0] ;
; N/A   ; None              ; 10.710 ns       ; IR[4]  ; ALU_CONTROL[1] ;
+-------+-------------------+-----------------+--------+----------------+


+--------------------------+
; Timing Analyzer Messages ;
+--------------------------+
Info: *******************************************************************
Info: Running Quartus II Classic Timing Analyzer
    Info: Version 9.0 Build 132 02/25/2009 SJ Web Edition
    Info: Processing started: Sun May 17 16:05:14 2009
Info: Command: quartus_tan --read_settings_files=off --write_settings_files=off LC3 -c LC3 --timing_analysis_only
Warning: Found pins functioning as undefined clocks and/or memory enables
    Info: Assuming node "CLK" is an undefined clock
Info: Clock "CLK" Internal fmax is restricted to 275.03 MHz between source register "lpm_counter0:inst19|lpm_counter:lpm_counter_component|cntr_hci:auto_generated|safe_q[0]" and destination register "lpm_counter0:inst19|lpm_counter:lpm_counter_component|cntr_hci:auto_generated|safe_q[1]"
    Info: fmax restricted to Clock High delay (1.818 ns) plus Clock Low delay (1.818 ns) : restricted to 3.636 ns. Expand message to see actual delay path.
        Info: + Longest register to register delay is 1.885 ns
            Info: 1: + IC(0.000 ns) + CELL(0.000 ns) = 0.000 ns; Loc. = LC_X16_Y10_N1; Fanout = 4; REG Node = 'lpm_counter0:inst19|lpm_counter:lpm_counter_component|cntr_hci:auto_generated|safe_q[0]'
            Info: 2: + IC(0.523 ns) + CELL(0.575 ns) = 1.098 ns; Loc. = LC_X16_Y10_N1; Fanout = 1; COMB Node = 'lpm_counter0:inst19|lpm_counter:lpm_counter_component|cntr_hci:auto_generated|counter_cella0~COUTCOUT1_3'
            Info: 3: + IC(0.000 ns) + CELL(0.787 ns) = 1.885 ns; Loc. = LC_X16_Y10_N2; Fanout = 2; REG Node = 'lpm_counter0:inst19|lpm_counter:lpm_counter_component|cntr_hci:auto_generated|safe_q[1]'
            Info: Total cell delay = 1.362 ns ( 72.25 % )
            Info: Total interconnect delay = 0.523 ns ( 27.75 % )
        Info: - Smallest clock skew is 0.000 ns
            Info: + Shortest clock path from clock "CLK" to destination register is 2.925 ns
                Info: 1: + IC(0.000 ns) + CELL(1.469 ns) = 1.469 ns; Loc. = PIN_29; Fanout = 2; CLK Node = 'CLK'
                Info: 2: + IC(0.745 ns) + CELL(0.711 ns) = 2.925 ns; Loc. = LC_X16_Y10_N2; Fanout = 2; REG Node = 'lpm_counter0:inst19|lpm_counter:lpm_counter_component|cntr_hci:auto_generated|safe_q[1]'
                Info: Total cell delay = 2.180 ns ( 74.53 % )
                Info: Total interconnect delay = 0.745 ns ( 25.47 % )
            Info: - Longest clock path from clock "CLK" to source register is 2.925 ns
                Info: 1: + IC(0.000 ns) + CELL(1.469 ns) = 1.469 ns; Loc. = PIN_29; Fanout = 2; CLK Node = 'CLK'
                Info: 2: + IC(0.745 ns) + CELL(0.711 ns) = 2.925 ns; Loc. = LC_X16_Y10_N1; Fanout = 4; REG Node = 'lpm_counter0:inst19|lpm_counter:lpm_counter_component|cntr_hci:auto_generated|safe_q[0]'
                Info: Total cell delay = 2.180 ns ( 74.53 % )
                Info: Total interconnect delay = 0.745 ns ( 25.47 % )
        Info: + Micro clock to output delay of source is 0.224 ns
        Info: + Micro setup delay of destination is 0.037 ns
Info: tco from clock "CLK" to destination pin "STAGE[1]" through register "lpm_counter0:inst19|lpm_counter:lpm_counter_component|cntr_hci:auto_generated|safe_q[1]" is 7.551 ns
    Info: + Longest clock path from clock "CLK" to source register is 2.925 ns
        Info: 1: + IC(0.000 ns) + CELL(1.469 ns) = 1.469 ns; Loc. = PIN_29; Fanout = 2; CLK Node = 'CLK'
        Info: 2: + IC(0.745 ns) + CELL(0.711 ns) = 2.925 ns; Loc. = LC_X16_Y10_N2; Fanout = 2; REG Node = 'lpm_counter0:inst19|lpm_counter:lpm_counter_component|cntr_hci:auto_generated|safe_q[1]'
        Info: Total cell delay = 2.180 ns ( 74.53 % )
        Info: Total interconnect delay = 0.745 ns ( 25.47 % )
    Info: + Micro clock to output delay of source is 0.224 ns
    Info: + Longest register to pin delay is 4.402 ns
        Info: 1: + IC(0.000 ns) + CELL(0.000 ns) = 0.000 ns; Loc. = LC_X16_Y10_N2; Fanout = 2; REG Node = 'lpm_counter0:inst19|lpm_counter:lpm_counter_component|cntr_hci:auto_generated|safe_q[1]'
        Info: 2: + IC(2.294 ns) + CELL(2.108 ns) = 4.402 ns; Loc. = PIN_87; Fanout = 0; PIN Node = 'STAGE[1]'
        Info: Total cell delay = 2.108 ns ( 47.89 % )
        Info: Total interconnect delay = 2.294 ns ( 52.11 % )
Info: Longest tpd from source pin "IR[13]" to destination pin "ALU_CONTROL[2]" is 14.132 ns
    Info: 1: + IC(0.000 ns) + CELL(1.475 ns) = 1.475 ns; Loc. = PIN_195; Fanout = 2; PIN Node = 'IR[13]'
    Info: 2: + IC(6.789 ns) + CELL(0.292 ns) = 8.556 ns; Loc. = LC_X28_Y3_N2; Fanout = 1; COMB Node = 'control:inst14|Mux0~0'
    Info: 3: + IC(3.452 ns) + CELL(2.124 ns) = 14.132 ns; Loc. = PIN_55; Fanout = 0; PIN Node = 'ALU_CONTROL[2]'
    Info: Total cell delay = 3.891 ns ( 27.53 % )
    Info: Total interconnect delay = 10.241 ns ( 72.47 % )
Info: Quartus II Classic Timing Analyzer was successful. 0 errors, 1 warning
    Info: Peak virtual memory: 129 megabytes
    Info: Processing ended: Sun May 17 16:05:14 2009
    Info: Elapsed time: 00:00:00
    Info: Total CPU time (on all processors): 00:00:00


