Flow report for Report1
Fri Apr 10 07:18:36 2009
Quartus II Version 9.0 Build 132 02/25/2009 SJ Web Edition


---------------------
; Table of Contents ;
---------------------
  1. Legal Notice
  2. Flow Summary
  3. Flow Settings
  4. Flow Non-Default Global Settings
  5. Flow Elapsed Time
  6. Flow OS Summary
  7. Flow Log



----------------
; Legal Notice ;
----------------
Copyright (C) 1991-2009 Altera Corporation
Your use of Altera Corporation's design tools, logic functions 
and other software and tools, and its AMPP partner logic 
functions, and any output files from any of the foregoing 
(including device programming or simulation files), and any 
associated documentation or information are expressly subject 
to the terms and conditions of the Altera Program License 
Subscription Agreement, Altera MegaCore Function License 
Agreement, or other applicable license agreement, including, 
without limitation, that your use is for the sole purpose of 
programming logic devices manufactured by Altera and sold by 
Altera or its authorized distributors.  Please refer to the 
applicable agreement for further details.



+-------------------------------------------------------------------+
; Flow Summary                                                      ;
+-------------------------+-----------------------------------------+
; Flow Status             ; Successful - Fri Apr 10 07:18:36 2009   ;
; Quartus II Version      ; 9.0 Build 132 02/25/2009 SJ Web Edition ;
; Revision Name           ; Report1                                 ;
; Top-level Entity Name   ; ADD4                                    ;
; Family                  ; Cyclone                                 ;
; Device                  ; EP1C6Q240C8                             ;
; Timing Models           ; Final                                   ;
; Met timing requirements ; Yes                                     ;
; Total logic elements    ; 8 / 5,980 ( < 1 % )                     ;
; Total pins              ; 14 / 185 ( 8 % )                        ;
; Total virtual pins      ; 0                                       ;
; Total memory bits       ; 0 / 92,160 ( 0 % )                      ;
; Total PLLs              ; 0 / 2 ( 0 % )                           ;
+-------------------------+-----------------------------------------+


+-----------------------------------------+
; Flow Settings                           ;
+-------------------+---------------------+
; Option            ; Setting             ;
+-------------------+---------------------+
; Start date & time ; 04/10/2009 07:17:38 ;
; Main task         ; Compilation         ;
; Revision Name     ; Report1             ;
+-------------------+---------------------+


+----------------------------------------------------------------------------------------------------------------------------------------------------+
; Flow Non-Default Global Settings                                                                                                                   ;
+------------------------------------+----------------------------------------------------------------+---------------+-------------+----------------+
; Assignment Name                    ; Value                                                          ; Default Value ; Entity Name ; Section Id     ;
+------------------------------------+----------------------------------------------------------------+---------------+-------------+----------------+
; COMPILER_SIGNATURE_ID              ; 83520206528.123936225702984                                    ; --            ; --          ; --             ;
; MAX_CORE_JUNCTION_TEMP             ; 85                                                             ; --            ; --          ; --             ;
; MIN_CORE_JUNCTION_TEMP             ; 0                                                              ; --            ; --          ; --             ;
; MISC_FILE                          ; C:/Documents and Settings/mefforga/Desktop/VLSI681/Report1.dpf ; --            ; --          ; --             ;
; PARTITION_COLOR                    ; 16764057                                                       ; --            ; ADD4        ; Top            ;
; PARTITION_NETLIST_TYPE             ; SOURCE                                                         ; --            ; ADD4        ; Top            ;
; TOP_LEVEL_ENTITY                   ; ADD4                                                           ; Report1       ; --          ; --             ;
; USE_GENERATED_PHYSICAL_CONSTRAINTS ; Off                                                            ; --            ; --          ; eda_blast_fpga ;
+------------------------------------+----------------------------------------------------------------+---------------+-------------+----------------+


+-----------------------------------------------------------------------------------------------------------------------------+
; Flow Elapsed Time                                                                                                           ;
+-------------------------+--------------+-------------------------+---------------------+------------------------------------+
; Module Name             ; Elapsed Time ; Average Processors Used ; Peak Virtual Memory ; Total CPU Time (on all processors) ;
+-------------------------+--------------+-------------------------+---------------------+------------------------------------+
; Analysis & Synthesis    ; 00:00:03     ; 1.0                     ; 163 MB              ; 00:00:01                           ;
; Fitter                  ; 00:00:04     ; 1.0                     ; 173 MB              ; 00:00:02                           ;
; Assembler               ; 00:00:04     ; 1.0                     ; 153 MB              ; 00:00:03                           ;
; Classic Timing Analyzer ; 00:00:00     ; 1.0                     ; 116 MB              ; 00:00:00                           ;
; Total                   ; 00:00:11     ; --                      ; --                  ; 00:00:06                           ;
+-------------------------+--------------+-------------------------+---------------------+------------------------------------+


+---------------------------------------------------------------------------------------+
; Flow OS Summary                                                                       ;
+-------------------------+------------------+------------+------------+----------------+
; Module Name             ; Machine Hostname ; OS Name    ; OS Version ; Processor type ;
+-------------------------+------------------+------------+------------+----------------+
; Analysis & Synthesis    ; dump-truck       ; Windows XP ; 5.1        ; i1586          ;
; Fitter                  ; dump-truck       ; Windows XP ; 5.1        ; i1586          ;
; Assembler               ; dump-truck       ; Windows XP ; 5.1        ; i1586          ;
; Classic Timing Analyzer ; dump-truck       ; Windows XP ; 5.1        ; i1586          ;
+-------------------------+------------------+------------+------------+----------------+


------------
; Flow Log ;
------------
quartus_map --read_settings_files=on --write_settings_files=off Report1 -c Report1
quartus_fit --read_settings_files=off --write_settings_files=off Report1 -c Report1
quartus_asm --read_settings_files=off --write_settings_files=off Report1 -c Report1
quartus_tan --read_settings_files=off --write_settings_files=off Report1 -c Report1 --timing_analysis_only



